

state: succeeded
commit: c0f1328846bc2d8184c48d405b3941e4498822a3
docker_image_id: sha256:5a4bb3ecd807de29a18a01ffae01739415778f0b770cbd43d7140bb0017306f1
job_id: gzn2ngfvh22lkriz
run_by_user: angelwong121
created_at: 2021-03-01T11:44:56Z
started_at: 2021-03-01T20:43:32Z
completed_at: 2021-03-01T20:55:02Z

Completed successfully

outputs:
  output/oac_log/08a_an_model_checks_admitcovid.log               - moderately_sensitive
  output/oac_tabfig/admitcovid_schoenplot1.svg                    - moderately_sensitive
  output/oac_tabfig/admitcovid_schoenplot1_completecase.svg       - moderately_sensitive
  output/oac_tabfig/admitcovid_schoenplot2.svg                    - moderately_sensitive
  output/oac_tabfig/admitcovid_schoenplot2_completecase.svg       - moderately_sensitive
  output/oac_tabfig/admitcovid_schoenplot3.svg                    - moderately_sensitive
  output/oac_tabfig/admitcovid_schoenplot3_completecase.svg       - moderately_sensitive
  output/oac_tabfig/admitcovid_schoenplot3_completecase_ethn.svg  - moderately_sensitive
  output/oac_tabfig/admitcovid_schoenplot4.svg                    - moderately_sensitive
  output/oac_tabfig/admitcovid_schoenplot4_completecase.svg       - moderately_sensitive
  output/oac_tabfig/admitcovid_schoenplot4_completecase_ethn.svg  - moderately_sensitive
  output/oac_tabfig/table5_admitcovid.txt                         - moderately_sensitive
  output/oac_tabfig/table6_admitcovid.txt                         - moderately_sensitive