

state: succeeded
commit: c0f1328846bc2d8184c48d405b3941e4498822a3
docker_image_id: sha256:5a4bb3ecd807de29a18a01ffae01739415778f0b770cbd43d7140bb0017306f1
job_id: teb6gl24s3wamov5
run_by_user: angelwong121
created_at: 2021-03-01T11:44:56Z
started_at: 2021-03-01T21:04:39Z
completed_at: 2021-03-01T21:29:13Z

Completed successfully

outputs:
  output/warfarin_log/08b_an_model_checks_onsnoncoviddeath.log               - moderately_sensitive
  output/warfarin_tabfig/onsnoncoviddeath_schoenplot1.svg                    - moderately_sensitive
  output/warfarin_tabfig/onsnoncoviddeath_schoenplot1_completecase.svg       - moderately_sensitive
  output/warfarin_tabfig/onsnoncoviddeath_schoenplot2.svg                    - moderately_sensitive
  output/warfarin_tabfig/onsnoncoviddeath_schoenplot2_completecase.svg       - moderately_sensitive
  output/warfarin_tabfig/onsnoncoviddeath_schoenplot3.svg                    - moderately_sensitive
  output/warfarin_tabfig/onsnoncoviddeath_schoenplot3_completecase.svg       - moderately_sensitive
  output/warfarin_tabfig/onsnoncoviddeath_schoenplot3_completecase_ethn.svg  - moderately_sensitive
  output/warfarin_tabfig/onsnoncoviddeath_schoenplot4.svg                    - moderately_sensitive
  output/warfarin_tabfig/onsnoncoviddeath_schoenplot4_completecase.svg       - moderately_sensitive
  output/warfarin_tabfig/onsnoncoviddeath_schoenplot4_completecase_ethn.svg  - moderately_sensitive
  output/warfarin_tabfig/table5_onsnoncoviddeath.txt                         - moderately_sensitive
  output/warfarin_tabfig/table6_onsnoncoviddeath.txt                         - moderately_sensitive