

state: succeeded
commit: c0f1328846bc2d8184c48d405b3941e4498822a3
docker_image_id: sha256:5a4bb3ecd807de29a18a01ffae01739415778f0b770cbd43d7140bb0017306f1
job_id: wfuatfwtnge7z7nq
run_by_user: angelwong121
created_at: 2021-03-01T11:44:57Z
started_at: 2021-03-02T06:08:13Z
completed_at: 2021-03-02T06:32:24Z

Completed successfully

outputs:
  output/oac_match_log/08c_an_model_checks_onscoviddeath.log               - moderately_sensitive
  output/oac_match_tabfig/onscoviddeath_schoenplot1.svg                    - moderately_sensitive
  output/oac_match_tabfig/onscoviddeath_schoenplot1_completecase.svg       - moderately_sensitive
  output/oac_match_tabfig/onscoviddeath_schoenplot2.svg                    - moderately_sensitive
  output/oac_match_tabfig/onscoviddeath_schoenplot2_completecase.svg       - moderately_sensitive
  output/oac_match_tabfig/onscoviddeath_schoenplot3.svg                    - moderately_sensitive
  output/oac_match_tabfig/onscoviddeath_schoenplot3_completecase.svg       - moderately_sensitive
  output/oac_match_tabfig/onscoviddeath_schoenplot3_completecase_ethn.svg  - moderately_sensitive
  output/oac_match_tabfig/onscoviddeath_schoenplot4.svg                    - moderately_sensitive
  output/oac_match_tabfig/onscoviddeath_schoenplot4_completecase.svg       - moderately_sensitive
  output/oac_match_tabfig/onscoviddeath_schoenplot4_completecase_ethn.svg  - moderately_sensitive
  output/oac_match_tabfig/table5_onscoviddeath.txt                         - moderately_sensitive
  output/oac_match_tabfig/table6_onscoviddeath.txt                         - moderately_sensitive