2021-03-01T11:45:12.568926000Z 2021-03-01 11:45:12 [info     ] Generating cohort for study_definition_af in output [cohortextractor.cohortextractor] 
2021-03-01T11:45:13.112306500Z 2021-03-01 11:45:13 [info     ] Checking for existing results in 'OPENCoronaTempTables..DataExtract_9620ad8234a4865abc3e8899c75838be4022bb80' [cohortextractor.tpp_backend] 
2021-03-01T11:45:13.214269500Z 2021-03-01 11:45:13 [info     ] No existing results found, running queries to generate new results [cohortextractor.tpp_backend] 
2021-03-01T11:45:13.270240200Z 2021-03-01 11:45:13 [info     ] Running: Query for dereg_date  [cohortextractor.tpp_backend] 
2021-03-01T11:45:20.075354900Z 2021-03-01 11:45:20 [info     ] Running: Uploading codelist for af [cohortextractor.tpp_backend] 
2021-03-01T11:45:20.103750100Z 2021-03-01 11:45:20 [info     ] Running: Query for af          [cohortextractor.tpp_backend] 
2021-03-01T11:45:21.404088800Z 2021-03-01 11:45:21 [info     ] Running: Uploading codelist for valvular_AF [cohortextractor.tpp_backend] 
2021-03-01T11:45:21.437218900Z 2021-03-01 11:45:21 [info     ] Running: Query for valvular_AF [cohortextractor.tpp_backend] 
2021-03-01T11:45:21.556555600Z 2021-03-01 11:45:21 [info     ] Running: Uploading codelist for antiphospholipid_syndrome [cohortextractor.tpp_backend] 
2021-03-01T11:45:21.585459800Z 2021-03-01 11:45:21 [info     ] Running: Query for antiphospholipid_syndrome [cohortextractor.tpp_backend] 
2021-03-01T11:45:21.626380900Z 2021-03-01 11:45:21 [info     ] Running: Query for died_ons_covid_flag_any [cohortextractor.tpp_backend] 
2021-03-01T11:45:21.755343600Z 2021-03-01 11:45:21 [info     ] Running: Query for died_ons_covid_flag_underlying [cohortextractor.tpp_backend] 
2021-03-01T11:45:21.853673200Z 2021-03-01 11:45:21 [info     ] Running: Query for died_date_ons [cohortextractor.tpp_backend] 
2021-03-01T11:45:22.104995400Z 2021-03-01 11:45:22 [info     ] Running: Query for first_tested_for_covid [cohortextractor.tpp_backend] 
2021-03-01T11:45:29.071552900Z 2021-03-01 11:45:29 [info     ] Running: Query for first_positive_test_date [cohortextractor.tpp_backend] 
2021-03-01T11:45:30.044340500Z 2021-03-01 11:45:30 [info     ] Running: Query for covid_admission_date [cohortextractor.tpp_backend] 
2021-03-01T11:45:32.730585500Z 2021-03-01 11:45:32 [info     ] Running: Query for covid_admission_primary_dx [cohortextractor.tpp_backend] 
2021-03-01T11:45:35.626869100Z 2021-03-01 11:45:35 [info     ] Running: Query for mi_date_ons [cohortextractor.tpp_backend] 
2021-03-01T11:45:35.667271100Z 2021-03-01 11:45:35 [info     ] Running: Query for stroke_date_ons [cohortextractor.tpp_backend] 
2021-03-01T11:45:35.702982000Z 2021-03-01 11:45:35 [info     ] Running: Query for vte_date_ons [cohortextractor.tpp_backend] 
2021-03-01T11:45:35.737194400Z 2021-03-01 11:45:35 [info     ] Running: Query for gi_bleed_date_ons [cohortextractor.tpp_backend] 
2021-03-01T11:45:35.770404600Z 2021-03-01 11:45:35 [info     ] Running: Query for intracranial_bleed_date_ons [cohortextractor.tpp_backend] 
2021-03-01T11:45:35.815651500Z 2021-03-01 11:45:35 [info     ] Running: Uploading codelist for lmwh_last_four_months [cohortextractor.tpp_backend] 
2021-03-01T11:45:35.846457400Z 2021-03-01 11:45:35 [info     ] Running: Query for lmwh_last_four_months [cohortextractor.tpp_backend] 
2021-03-01T11:45:59.229206900Z 2021-03-01 11:45:59 [info     ] Running: Uploading codelist for warfarin_last_four_months [cohortextractor.tpp_backend] 
2021-03-01T11:45:59.263849500Z 2021-03-01 11:45:59 [info     ] Running: Query for warfarin_last_four_months [cohortextractor.tpp_backend] 
2021-03-01T11:46:15.141284200Z 2021-03-01 11:46:15 [info     ] Running: Uploading codelist for doac_last_four_months [cohortextractor.tpp_backend] 
2021-03-01T11:46:15.170980000Z 2021-03-01 11:46:15 [info     ] Running: Query for doac_last_four_months [cohortextractor.tpp_backend] 
2021-03-01T11:46:56.026605100Z 2021-03-01 11:46:56 [info     ] Running: Uploading codelist for warfarin_march_first [cohortextractor.tpp_backend] 
2021-03-01T11:46:56.062212500Z 2021-03-01 11:46:56 [info     ] Running: Query for warfarin_march_first [cohortextractor.tpp_backend] 
2021-03-01T11:47:11.235746200Z 2021-03-01 11:47:11 [info     ] Running: Uploading codelist for doac_march_first [cohortextractor.tpp_backend] 
2021-03-01T11:47:11.266541100Z 2021-03-01 11:47:11 [info     ] Running: Query for doac_march_first [cohortextractor.tpp_backend] 
2021-03-01T11:47:44.371902900Z 2021-03-01 11:47:44 [info     ] Running: Uploading codelist for warfarin_march_last [cohortextractor.tpp_backend] 
2021-03-01T11:47:44.406993900Z 2021-03-01 11:47:44 [info     ] Running: Query for warfarin_march_last [cohortextractor.tpp_backend] 
2021-03-01T11:47:59.808095000Z 2021-03-01 11:47:59 [info     ] Running: Uploading codelist for doac_march_last [cohortextractor.tpp_backend] 
2021-03-01T11:47:59.837414600Z 2021-03-01 11:47:59 [info     ] Running: Query for doac_march_last [cohortextractor.tpp_backend] 
2021-03-01T11:48:33.496764400Z 2021-03-01 11:48:33 [info     ] Running: Uploading codelist for warfarin_apr_first [cohortextractor.tpp_backend] 
2021-03-01T11:48:33.531087500Z 2021-03-01 11:48:33 [info     ] Running: Query for warfarin_apr_first [cohortextractor.tpp_backend] 
2021-03-01T11:48:48.448777900Z 2021-03-01 11:48:48 [info     ] Running: Uploading codelist for doac_apr_first [cohortextractor.tpp_backend] 
2021-03-01T11:48:48.478299200Z 2021-03-01 11:48:48 [info     ] Running: Query for doac_apr_first [cohortextractor.tpp_backend] 
2021-03-01T11:49:21.555438500Z 2021-03-01 11:49:21 [info     ] Running: Uploading codelist for warfarin_apr_last [cohortextractor.tpp_backend] 
2021-03-01T11:49:21.589202400Z 2021-03-01 11:49:21 [info     ] Running: Query for warfarin_apr_last [cohortextractor.tpp_backend] 
2021-03-01T11:49:36.585195700Z 2021-03-01 11:49:36 [info     ] Running: Uploading codelist for doac_apr_last [cohortextractor.tpp_backend] 
2021-03-01T11:49:36.614579800Z 2021-03-01 11:49:36 [info     ] Running: Query for doac_apr_last [cohortextractor.tpp_backend] 
2021-03-01T11:50:09.802658200Z 2021-03-01 11:50:09 [info     ] Running: Uploading codelist for warfarin_may_first [cohortextractor.tpp_backend] 
2021-03-01T11:50:09.836634800Z 2021-03-01 11:50:09 [info     ] Running: Query for warfarin_may_first [cohortextractor.tpp_backend] 
2021-03-01T11:50:24.680317300Z 2021-03-01 11:50:24 [info     ] Running: Uploading codelist for doac_may_first [cohortextractor.tpp_backend] 
2021-03-01T11:50:24.713281600Z 2021-03-01 11:50:24 [info     ] Running: Query for doac_may_first [cohortextractor.tpp_backend] 
2021-03-01T11:50:59.565604000Z 2021-03-01 11:50:59 [info     ] Running: Uploading codelist for warfarin_may_last [cohortextractor.tpp_backend] 
2021-03-01T11:50:59.599883600Z 2021-03-01 11:50:59 [info     ] Running: Query for warfarin_may_last [cohortextractor.tpp_backend] 
2021-03-01T11:51:14.400401900Z 2021-03-01 11:51:14 [info     ] Running: Uploading codelist for doac_may_last [cohortextractor.tpp_backend] 
2021-03-01T11:51:14.429931000Z 2021-03-01 11:51:14 [info     ] Running: Query for doac_may_last [cohortextractor.tpp_backend] 
2021-03-01T11:51:48.023542400Z 2021-03-01 11:51:48 [info     ] Running: Uploading codelist for warfarin_jun_first [cohortextractor.tpp_backend] 
2021-03-01T11:51:48.059083200Z 2021-03-01 11:51:48 [info     ] Running: Query for warfarin_jun_first [cohortextractor.tpp_backend] 
2021-03-01T11:52:03.179028600Z 2021-03-01 11:52:03 [info     ] Running: Uploading codelist for doac_jun_first [cohortextractor.tpp_backend] 
2021-03-01T11:52:03.208493900Z 2021-03-01 11:52:03 [info     ] Running: Query for doac_jun_first [cohortextractor.tpp_backend] 
2021-03-01T11:52:38.793629000Z 2021-03-01 11:52:38 [info     ] Running: Uploading codelist for warfarin_jun_last [cohortextractor.tpp_backend] 
2021-03-01T11:52:38.828438800Z 2021-03-01 11:52:38 [info     ] Running: Query for warfarin_jun_last [cohortextractor.tpp_backend] 
2021-03-01T11:52:53.732768600Z 2021-03-01 11:52:53 [info     ] Running: Uploading codelist for doac_jun_last [cohortextractor.tpp_backend] 
2021-03-01T11:52:53.764092200Z 2021-03-01 11:52:53 [info     ] Running: Query for doac_jun_last [cohortextractor.tpp_backend] 
2021-03-01T11:53:27.124241800Z 2021-03-01 11:53:27 [info     ] Running: Uploading codelist for warfarin_jul_first [cohortextractor.tpp_backend] 
2021-03-01T11:53:27.160585200Z 2021-03-01 11:53:27 [info     ] Running: Query for warfarin_jul_first [cohortextractor.tpp_backend] 
2021-03-01T11:53:42.047396900Z 2021-03-01 11:53:42 [info     ] Running: Uploading codelist for doac_jul_first [cohortextractor.tpp_backend] 
2021-03-01T11:53:42.078185300Z 2021-03-01 11:53:42 [info     ] Running: Query for doac_jul_first [cohortextractor.tpp_backend] 
2021-03-01T11:54:15.276794700Z 2021-03-01 11:54:15 [info     ] Running: Uploading codelist for warfarin_jul_last [cohortextractor.tpp_backend] 
2021-03-01T11:54:15.312673500Z 2021-03-01 11:54:15 [info     ] Running: Query for warfarin_jul_last [cohortextractor.tpp_backend] 
2021-03-01T11:54:30.186527400Z 2021-03-01 11:54:30 [info     ] Running: Uploading codelist for doac_jul_last [cohortextractor.tpp_backend] 
2021-03-01T11:54:30.217450500Z 2021-03-01 11:54:30 [info     ] Running: Query for doac_jul_last [cohortextractor.tpp_backend] 
2021-03-01T11:55:03.247304000Z 2021-03-01 11:55:03 [info     ] Running: Uploading codelist for warfarin_aug_first [cohortextractor.tpp_backend] 
2021-03-01T11:55:03.281073100Z 2021-03-01 11:55:03 [info     ] Running: Query for warfarin_aug_first [cohortextractor.tpp_backend] 
2021-03-01T11:55:18.186295200Z 2021-03-01 11:55:18 [info     ] Running: Uploading codelist for doac_aug_first [cohortextractor.tpp_backend] 
2021-03-01T11:55:18.215675200Z 2021-03-01 11:55:18 [info     ] Running: Query for doac_aug_first [cohortextractor.tpp_backend] 
2021-03-01T11:55:51.621551800Z 2021-03-01 11:55:51 [info     ] Running: Uploading codelist for warfarin_aug_last [cohortextractor.tpp_backend] 
2021-03-01T11:55:51.655464200Z 2021-03-01 11:55:51 [info     ] Running: Query for warfarin_aug_last [cohortextractor.tpp_backend] 
2021-03-01T11:56:06.632139600Z 2021-03-01 11:56:06 [info     ] Running: Uploading codelist for doac_aug_last [cohortextractor.tpp_backend] 
2021-03-01T11:56:06.662031200Z 2021-03-01 11:56:06 [info     ] Running: Query for doac_aug_last [cohortextractor.tpp_backend] 
2021-03-01T11:56:39.906633300Z 2021-03-01 11:56:39 [info     ] Running: Uploading codelist for warfarin_sep_first [cohortextractor.tpp_backend] 
2021-03-01T11:56:39.941430500Z 2021-03-01 11:56:39 [info     ] Running: Query for warfarin_sep_first [cohortextractor.tpp_backend] 
2021-03-01T11:56:55.042378400Z 2021-03-01 11:56:55 [info     ] Running: Uploading codelist for doac_sep_first [cohortextractor.tpp_backend] 
2021-03-01T11:56:55.073660400Z 2021-03-01 11:56:55 [info     ] Running: Query for doac_sep_first [cohortextractor.tpp_backend] 
2021-03-01T11:57:28.303410300Z 2021-03-01 11:57:28 [info     ] Running: Uploading codelist for warfarin_sep_last [cohortextractor.tpp_backend] 
2021-03-01T11:57:28.337378600Z 2021-03-01 11:57:28 [info     ] Running: Query for warfarin_sep_last [cohortextractor.tpp_backend] 
2021-03-01T11:57:43.387616700Z 2021-03-01 11:57:43 [info     ] Running: Uploading codelist for doac_sep_last [cohortextractor.tpp_backend] 
2021-03-01T11:57:43.417085400Z 2021-03-01 11:57:43 [info     ] Running: Query for doac_sep_last [cohortextractor.tpp_backend] 
2021-03-01T11:58:16.639670600Z 2021-03-01 11:58:16 [info     ] Running: Query for age         [cohortextractor.tpp_backend] 
2021-03-01T11:58:33.545117200Z 2021-03-01 11:58:33 [info     ] Running: Query for sex         [cohortextractor.tpp_backend] 
2021-03-01T11:58:40.805903300Z 2021-03-01 11:58:40 [info     ] Running: Query for bmi         [cohortextractor.tpp_backend] 
2021-03-01T12:01:18.167923000Z 2021-03-01 12:01:18 [info     ] Running: Query for stp         [cohortextractor.tpp_backend] 
2021-03-01T12:01:35.218874500Z 2021-03-01 12:01:35 [info     ] Running: Query for msoa        [cohortextractor.tpp_backend] 
2021-03-01T12:01:52.353417000Z 2021-03-01 12:01:52 [info     ] Running: Query for practice_id [cohortextractor.tpp_backend] 
2021-03-01T12:02:07.543908300Z 2021-03-01 12:02:07 [info     ] Running: Query for care_home_type [cohortextractor.tpp_backend] 
2021-03-01T12:02:32.745397500Z 2021-03-01 12:02:32 [info     ] Running: Query for imd         [cohortextractor.tpp_backend] 
2021-03-01T12:02:56.494258000Z 2021-03-01 12:02:56 [info     ] Running: Uploading codelist for ethnicity [cohortextractor.tpp_backend] 
2021-03-01T12:02:56.534026300Z 2021-03-01 12:02:56 [info     ] Running: Query for ethnicity   [cohortextractor.tpp_backend] 
2021-03-01T13:02:54.202433600Z 2021-03-01 13:02:54 [info     ] Running: Uploading codelist for most_recent_smoking_code [cohortextractor.tpp_backend] 
2021-03-01T13:02:54.235750000Z 2021-03-01 13:02:54 [info     ] Running: Query for most_recent_smoking_code [cohortextractor.tpp_backend] 
2021-03-01T14:17:48.037566600Z 2021-03-01 14:17:48 [info     ] Running: Uploading codelist for ever_smoked [cohortextractor.tpp_backend] 
2021-03-01T14:17:48.070042200Z 2021-03-01 14:17:48 [info     ] Running: Query for ever_smoked [cohortextractor.tpp_backend] 
2021-03-01T14:18:06.708309500Z 2021-03-01 14:18:06 [info     ] Running: Uploading codelist for smoking_status_date [cohortextractor.tpp_backend] 
2021-03-01T14:18:06.740472600Z 2021-03-01 14:18:06 [info     ] Running: Query for smoking_status_date [cohortextractor.tpp_backend] 
2021-03-01T14:18:45.338323800Z 2021-03-01 14:18:45 [info     ] Running: Uploading codelist for hazardous_alcohol [cohortextractor.tpp_backend] 
2021-03-01T14:18:45.377053300Z 2021-03-01 14:18:45 [info     ] Running: Query for hazardous_alcohol [cohortextractor.tpp_backend] 
2021-03-01T14:18:46.944089100Z 2021-03-01 14:18:46 [info     ] Running: Uploading codelist for hypertension [cohortextractor.tpp_backend] 
2021-03-01T14:18:46.981368600Z 2021-03-01 14:18:46 [info     ] Running: Query for hypertension [cohortextractor.tpp_backend] 
2021-03-01T14:18:55.157777400Z 2021-03-01 14:18:55 [info     ] Running: Uploading codelist for heart_failure [cohortextractor.tpp_backend] 
2021-03-01T14:18:55.190041900Z 2021-03-01 14:18:55 [info     ] Running: Query for heart_failure [cohortextractor.tpp_backend] 
2021-03-01T14:18:55.833232200Z 2021-03-01 14:18:55 [info     ] Running: Uploading codelist for diabetes [cohortextractor.tpp_backend] 
2021-03-01T14:18:55.887188800Z 2021-03-01 14:18:55 [info     ] Running: Query for diabetes    [cohortextractor.tpp_backend] 
2021-03-01T14:19:01.883029300Z 2021-03-01 14:19:01 [info     ] Running: Uploading codelist for hba1c_mmol_per_mol [cohortextractor.tpp_backend] 
2021-03-01T14:19:01.911831100Z 2021-03-01 14:19:01 [info     ] Running: Query for hba1c_mmol_per_mol [cohortextractor.tpp_backend] 
2021-03-01T14:20:00.409140100Z 2021-03-01 14:20:00 [info     ] Running: Uploading codelist for hba1c_percentage [cohortextractor.tpp_backend] 
2021-03-01T14:20:00.438783300Z 2021-03-01 14:20:00 [info     ] Running: Query for hba1c_percentage [cohortextractor.tpp_backend] 
2021-03-01T14:20:54.089662600Z 2021-03-01 14:20:54 [info     ] Running: Uploading codelist for copd [cohortextractor.tpp_backend] 
2021-03-01T14:20:54.123602800Z 2021-03-01 14:20:54 [info     ] Running: Query for copd        [cohortextractor.tpp_backend] 
2021-03-01T14:20:56.038281700Z 2021-03-01 14:20:56 [info     ] Running: Uploading codelist for other_respiratory [cohortextractor.tpp_backend] 
2021-03-01T14:20:56.078767800Z 2021-03-01 14:20:56 [info     ] Running: Query for other_respiratory [cohortextractor.tpp_backend] 
2021-03-01T14:20:56.789984100Z 2021-03-01 14:20:56 [info     ] Running: Uploading codelist for cancer [cohortextractor.tpp_backend] 
2021-03-01T14:20:56.963525700Z 2021-03-01 14:20:56 [info     ] Running: Query for cancer      [cohortextractor.tpp_backend] 
2021-03-01T14:20:59.303414000Z 2021-03-01 14:20:59 [info     ] Running: Uploading codelist for permanent_immunodeficiency [cohortextractor.tpp_backend] 
2021-03-01T14:20:59.352907200Z 2021-03-01 14:20:59 [info     ] Running: Query for permanent_immunodeficiency [cohortextractor.tpp_backend] 
2021-03-01T14:20:59.539036300Z 2021-03-01 14:20:59 [info     ] Running: Uploading codelist for aplastic_anaemia [cohortextractor.tpp_backend] 
2021-03-01T14:20:59.569063100Z 2021-03-01 14:20:59 [info     ] Running: Query for aplastic_anaemia [cohortextractor.tpp_backend] 
2021-03-01T14:20:59.591170600Z 2021-03-01 14:20:59 [info     ] Running: Uploading codelist for temporary_immunodeficiency [cohortextractor.tpp_backend] 
2021-03-01T14:20:59.620866800Z 2021-03-01 14:20:59 [info     ] Running: Query for temporary_immunodeficiency [cohortextractor.tpp_backend] 
2021-03-01T14:20:59.660973200Z 2021-03-01 14:20:59 [info     ] Running: Uploading codelist for creatinine [cohortextractor.tpp_backend] 
2021-03-01T14:20:59.688034500Z 2021-03-01 14:20:59 [info     ] Running: Query for creatinine  [cohortextractor.tpp_backend] 
2021-03-01T14:23:01.489781800Z 2021-03-01 14:23:01 [info     ] Running: Uploading codelist for esrf [cohortextractor.tpp_backend] 
2021-03-01T14:23:01.529090300Z 2021-03-01 14:23:01 [info     ] Running: Query for esrf        [cohortextractor.tpp_backend] 
2021-03-01T14:23:01.606005700Z 2021-03-01 14:23:01 [info     ] Running: Uploading codelist for has_bled_score [cohortextractor.tpp_backend] 
2021-03-01T14:23:01.634484600Z 2021-03-01 14:23:01 [info     ] Running: Query for has_bled_score [cohortextractor.tpp_backend] 
2021-03-01T14:23:07.020532700Z 2021-03-01 14:23:07 [info     ] Running: Uploading codelist for stroke [cohortextractor.tpp_backend] 
2021-03-01T14:23:07.056958300Z 2021-03-01 14:23:07 [info     ] Running: Query for stroke      [cohortextractor.tpp_backend] 
2021-03-01T14:23:07.804724100Z 2021-03-01 14:23:07 [info     ] Running: Uploading codelist for tia [cohortextractor.tpp_backend] 
2021-03-01T14:23:07.833912100Z 2021-03-01 14:23:07 [info     ] Running: Query for tia         [cohortextractor.tpp_backend] 
2021-03-01T14:23:08.349670200Z 2021-03-01 14:23:08 [info     ] Running: Uploading codelist for myocardial_infarct [cohortextractor.tpp_backend] 
2021-03-01T14:23:08.385308300Z 2021-03-01 14:23:08 [info     ] Running: Query for myocardial_infarct [cohortextractor.tpp_backend] 
2021-03-01T14:23:09.008088800Z 2021-03-01 14:23:09 [info     ] Running: Uploading codelist for pad [cohortextractor.tpp_backend] 
2021-03-01T14:23:09.045868400Z 2021-03-01 14:23:09 [info     ] Running: Query for pad         [cohortextractor.tpp_backend] 
2021-03-01T14:23:09.384226600Z 2021-03-01 14:23:09 [info     ] Running: Uploading codelist for vte [cohortextractor.tpp_backend] 
2021-03-01T14:23:09.417377900Z 2021-03-01 14:23:09 [info     ] Running: Query for vte         [cohortextractor.tpp_backend] 
2021-03-01T14:23:10.019210100Z 2021-03-01 14:23:10 [info     ] Running: Query for flu_vaccine_tpp_table [cohortextractor.tpp_backend] 
2021-03-01T14:23:16.162634600Z 2021-03-01 14:23:16 [info     ] Running: Uploading codelist for flu_vaccine_med [cohortextractor.tpp_backend] 
2021-03-01T14:23:16.193327000Z 2021-03-01 14:23:16 [info     ] Running: Query for flu_vaccine_med [cohortextractor.tpp_backend] 
2021-03-01T14:24:17.076373500Z 2021-03-01 14:24:17 [info     ] Running: Uploading codelist for flu_vaccine_clinical [cohortextractor.tpp_backend] 
2021-03-01T14:24:17.106777400Z 2021-03-01 14:24:17 [info     ] Running: Uploading codelist for flu_vaccine_clinical [cohortextractor.tpp_backend] 
2021-03-01T14:24:17.968273800Z 2021-03-01 14:24:17 [info     ] Running: Query for flu_vaccine_clinical [cohortextractor.tpp_backend] 
2021-03-01T14:24:19.949823800Z 2021-03-01 14:24:19 [info     ] Running: Query for ae_attendance_last_year [cohortextractor.tpp_backend] 
2021-03-01T14:24:24.569178700Z 2021-03-01 14:24:24 [info     ] Running: Query for gp_consult_count [cohortextractor.tpp_backend] 
2021-03-01T14:24:57.839525000Z 2021-03-01 14:24:57 [info     ] Running: Query for has_consultation_history [cohortextractor.tpp_backend] 
2021-03-01T14:25:10.259126100Z 2021-03-01 14:25:10 [info     ] Running: Uploading codelist for oestrogen [cohortextractor.tpp_backend] 
2021-03-01T14:25:10.315377700Z 2021-03-01 14:25:10 [info     ] Running: Query for oestrogen   [cohortextractor.tpp_backend] 
2021-03-01T14:25:42.442740400Z 2021-03-01 14:25:42 [info     ] Running: Uploading codelist for antiplatelet [cohortextractor.tpp_backend] 
2021-03-01T14:25:42.487189200Z 2021-03-01 14:25:42 [info     ] Running: Query for antiplatelet [cohortextractor.tpp_backend] 
2021-03-01T14:26:00.757640800Z 2021-03-01 14:26:00 [info     ] Running: Uploading codelist for aspirins [cohortextractor.tpp_backend] 
2021-03-01T14:26:00.797446600Z 2021-03-01 14:26:00 [info     ] Running: Query for aspirins    [cohortextractor.tpp_backend] 
2021-03-01T14:26:19.026244600Z 2021-03-01 14:26:19 [info     ] Running: Uploading codelist for nsaid [cohortextractor.tpp_backend] 
2021-03-01T14:26:19.102706300Z 2021-03-01 14:26:19 [info     ] Running: Query for nsaid       [cohortextractor.tpp_backend] 
2021-03-01T14:26:37.238373100Z 2021-03-01 14:26:37 [info     ] Running: Query for registration_history [cohortextractor.tpp_backend] 
2021-03-01T14:26:50.511634800Z 2021-03-01 14:26:50 [info     ] Writing results into temporary table 'OPENCoronaTempTables..DataExtract_9620ad8234a4865abc3e8899c75838be4022bb80' [cohortextractor.tpp_backend] 
2021-03-01T14:32:11.190933300Z 2021-03-01 14:32:11 [info     ] Downloading results from 'OPENCoronaTempTables..DataExtract_9620ad8234a4865abc3e8899c75838be4022bb80' [cohortextractor.tpp_backend] 
2021-03-01T14:32:48.600473500Z 2021-03-01 14:32:48 [info     ] Downloaded 520796 results      [cohortextractor.tpp_backend] 
2021-03-01T14:32:48.600567500Z 2021-03-01 14:32:48 [info     ] Running: Deleting 'OPENCoronaTempTables..DataExtract_9620ad8234a4865abc3e8899c75838be4022bb80' [cohortextractor.tpp_backend] 
2021-03-01T14:32:48.701967200Z 2021-03-01 14:32:48 [info     ] Successfully created cohort and covariates at output/input_af.csv [cohortextractor.cohortextractor] 
2021-03-01T14:32:48.702061700Z 2021-03-01 14:32:48 [info     ] Generating cohort for study_definition_af_population_flow_chart in output [cohortextractor.cohortextractor] 
2021-03-01T14:32:48.705648900Z 2021-03-01 14:32:48 [info     ] Checking for existing results in 'OPENCoronaTempTables..DataExtract_a4fcd416b073f80ffee2b99d1706748dfae313a7' [cohortextractor.tpp_backend] 
2021-03-01T14:32:48.811221100Z 2021-03-01 14:32:48 [info     ] No existing results found, running queries to generate new results [cohortextractor.tpp_backend] 
2021-03-01T14:32:48.842131800Z 2021-03-01 14:32:48 [info     ] Running: Query for registration_history [cohortextractor.tpp_backend] 
2021-03-01T14:33:01.414709000Z 2021-03-01 14:33:01 [info     ] Running: Uploading codelist for af [cohortextractor.tpp_backend] 
2021-03-01T14:33:01.446849800Z 2021-03-01 14:33:01 [info     ] Running: Query for af          [cohortextractor.tpp_backend] 
2021-03-01T14:33:02.706842900Z 2021-03-01 14:33:02 [info     ] Running: Query for age         [cohortextractor.tpp_backend] 
2021-03-01T14:33:19.761952600Z 2021-03-01 14:33:19 [info     ] Running: Query for imd         [cohortextractor.tpp_backend] 
2021-03-01T14:33:43.726080400Z 2021-03-01 14:33:43 [info     ] Running: Query for population  [cohortextractor.tpp_backend] 
2021-03-01T14:33:51.120810000Z 2021-03-01 14:33:51 [info     ] Writing results into temporary table 'OPENCoronaTempTables..DataExtract_a4fcd416b073f80ffee2b99d1706748dfae313a7' [cohortextractor.tpp_backend] 
2021-03-01T14:34:24.545196800Z 2021-03-01 14:34:24 [info     ] Downloading results from 'OPENCoronaTempTables..DataExtract_a4fcd416b073f80ffee2b99d1706748dfae313a7' [cohortextractor.tpp_backend] 
2021-03-01T14:34:32.639142700Z 2021-03-01 14:34:32 [info     ] Downloaded 1000000 results     [cohortextractor.tpp_backend] 
2021-03-01T14:34:39.588649200Z 2021-03-01 14:34:39 [info     ] Downloaded 2000000 results     [cohortextractor.tpp_backend] 
2021-03-01T14:34:46.397123500Z 2021-03-01 14:34:46 [info     ] Downloaded 3000000 results     [cohortextractor.tpp_backend] 
2021-03-01T14:34:53.203624800Z 2021-03-01 14:34:53 [info     ] Downloaded 4000000 results     [cohortextractor.tpp_backend] 
2021-03-01T14:34:58.996661800Z 2021-03-01 14:34:58 [info     ] Downloaded 5000000 results     [cohortextractor.tpp_backend] 
2021-03-01T14:35:06.081658300Z 2021-03-01 14:35:06 [info     ] Downloaded 6000000 results     [cohortextractor.tpp_backend] 
2021-03-01T14:35:13.312651500Z 2021-03-01 14:35:13 [info     ] Downloaded 7000000 results     [cohortextractor.tpp_backend] 
2021-03-01T14:35:20.145619800Z 2021-03-01 14:35:20 [info     ] Downloaded 8000000 results     [cohortextractor.tpp_backend] 
2021-03-01T14:35:26.275207300Z 2021-03-01 14:35:26 [info     ] Downloaded 9000000 results     [cohortextractor.tpp_backend] 
2021-03-01T14:35:32.737450300Z 2021-03-01 14:35:32 [info     ] Downloaded 10000000 results    [cohortextractor.tpp_backend] 
2021-03-01T14:35:40.192701000Z 2021-03-01 14:35:40 [info     ] Downloaded 11000000 results    [cohortextractor.tpp_backend] 
2021-03-01T14:35:47.142302500Z 2021-03-01 14:35:47 [info     ] Downloaded 12000000 results    [cohortextractor.tpp_backend] 
2021-03-01T14:35:53.461015200Z 2021-03-01 14:35:53 [info     ] Downloaded 13000000 results    [cohortextractor.tpp_backend] 
2021-03-01T14:36:00.847198200Z 2021-03-01 14:36:00 [info     ] Downloaded 14000000 results    [cohortextractor.tpp_backend] 
2021-03-01T14:36:08.869698200Z 2021-03-01 14:36:08 [info     ] Downloaded 15000000 results    [cohortextractor.tpp_backend] 
2021-03-01T14:36:15.643547400Z 2021-03-01 14:36:15 [info     ] Downloaded 16000000 results    [cohortextractor.tpp_backend] 
2021-03-01T14:36:21.774329000Z 2021-03-01 14:36:21 [info     ] Downloaded 17000000 results    [cohortextractor.tpp_backend] 
2021-03-01T14:36:27.942105300Z 2021-03-01 14:36:27 [info     ] Downloaded 18000000 results    [cohortextractor.tpp_backend] 
2021-03-01T14:36:33.890056600Z 2021-03-01 14:36:33 [info     ] Downloaded 19000000 results    [cohortextractor.tpp_backend] 
2021-03-01T14:36:39.453381200Z 2021-03-01 14:36:39 [info     ] Downloaded 20000000 results    [cohortextractor.tpp_backend] 
2021-03-01T14:36:46.707257200Z 2021-03-01 14:36:46 [info     ] Downloaded 21000000 results    [cohortextractor.tpp_backend] 
2021-03-01T14:36:53.040216900Z 2021-03-01 14:36:53 [info     ] Downloaded 22000000 results    [cohortextractor.tpp_backend] 
2021-03-01T14:37:01.316217700Z 2021-03-01 14:37:01 [info     ] Downloaded 23000000 results    [cohortextractor.tpp_backend] 
2021-03-01T14:37:07.507861700Z 2021-03-01 14:37:07 [info     ] Downloaded 24000000 results    [cohortextractor.tpp_backend] 
2021-03-01T14:37:14.014061800Z 2021-03-01 14:37:14 [info     ] Downloaded 25000000 results    [cohortextractor.tpp_backend] 
2021-03-01T14:37:21.229725700Z 2021-03-01 14:37:21 [info     ] Downloaded 26000000 results    [cohortextractor.tpp_backend] 
2021-03-01T14:37:27.305181400Z 2021-03-01 14:37:27 [info     ] Downloaded 27000000 results    [cohortextractor.tpp_backend] 
2021-03-01T14:37:33.136887400Z 2021-03-01 14:37:33 [info     ] Downloaded 28000000 results    [cohortextractor.tpp_backend] 
2021-03-01T14:37:38.836067300Z 2021-03-01 14:37:38 [info     ] Downloaded 29000000 results    [cohortextractor.tpp_backend] 
2021-03-01T14:37:46.241486900Z 2021-03-01 14:37:46 [info     ] Downloaded 30000000 results    [cohortextractor.tpp_backend] 
2021-03-01T14:37:55.629627700Z 2021-03-01 14:37:55 [info     ] Downloaded 31000000 results    [cohortextractor.tpp_backend] 
2021-03-01T14:37:57.084922000Z 2021-03-01 14:37:57 [info     ] Downloaded 31161384 results    [cohortextractor.tpp_backend] 
2021-03-01T14:37:57.085071900Z 2021-03-01 14:37:57 [info     ] Running: Deleting 'OPENCoronaTempTables..DataExtract_a4fcd416b073f80ffee2b99d1706748dfae313a7' [cohortextractor.tpp_backend] 
2021-03-01T14:37:59.058336400Z 2021-03-01 14:37:59 [info     ] Successfully created cohort and covariates at output/input_af_population_flow_chart.csv [cohortextractor.cohortextractor] 
2021-03-01T14:37:59.058409900Z 2021-03-01 14:37:59 [info     ] Generating cohort for study_definition_general_population in output [cohortextractor.cohortextractor] 
2021-03-01T14:37:59.358450000Z 2021-03-01 14:37:59 [info     ] Checking for existing results in 'OPENCoronaTempTables..DataExtract_476ff50ceba479654cda2a3d114c7ec1a53f114e' [cohortextractor.tpp_backend] 
2021-03-01T14:37:59.459746600Z 2021-03-01 14:37:59 [info     ] No existing results found, running queries to generate new results [cohortextractor.tpp_backend] 
2021-03-01T14:37:59.492582300Z 2021-03-01 14:37:59 [info     ] Running: Query for dereg_date  [cohortextractor.tpp_backend] 
2021-03-01T14:38:05.489859400Z 2021-03-01 14:38:05 [info     ] Running: Uploading codelist for af [cohortextractor.tpp_backend] 
2021-03-01T14:38:05.519381900Z 2021-03-01 14:38:05 [info     ] Running: Query for af          [cohortextractor.tpp_backend] 
2021-03-01T14:38:06.726783900Z 2021-03-01 14:38:06 [info     ] Running: Uploading codelist for valvular_AF [cohortextractor.tpp_backend] 
2021-03-01T14:38:06.763109400Z 2021-03-01 14:38:06 [info     ] Running: Query for valvular_AF [cohortextractor.tpp_backend] 
2021-03-01T14:38:06.875385800Z 2021-03-01 14:38:06 [info     ] Running: Uploading codelist for antiphospholipid_syndrome [cohortextractor.tpp_backend] 
2021-03-01T14:38:06.908957900Z 2021-03-01 14:38:06 [info     ] Running: Query for antiphospholipid_syndrome [cohortextractor.tpp_backend] 
2021-03-01T14:38:06.989407600Z 2021-03-01 14:38:06 [info     ] Running: Query for died_ons_covid_flag_any [cohortextractor.tpp_backend] 
2021-03-01T14:38:07.143905400Z 2021-03-01 14:38:07 [info     ] Running: Query for died_ons_covid_flag_underlying [cohortextractor.tpp_backend] 
2021-03-01T14:38:07.235299400Z 2021-03-01 14:38:07 [info     ] Running: Query for died_date_ons [cohortextractor.tpp_backend] 
2021-03-01T14:38:07.474274700Z 2021-03-01 14:38:07 [info     ] Running: Query for first_tested_for_covid [cohortextractor.tpp_backend] 
2021-03-01T14:38:14.112529300Z 2021-03-01 14:38:14 [info     ] Running: Query for first_positive_test_date [cohortextractor.tpp_backend] 
2021-03-01T14:38:15.059541100Z 2021-03-01 14:38:15 [info     ] Running: Query for covid_admission_date [cohortextractor.tpp_backend] 
2021-03-01T14:38:18.006491400Z 2021-03-01 14:38:18 [info     ] Running: Query for covid_admission_primary_dx [cohortextractor.tpp_backend] 
2021-03-01T14:38:20.964803900Z 2021-03-01 14:38:20 [info     ] Running: Query for mi_date_ons [cohortextractor.tpp_backend] 
2021-03-01T14:38:21.005125700Z 2021-03-01 14:38:21 [info     ] Running: Query for stroke_date_ons [cohortextractor.tpp_backend] 
2021-03-01T14:38:21.036933900Z 2021-03-01 14:38:21 [info     ] Running: Query for vte_date_ons [cohortextractor.tpp_backend] 
2021-03-01T14:38:21.072223000Z 2021-03-01 14:38:21 [info     ] Running: Query for gi_bleed_date_ons [cohortextractor.tpp_backend] 
2021-03-01T14:38:21.104510800Z 2021-03-01 14:38:21 [info     ] Running: Query for intracranial_bleed_date_ons [cohortextractor.tpp_backend] 
2021-03-01T14:38:21.153273400Z 2021-03-01 14:38:21 [info     ] Running: Uploading codelist for lmwh_last_four_months [cohortextractor.tpp_backend] 
2021-03-01T14:38:21.184513400Z 2021-03-01 14:38:21 [info     ] Running: Query for lmwh_last_four_months [cohortextractor.tpp_backend] 
2021-03-01T14:38:38.493651700Z 2021-03-01 14:38:38 [info     ] Running: Uploading codelist for warfarin_last_four_months [cohortextractor.tpp_backend] 
2021-03-01T14:38:38.528719300Z 2021-03-01 14:38:38 [info     ] Running: Query for warfarin_last_four_months [cohortextractor.tpp_backend] 
2021-03-01T14:38:56.018022900Z 2021-03-01 14:38:56 [info     ] Running: Uploading codelist for doac_last_four_months [cohortextractor.tpp_backend] 
2021-03-01T14:38:56.049068100Z 2021-03-01 14:38:56 [info     ] Running: Query for doac_last_four_months [cohortextractor.tpp_backend] 
2021-03-01T14:39:27.995719700Z 2021-03-01 14:39:27 [info     ] Running: Uploading codelist for warfarin_march_first [cohortextractor.tpp_backend] 
2021-03-01T14:39:28.037371000Z 2021-03-01 14:39:28 [info     ] Running: Query for warfarin_march_first [cohortextractor.tpp_backend] 
2021-03-01T14:39:44.930402900Z 2021-03-01 14:39:44 [info     ] Running: Uploading codelist for doac_march_first [cohortextractor.tpp_backend] 
2021-03-01T14:39:44.959194900Z 2021-03-01 14:39:44 [info     ] Running: Query for doac_march_first [cohortextractor.tpp_backend] 
2021-03-01T14:40:20.504033300Z 2021-03-01 14:40:20 [info     ] Running: Uploading codelist for warfarin_march_last [cohortextractor.tpp_backend] 
2021-03-01T14:40:20.540154200Z 2021-03-01 14:40:20 [info     ] Running: Query for warfarin_march_last [cohortextractor.tpp_backend] 
2021-03-01T14:40:37.365283100Z 2021-03-01 14:40:37 [info     ] Running: Uploading codelist for doac_march_last [cohortextractor.tpp_backend] 
2021-03-01T14:40:37.394993300Z 2021-03-01 14:40:37 [info     ] Running: Query for doac_march_last [cohortextractor.tpp_backend] 
2021-03-01T14:41:10.492629900Z 2021-03-01 14:41:10 [info     ] Running: Uploading codelist for warfarin_apr_first [cohortextractor.tpp_backend] 
2021-03-01T14:41:10.527729200Z 2021-03-01 14:41:10 [info     ] Running: Query for warfarin_apr_first [cohortextractor.tpp_backend] 
2021-03-01T14:41:27.250483700Z 2021-03-01 14:41:27 [info     ] Running: Uploading codelist for doac_apr_first [cohortextractor.tpp_backend] 
2021-03-01T14:41:27.284500900Z 2021-03-01 14:41:27 [info     ] Running: Query for doac_apr_first [cohortextractor.tpp_backend] 
2021-03-01T14:41:58.956433400Z 2021-03-01 14:41:58 [info     ] Running: Uploading codelist for warfarin_apr_last [cohortextractor.tpp_backend] 
2021-03-01T14:41:58.992179500Z 2021-03-01 14:41:58 [info     ] Running: Query for warfarin_apr_last [cohortextractor.tpp_backend] 
2021-03-01T14:42:15.702211400Z 2021-03-01 14:42:15 [info     ] Running: Uploading codelist for doac_apr_last [cohortextractor.tpp_backend] 
2021-03-01T14:42:15.733186800Z 2021-03-01 14:42:15 [info     ] Running: Query for doac_apr_last [cohortextractor.tpp_backend] 
2021-03-01T14:42:47.524092000Z 2021-03-01 14:42:47 [info     ] Running: Uploading codelist for warfarin_may_first [cohortextractor.tpp_backend] 
2021-03-01T14:42:47.561749300Z 2021-03-01 14:42:47 [info     ] Running: Query for warfarin_may_first [cohortextractor.tpp_backend] 
2021-03-01T14:43:04.237087300Z 2021-03-01 14:43:04 [info     ] Running: Uploading codelist for doac_may_first [cohortextractor.tpp_backend] 
2021-03-01T14:43:04.266981300Z 2021-03-01 14:43:04 [info     ] Running: Query for doac_may_first [cohortextractor.tpp_backend] 
2021-03-01T14:43:36.533416400Z 2021-03-01 14:43:36 [info     ] Running: Uploading codelist for warfarin_may_last [cohortextractor.tpp_backend] 
2021-03-01T14:43:36.569688100Z 2021-03-01 14:43:36 [info     ] Running: Query for warfarin_may_last [cohortextractor.tpp_backend] 
2021-03-01T14:43:53.552954700Z 2021-03-01 14:43:53 [info     ] Running: Uploading codelist for doac_may_last [cohortextractor.tpp_backend] 
2021-03-01T14:43:53.586446900Z 2021-03-01 14:43:53 [info     ] Running: Query for doac_may_last [cohortextractor.tpp_backend] 
2021-03-01T14:44:29.370144800Z 2021-03-01 14:44:29 [info     ] Running: Uploading codelist for warfarin_jun_first [cohortextractor.tpp_backend] 
2021-03-01T14:44:29.403716200Z 2021-03-01 14:44:29 [info     ] Running: Query for warfarin_jun_first [cohortextractor.tpp_backend] 
2021-03-01T14:44:46.109747800Z 2021-03-01 14:44:46 [info     ] Running: Uploading codelist for doac_jun_first [cohortextractor.tpp_backend] 
2021-03-01T14:44:46.139019500Z 2021-03-01 14:44:46 [info     ] Running: Query for doac_jun_first [cohortextractor.tpp_backend] 
2021-03-01T14:45:18.224927400Z 2021-03-01 14:45:18 [info     ] Running: Uploading codelist for warfarin_jun_last [cohortextractor.tpp_backend] 
2021-03-01T14:45:18.259435300Z 2021-03-01 14:45:18 [info     ] Running: Query for warfarin_jun_last [cohortextractor.tpp_backend] 
2021-03-01T14:45:34.996477200Z 2021-03-01 14:45:34 [info     ] Running: Uploading codelist for doac_jun_last [cohortextractor.tpp_backend] 
2021-03-01T14:45:35.026670300Z 2021-03-01 14:45:35 [info     ] Running: Query for doac_jun_last [cohortextractor.tpp_backend] 
2021-03-01T14:46:06.900711200Z 2021-03-01 14:46:06 [info     ] Running: Uploading codelist for warfarin_jul_first [cohortextractor.tpp_backend] 
2021-03-01T14:46:06.935908100Z 2021-03-01 14:46:06 [info     ] Running: Query for warfarin_jul_first [cohortextractor.tpp_backend] 
2021-03-01T14:46:23.649945800Z 2021-03-01 14:46:23 [info     ] Running: Uploading codelist for doac_jul_first [cohortextractor.tpp_backend] 
2021-03-01T14:46:23.679743800Z 2021-03-01 14:46:23 [info     ] Running: Query for doac_jul_first [cohortextractor.tpp_backend] 
2021-03-01T14:46:59.164637300Z 2021-03-01 14:46:59 [info     ] Running: Uploading codelist for warfarin_jul_last [cohortextractor.tpp_backend] 
2021-03-01T14:46:59.198215100Z 2021-03-01 14:46:59 [info     ] Running: Query for warfarin_jul_last [cohortextractor.tpp_backend] 
2021-03-01T14:47:15.913437400Z 2021-03-01 14:47:15 [info     ] Running: Uploading codelist for doac_jul_last [cohortextractor.tpp_backend] 
2021-03-01T14:47:15.943022400Z 2021-03-01 14:47:15 [info     ] Running: Query for doac_jul_last [cohortextractor.tpp_backend] 
2021-03-01T14:47:51.893904500Z 2021-03-01 14:47:51 [info     ] Running: Uploading codelist for warfarin_aug_first [cohortextractor.tpp_backend] 
2021-03-01T14:47:51.927913800Z 2021-03-01 14:47:51 [info     ] Running: Query for warfarin_aug_first [cohortextractor.tpp_backend] 
2021-03-01T14:48:08.702875500Z 2021-03-01 14:48:08 [info     ] Running: Uploading codelist for doac_aug_first [cohortextractor.tpp_backend] 
2021-03-01T14:48:08.732127100Z 2021-03-01 14:48:08 [info     ] Running: Query for doac_aug_first [cohortextractor.tpp_backend] 
2021-03-01T14:48:40.696012300Z 2021-03-01 14:48:40 [info     ] Running: Uploading codelist for warfarin_aug_last [cohortextractor.tpp_backend] 
2021-03-01T14:48:40.731295500Z 2021-03-01 14:48:40 [info     ] Running: Query for warfarin_aug_last [cohortextractor.tpp_backend] 
2021-03-01T14:48:57.595886700Z 2021-03-01 14:48:57 [info     ] Running: Uploading codelist for doac_aug_last [cohortextractor.tpp_backend] 
2021-03-01T14:48:57.625685800Z 2021-03-01 14:48:57 [info     ] Running: Query for doac_aug_last [cohortextractor.tpp_backend] 
2021-03-01T14:49:29.535542300Z 2021-03-01 14:49:29 [info     ] Running: Uploading codelist for warfarin_sep_first [cohortextractor.tpp_backend] 
2021-03-01T14:49:29.571163800Z 2021-03-01 14:49:29 [info     ] Running: Query for warfarin_sep_first [cohortextractor.tpp_backend] 
2021-03-01T14:49:46.469634100Z 2021-03-01 14:49:46 [info     ] Running: Uploading codelist for doac_sep_first [cohortextractor.tpp_backend] 
2021-03-01T14:49:46.500281600Z 2021-03-01 14:49:46 [info     ] Running: Query for doac_sep_first [cohortextractor.tpp_backend] 
2021-03-01T14:50:26.989289100Z 2021-03-01 14:50:26 [info     ] Running: Uploading codelist for warfarin_sep_last [cohortextractor.tpp_backend] 
2021-03-01T14:50:27.030301200Z 2021-03-01 14:50:27 [info     ] Running: Query for warfarin_sep_last [cohortextractor.tpp_backend] 
2021-03-01T14:50:43.970677100Z 2021-03-01 14:50:43 [info     ] Running: Uploading codelist for doac_sep_last [cohortextractor.tpp_backend] 
2021-03-01T14:50:44.001374800Z 2021-03-01 14:50:44 [info     ] Running: Query for doac_sep_last [cohortextractor.tpp_backend] 
2021-03-01T14:51:18.262075300Z 2021-03-01 14:51:18 [info     ] Running: Query for age         [cohortextractor.tpp_backend] 
2021-03-01T14:51:36.144813200Z 2021-03-01 14:51:36 [info     ] Running: Query for sex         [cohortextractor.tpp_backend] 
2021-03-01T14:51:44.167794900Z 2021-03-01 14:51:44 [info     ] Running: Query for bmi         [cohortextractor.tpp_backend] 
2021-03-01T14:57:17.904497100Z 2021-03-01 14:57:17 [info     ] Running: Query for stp         [cohortextractor.tpp_backend] 
2021-03-01T14:57:36.700491500Z 2021-03-01 14:57:36 [info     ] Running: Query for msoa        [cohortextractor.tpp_backend] 
2021-03-01T14:57:56.031350300Z 2021-03-01 14:57:56 [info     ] Running: Query for practice_id [cohortextractor.tpp_backend] 
2021-03-01T14:58:12.304964500Z 2021-03-01 14:58:12 [info     ] Running: Query for care_home_type [cohortextractor.tpp_backend] 
2021-03-01T14:58:39.002264300Z 2021-03-01 14:58:39 [info     ] Running: Query for imd         [cohortextractor.tpp_backend] 
2021-03-01T14:59:04.201685800Z 2021-03-01 14:59:04 [info     ] Running: Uploading codelist for ethnicity [cohortextractor.tpp_backend] 
2021-03-01T14:59:04.241810700Z 2021-03-01 14:59:04 [info     ] Running: Query for ethnicity   [cohortextractor.tpp_backend] 
2021-03-01T16:01:00.301154600Z 2021-03-01 16:01:00 [info     ] Running: Uploading codelist for most_recent_smoking_code [cohortextractor.tpp_backend] 
2021-03-01T16:01:00.333417700Z 2021-03-01 16:01:00 [info     ] Running: Query for most_recent_smoking_code [cohortextractor.tpp_backend] 
2021-03-01T16:35:59.597215000Z 2021-03-01 16:35:59 [info     ] Running: Uploading codelist for ever_smoked [cohortextractor.tpp_backend] 
2021-03-01T16:35:59.629784700Z 2021-03-01 16:35:59 [info     ] Running: Query for ever_smoked [cohortextractor.tpp_backend] 
2021-03-01T16:36:27.492300900Z 2021-03-01 16:36:27 [info     ] Running: Uploading codelist for smoking_status_date [cohortextractor.tpp_backend] 
2021-03-01T16:36:27.534420800Z 2021-03-01 16:36:27 [info     ] Running: Query for smoking_status_date [cohortextractor.tpp_backend] 
2021-03-01T16:37:09.493098300Z 2021-03-01 16:37:09 [info     ] Running: Uploading codelist for hazardous_alcohol [cohortextractor.tpp_backend] 
2021-03-01T16:37:09.540929800Z 2021-03-01 16:37:09 [info     ] Running: Query for hazardous_alcohol [cohortextractor.tpp_backend] 
2021-03-01T16:37:11.230192900Z 2021-03-01 16:37:11 [info     ] Running: Uploading codelist for hypertension [cohortextractor.tpp_backend] 
2021-03-01T16:37:11.299846300Z 2021-03-01 16:37:11 [info     ] Running: Query for hypertension [cohortextractor.tpp_backend] 
2021-03-01T16:37:23.926075900Z 2021-03-01 16:37:23 [info     ] Running: Uploading codelist for heart_failure [cohortextractor.tpp_backend] 
2021-03-01T16:37:23.963215100Z 2021-03-01 16:37:23 [info     ] Running: Query for heart_failure [cohortextractor.tpp_backend] 
2021-03-01T16:37:24.696665100Z 2021-03-01 16:37:24 [info     ] Running: Uploading codelist for diabetes [cohortextractor.tpp_backend] 
2021-03-01T16:37:24.752058200Z 2021-03-01 16:37:24 [info     ] Running: Query for diabetes    [cohortextractor.tpp_backend] 
2021-03-01T16:37:34.834418200Z 2021-03-01 16:37:34 [info     ] Running: Uploading codelist for hba1c_mmol_per_mol [cohortextractor.tpp_backend] 
2021-03-01T16:37:34.895951300Z 2021-03-01 16:37:34 [info     ] Running: Query for hba1c_mmol_per_mol [cohortextractor.tpp_backend] 
2021-03-01T16:38:39.624349000Z 2021-03-01 16:38:39 [info     ] Running: Uploading codelist for hba1c_percentage [cohortextractor.tpp_backend] 
2021-03-01T16:38:39.742412100Z 2021-03-01 16:38:39 [info     ] Running: Query for hba1c_percentage [cohortextractor.tpp_backend] 
2021-03-01T16:40:03.841878200Z 2021-03-01 16:40:03 [info     ] Running: Uploading codelist for copd [cohortextractor.tpp_backend] 
2021-03-01T16:40:03.894357400Z 2021-03-01 16:40:03 [info     ] Running: Query for copd        [cohortextractor.tpp_backend] 
2021-03-01T16:40:06.805389700Z 2021-03-01 16:40:06 [info     ] Running: Uploading codelist for other_respiratory [cohortextractor.tpp_backend] 
2021-03-01T16:40:06.882314300Z 2021-03-01 16:40:06 [info     ] Running: Query for other_respiratory [cohortextractor.tpp_backend] 
2021-03-01T16:40:07.944436700Z 2021-03-01 16:40:07 [info     ] Running: Uploading codelist for cancer [cohortextractor.tpp_backend] 
2021-03-01T16:40:08.376551100Z 2021-03-01 16:40:08 [info     ] Running: Query for cancer      [cohortextractor.tpp_backend] 
2021-03-01T16:40:11.173778500Z 2021-03-01 16:40:11 [info     ] Running: Uploading codelist for permanent_immunodeficiency [cohortextractor.tpp_backend] 
2021-03-01T16:40:11.263844700Z 2021-03-01 16:40:11 [info     ] Running: Query for permanent_immunodeficiency [cohortextractor.tpp_backend] 
2021-03-01T16:40:12.043755800Z 2021-03-01 16:40:12 [info     ] Running: Uploading codelist for aplastic_anaemia [cohortextractor.tpp_backend] 
2021-03-01T16:40:12.089344000Z 2021-03-01 16:40:12 [info     ] Running: Query for aplastic_anaemia [cohortextractor.tpp_backend] 
2021-03-01T16:40:12.135633300Z 2021-03-01 16:40:12 [info     ] Running: Uploading codelist for temporary_immunodeficiency [cohortextractor.tpp_backend] 
2021-03-01T16:40:12.182966600Z 2021-03-01 16:40:12 [info     ] Running: Query for temporary_immunodeficiency [cohortextractor.tpp_backend] 
2021-03-01T16:40:12.536848000Z 2021-03-01 16:40:12 [info     ] Running: Uploading codelist for creatinine [cohortextractor.tpp_backend] 
2021-03-01T16:40:12.583248100Z 2021-03-01 16:40:12 [info     ] Running: Query for creatinine  [cohortextractor.tpp_backend] 
2021-03-01T16:42:41.441648100Z 2021-03-01 16:42:41 [info     ] Running: Uploading codelist for esrf [cohortextractor.tpp_backend] 
2021-03-01T16:42:41.493789600Z 2021-03-01 16:42:41 [info     ] Running: Query for esrf        [cohortextractor.tpp_backend] 
2021-03-01T16:42:41.702624200Z 2021-03-01 16:42:41 [info     ] Running: Uploading codelist for has_bled_score [cohortextractor.tpp_backend] 
2021-03-01T16:42:41.739846700Z 2021-03-01 16:42:41 [info     ] Running: Query for has_bled_score [cohortextractor.tpp_backend] 
2021-03-01T16:42:46.721221300Z 2021-03-01 16:42:46 [info     ] Running: Uploading codelist for stroke [cohortextractor.tpp_backend] 
2021-03-01T16:42:46.766121600Z 2021-03-01 16:42:46 [info     ] Running: Query for stroke      [cohortextractor.tpp_backend] 
2021-03-01T16:42:47.533644600Z 2021-03-01 16:42:47 [info     ] Running: Uploading codelist for tia [cohortextractor.tpp_backend] 
2021-03-01T16:42:47.563057500Z 2021-03-01 16:42:47 [info     ] Running: Query for tia         [cohortextractor.tpp_backend] 
2021-03-01T16:42:48.159157100Z 2021-03-01 16:42:48 [info     ] Running: Uploading codelist for myocardial_infarct [cohortextractor.tpp_backend] 
2021-03-01T16:42:48.197737800Z 2021-03-01 16:42:48 [info     ] Running: Query for myocardial_infarct [cohortextractor.tpp_backend] 
2021-03-01T16:42:48.938126500Z 2021-03-01 16:42:48 [info     ] Running: Uploading codelist for pad [cohortextractor.tpp_backend] 
2021-03-01T16:42:48.984356900Z 2021-03-01 16:42:48 [info     ] Running: Query for pad         [cohortextractor.tpp_backend] 
2021-03-01T16:42:49.361368200Z 2021-03-01 16:42:49 [info     ] Running: Uploading codelist for vte [cohortextractor.tpp_backend] 
2021-03-01T16:42:49.396087200Z 2021-03-01 16:42:49 [info     ] Running: Query for vte         [cohortextractor.tpp_backend] 
2021-03-01T16:42:50.178609800Z 2021-03-01 16:42:50 [info     ] Running: Query for flu_vaccine_tpp_table [cohortextractor.tpp_backend] 
2021-03-01T16:42:57.432586700Z 2021-03-01 16:42:57 [info     ] Running: Uploading codelist for flu_vaccine_med [cohortextractor.tpp_backend] 
2021-03-01T16:42:57.480684700Z 2021-03-01 16:42:57 [info     ] Running: Query for flu_vaccine_med [cohortextractor.tpp_backend] 
2021-03-01T16:45:42.079769700Z 2021-03-01 16:45:42 [info     ] Running: Uploading codelist for flu_vaccine_clinical [cohortextractor.tpp_backend] 
2021-03-01T16:45:42.116430100Z 2021-03-01 16:45:42 [info     ] Running: Uploading codelist for flu_vaccine_clinical [cohortextractor.tpp_backend] 
2021-03-01T16:45:43.323191000Z 2021-03-01 16:45:43 [info     ] Running: Query for flu_vaccine_clinical [cohortextractor.tpp_backend] 
2021-03-01T16:45:45.464557200Z 2021-03-01 16:45:45 [info     ] Running: Query for ae_attendance_last_year [cohortextractor.tpp_backend] 
2021-03-01T16:45:50.483614100Z 2021-03-01 16:45:50 [info     ] Running: Query for gp_consult_count [cohortextractor.tpp_backend] 
2021-03-01T16:46:20.048398200Z 2021-03-01 16:46:20 [info     ] Running: Query for has_consultation_history [cohortextractor.tpp_backend] 
2021-03-01T16:46:36.233475000Z 2021-03-01 16:46:36 [info     ] Running: Uploading codelist for oestrogen [cohortextractor.tpp_backend] 
2021-03-01T16:46:36.346456700Z 2021-03-01 16:46:36 [info     ] Running: Query for oestrogen   [cohortextractor.tpp_backend] 
2021-03-01T16:47:41.568841600Z 2021-03-01 16:47:41 [info     ] Running: Uploading codelist for antiplatelet [cohortextractor.tpp_backend] 
2021-03-01T16:47:41.641774600Z 2021-03-01 16:47:41 [info     ] Running: Query for antiplatelet [cohortextractor.tpp_backend] 
2021-03-01T16:48:22.370196200Z 2021-03-01 16:48:22 [info     ] Running: Uploading codelist for aspirins [cohortextractor.tpp_backend] 
2021-03-01T16:48:22.429869900Z 2021-03-01 16:48:22 [info     ] Running: Query for aspirins    [cohortextractor.tpp_backend] 
2021-03-01T16:48:48.325887300Z 2021-03-01 16:48:48 [info     ] Running: Uploading codelist for nsaid [cohortextractor.tpp_backend] 
2021-03-01T16:48:48.453925900Z 2021-03-01 16:48:48 [info     ] Running: Query for nsaid       [cohortextractor.tpp_backend] 
2021-03-01T16:49:13.614713100Z 2021-03-01 16:49:13 [info     ] Running: Query for registration_history [cohortextractor.tpp_backend] 
2021-03-01T16:49:28.932461500Z 2021-03-01 16:49:28 [info     ] Writing results into temporary table 'OPENCoronaTempTables..DataExtract_476ff50ceba479654cda2a3d114c7ec1a53f114e' [cohortextractor.tpp_backend] 
2021-03-01T17:05:40.688166200Z 2021-03-01 17:05:40 [info     ] Downloading results from 'OPENCoronaTempTables..DataExtract_476ff50ceba479654cda2a3d114c7ec1a53f114e' [cohortextractor.tpp_backend] 
2021-03-01T17:06:30.870178300Z 2021-03-01 17:06:30 [info     ] Downloaded 1000000 results     [cohortextractor.tpp_backend] 
2021-03-01T17:07:18.864977300Z 2021-03-01 17:07:18 [info     ] Downloaded 2000000 results     [cohortextractor.tpp_backend] 
2021-03-01T17:08:10.956474200Z 2021-03-01 17:08:10 [info     ] Downloaded 3000000 results     [cohortextractor.tpp_backend] 
2021-03-01T17:08:58.990872400Z 2021-03-01 17:08:58 [info     ] Downloaded 4000000 results     [cohortextractor.tpp_backend] 
2021-03-01T17:09:58.063367300Z 2021-03-01 17:09:58 [info     ] Downloaded 5000000 results     [cohortextractor.tpp_backend] 
2021-03-01T17:10:45.485841700Z 2021-03-01 17:10:45 [info     ] Downloaded 6000000 results     [cohortextractor.tpp_backend] 
2021-03-01T17:11:37.544939100Z 2021-03-01 17:11:37 [info     ] Downloaded 7000000 results     [cohortextractor.tpp_backend] 
2021-03-01T17:12:28.403491600Z 2021-03-01 17:12:28 [info     ] Downloaded 8000000 results     [cohortextractor.tpp_backend] 
2021-03-01T17:13:25.794775700Z 2021-03-01 17:13:25 [info     ] Downloaded 9000000 results     [cohortextractor.tpp_backend] 
2021-03-01T17:14:14.334965700Z 2021-03-01 17:14:14 [info     ] Downloaded 10000000 results    [cohortextractor.tpp_backend] 
2021-03-01T17:15:05.165336700Z 2021-03-01 17:15:05 [info     ] Downloaded 11000000 results    [cohortextractor.tpp_backend] 
2021-03-01T17:15:55.604649600Z 2021-03-01 17:15:55 [info     ] Downloaded 12000000 results    [cohortextractor.tpp_backend] 
2021-03-01T17:16:11.686501600Z 2021-03-01 17:16:11 [info     ] Downloaded 12273165 results    [cohortextractor.tpp_backend] 
2021-03-01T17:16:11.686598400Z 2021-03-01 17:16:11 [info     ] Running: Deleting 'OPENCoronaTempTables..DataExtract_476ff50ceba479654cda2a3d114c7ec1a53f114e' [cohortextractor.tpp_backend] 
2021-03-01T17:16:13.332749500Z 2021-03-01 17:16:13 [info     ] Successfully created cohort and covariates at output/input_general_population.csv [cohortextractor.cohortextractor] 
2021-03-01T17:16:13.332809400Z 2021-03-01 17:16:13 [info     ] Generating cohort for study_definition_general_population_flow_chart in output [cohortextractor.cohortextractor] 
2021-03-01T17:16:13.343006100Z 2021-03-01 17:16:13 [info     ] Checking for existing results in 'OPENCoronaTempTables..DataExtract_6bb925902b42500ea65677a4814adb3a475fc662' [cohortextractor.tpp_backend] 
2021-03-01T17:16:13.450443300Z 2021-03-01 17:16:13 [info     ] No existing results found, running queries to generate new results [cohortextractor.tpp_backend] 
2021-03-01T17:16:13.489113100Z 2021-03-01 17:16:13 [info     ] Running: Query for registration_history [cohortextractor.tpp_backend] 
2021-03-01T17:16:31.402233100Z 2021-03-01 17:16:31 [info     ] Running: Query for age         [cohortextractor.tpp_backend] 
2021-03-01T17:16:52.221157400Z 2021-03-01 17:16:52 [info     ] Running: Query for sex         [cohortextractor.tpp_backend] 
2021-03-01T17:17:00.849584500Z 2021-03-01 17:17:00 [info     ] Running: Query for imd         [cohortextractor.tpp_backend] 
2021-03-01T17:17:30.709926300Z 2021-03-01 17:17:30 [info     ] Running: Query for gp_consult_count [cohortextractor.tpp_backend] 
2021-03-01T17:17:59.145791200Z 2021-03-01 17:17:59 [info     ] Running: Uploading codelist for af [cohortextractor.tpp_backend] 
2021-03-01T17:17:59.176565400Z 2021-03-01 17:17:59 [info     ] Running: Query for af          [cohortextractor.tpp_backend] 
2021-03-01T17:18:00.699797600Z 2021-03-01 17:18:00 [info     ] Running: Uploading codelist for lmwh_last_four_months [cohortextractor.tpp_backend] 
2021-03-01T17:18:00.735532100Z 2021-03-01 17:18:00 [info     ] Running: Query for lmwh_last_four_months [cohortextractor.tpp_backend] 
2021-03-01T17:18:43.682847900Z 2021-03-01 17:18:43 [info     ] Running: Uploading codelist for warfarin_last_four_months [cohortextractor.tpp_backend] 
2021-03-01T17:18:43.768888000Z 2021-03-01 17:18:43 [info     ] Running: Query for warfarin_last_four_months [cohortextractor.tpp_backend] 
2021-03-01T17:19:41.237988700Z 2021-03-01 17:19:41 [info     ] Running: Uploading codelist for doac_last_four_months [cohortextractor.tpp_backend] 
2021-03-01T17:19:41.284799100Z 2021-03-01 17:19:41 [info     ] Running: Query for doac_last_four_months [cohortextractor.tpp_backend] 
2021-03-01T17:20:23.342738000Z 2021-03-01 17:20:23 [info     ] Running: Query for population  [cohortextractor.tpp_backend] 
2021-03-01T17:20:33.636766200Z 2021-03-01 17:20:33 [info     ] Writing results into temporary table 'OPENCoronaTempTables..DataExtract_6bb925902b42500ea65677a4814adb3a475fc662' [cohortextractor.tpp_backend] 
2021-03-01T17:21:44.073205600Z 2021-03-01 17:21:44 [info     ] Downloading results from 'OPENCoronaTempTables..DataExtract_6bb925902b42500ea65677a4814adb3a475fc662' [cohortextractor.tpp_backend] 
2021-03-01T17:22:10.800391500Z 2021-03-01 17:22:10 [info     ] Downloaded 1000000 results     [cohortextractor.tpp_backend] 
2021-03-01T17:22:21.043116600Z 2021-03-01 17:22:21 [info     ] Downloaded 2000000 results     [cohortextractor.tpp_backend] 
2021-03-01T17:22:31.484601900Z 2021-03-01 17:22:31 [info     ] Downloaded 3000000 results     [cohortextractor.tpp_backend] 
2021-03-01T17:22:43.803542900Z 2021-03-01 17:22:43 [info     ] Downloaded 4000000 results     [cohortextractor.tpp_backend] 
2021-03-01T17:22:56.402167000Z 2021-03-01 17:22:56 [info     ] Downloaded 5000000 results     [cohortextractor.tpp_backend] 
2021-03-01T17:23:12.382543300Z 2021-03-01 17:23:12 [info     ] Downloaded 6000000 results     [cohortextractor.tpp_backend] 
2021-03-01T17:23:39.553342900Z 2021-03-01 17:23:39 [info     ] Downloaded 7000000 results     [cohortextractor.tpp_backend] 
2021-03-01T17:23:51.700373000Z 2021-03-01 17:23:51 [info     ] Downloaded 8000000 results     [cohortextractor.tpp_backend] 
2021-03-01T17:24:04.782069700Z 2021-03-01 17:24:04 [info     ] Downloaded 9000000 results     [cohortextractor.tpp_backend] 
2021-03-01T17:24:16.130280100Z 2021-03-01 17:24:16 [info     ] Downloaded 10000000 results    [cohortextractor.tpp_backend] 
2021-03-01T17:24:28.574264600Z 2021-03-01 17:24:28 [info     ] Downloaded 11000000 results    [cohortextractor.tpp_backend] 
2021-03-01T17:24:40.135516000Z 2021-03-01 17:24:40 [info     ] Downloaded 12000000 results    [cohortextractor.tpp_backend] 
2021-03-01T17:24:51.191374900Z 2021-03-01 17:24:51 [info     ] Downloaded 13000000 results    [cohortextractor.tpp_backend] 
2021-03-01T17:25:03.136076300Z 2021-03-01 17:25:03 [info     ] Downloaded 14000000 results    [cohortextractor.tpp_backend] 
2021-03-01T17:25:13.743388400Z 2021-03-01 17:25:13 [info     ] Downloaded 15000000 results    [cohortextractor.tpp_backend] 
2021-03-01T17:25:24.224459600Z 2021-03-01 17:25:24 [info     ] Downloaded 16000000 results    [cohortextractor.tpp_backend] 
2021-03-01T17:25:35.902009400Z 2021-03-01 17:25:35 [info     ] Downloaded 17000000 results    [cohortextractor.tpp_backend] 
2021-03-01T17:25:47.049937300Z 2021-03-01 17:25:47 [info     ] Downloaded 18000000 results    [cohortextractor.tpp_backend] 
2021-03-01T17:26:04.165462300Z 2021-03-01 17:26:04 [info     ] Downloaded 19000000 results    [cohortextractor.tpp_backend] 
2021-03-01T17:26:25.524232400Z 2021-03-01 17:26:25 [info     ] Downloaded 20000000 results    [cohortextractor.tpp_backend] 
2021-03-01T17:26:36.039031600Z 2021-03-01 17:26:36 [info     ] Downloaded 21000000 results    [cohortextractor.tpp_backend] 
2021-03-01T17:26:44.619423800Z 2021-03-01 17:26:44 [info     ] Downloaded 22000000 results    [cohortextractor.tpp_backend] 
2021-03-01T17:26:54.650201100Z 2021-03-01 17:26:54 [info     ] Downloaded 23000000 results    [cohortextractor.tpp_backend] 
2021-03-01T17:27:13.648397300Z 2021-03-01 17:27:13 [info     ] Downloaded 24000000 results    [cohortextractor.tpp_backend] 
2021-03-01T17:27:58.622989800Z 2021-03-01 17:27:58 [info     ] Downloaded 25000000 results    [cohortextractor.tpp_backend] 
2021-03-01T17:28:10.275973600Z 2021-03-01 17:28:10 [info     ] Downloaded 26000000 results    [cohortextractor.tpp_backend] 
2021-03-01T17:28:22.106999900Z 2021-03-01 17:28:22 [info     ] Downloaded 27000000 results    [cohortextractor.tpp_backend] 
2021-03-01T17:28:35.100134900Z 2021-03-01 17:28:35 [info     ] Downloaded 28000000 results    [cohortextractor.tpp_backend] 
2021-03-01T17:28:46.520554600Z 2021-03-01 17:28:46 [info     ] Downloaded 29000000 results    [cohortextractor.tpp_backend] 
2021-03-01T17:28:58.749374200Z 2021-03-01 17:28:58 [info     ] Downloaded 30000000 results    [cohortextractor.tpp_backend] 
2021-03-01T17:29:08.087725700Z 2021-03-01 17:29:08 [info     ] Downloaded 31000000 results    [cohortextractor.tpp_backend] 
2021-03-01T17:29:09.798164600Z 2021-03-01 17:29:09 [info     ] Downloaded 31161384 results    [cohortextractor.tpp_backend] 
2021-03-01T17:29:09.798323600Z 2021-03-01 17:29:09 [info     ] Running: Deleting 'OPENCoronaTempTables..DataExtract_6bb925902b42500ea65677a4814adb3a475fc662' [cohortextractor.tpp_backend] 
2021-03-01T17:29:12.080068100Z 2021-03-01 17:29:12 [info     ] Successfully created cohort and covariates at output/input_general_population_flow_chart.csv [cohortextractor.cohortextractor] 
2021-03-01T17:29:12.080219800Z 2021-03-01 17:29:12 [info     ] Generating cohort for study_definition_general_population_wo_exclusion_GP_visit in output [cohortextractor.cohortextractor] 
2021-03-01T17:29:12.387436300Z 2021-03-01 17:29:12 [info     ] Checking for existing results in 'OPENCoronaTempTables..DataExtract_1b852b0fd320504b2934986e9385abf8da4efa75' [cohortextractor.tpp_backend] 
2021-03-01T17:29:12.485569200Z 2021-03-01 17:29:12 [info     ] No existing results found, running queries to generate new results [cohortextractor.tpp_backend] 
2021-03-01T17:29:12.529110300Z 2021-03-01 17:29:12 [info     ] Running: Query for dereg_date  [cohortextractor.tpp_backend] 
2021-03-01T17:29:18.913005100Z 2021-03-01 17:29:18 [info     ] Running: Uploading codelist for af [cohortextractor.tpp_backend] 
2021-03-01T17:29:18.952730200Z 2021-03-01 17:29:18 [info     ] Running: Query for af          [cohortextractor.tpp_backend] 
2021-03-01T17:29:20.999073300Z 2021-03-01 17:29:20 [info     ] Running: Uploading codelist for valvular_AF [cohortextractor.tpp_backend] 
2021-03-01T17:29:21.052274200Z 2021-03-01 17:29:21 [info     ] Running: Query for valvular_AF [cohortextractor.tpp_backend] 
2021-03-01T17:29:21.466712700Z 2021-03-01 17:29:21 [info     ] Running: Uploading codelist for antiphospholipid_syndrome [cohortextractor.tpp_backend] 
2021-03-01T17:29:21.499423900Z 2021-03-01 17:29:21 [info     ] Running: Query for antiphospholipid_syndrome [cohortextractor.tpp_backend] 
2021-03-01T17:29:21.815442700Z 2021-03-01 17:29:21 [info     ] Running: Query for died_ons_covid_flag_any [cohortextractor.tpp_backend] 
2021-03-01T17:29:22.725638400Z 2021-03-01 17:29:22 [info     ] Running: Query for died_ons_covid_flag_underlying [cohortextractor.tpp_backend] 
2021-03-01T17:29:23.785278300Z 2021-03-01 17:29:23 [info     ] Running: Query for died_date_ons [cohortextractor.tpp_backend] 
2021-03-01T17:29:24.893384400Z 2021-03-01 17:29:24 [info     ] Running: Query for first_tested_for_covid [cohortextractor.tpp_backend] 
2021-03-01T17:29:31.654909500Z 2021-03-01 17:29:31 [info     ] Running: Query for first_positive_test_date [cohortextractor.tpp_backend] 
2021-03-01T17:29:32.823904400Z 2021-03-01 17:29:32 [info     ] Running: Query for covid_admission_date [cohortextractor.tpp_backend] 
2021-03-01T17:29:36.364490100Z 2021-03-01 17:29:36 [info     ] Running: Query for covid_admission_primary_dx [cohortextractor.tpp_backend] 
2021-03-01T17:29:39.723653100Z 2021-03-01 17:29:39 [info     ] Running: Query for mi_date_ons [cohortextractor.tpp_backend] 
2021-03-01T17:29:41.149882500Z 2021-03-01 17:29:41 [info     ] Running: Query for stroke_date_ons [cohortextractor.tpp_backend] 
2021-03-01T17:29:42.813937800Z 2021-03-01 17:29:42 [info     ] Running: Query for vte_date_ons [cohortextractor.tpp_backend] 
2021-03-01T17:29:44.596153900Z 2021-03-01 17:29:44 [info     ] Running: Query for gi_bleed_date_ons [cohortextractor.tpp_backend] 
2021-03-01T17:29:46.413991800Z 2021-03-01 17:29:46 [info     ] Running: Query for intracranial_bleed_date_ons [cohortextractor.tpp_backend] 
2021-03-01T17:29:48.087784800Z 2021-03-01 17:29:48 [info     ] Running: Uploading codelist for lmwh_last_four_months [cohortextractor.tpp_backend] 
2021-03-01T17:29:48.165936800Z 2021-03-01 17:29:48 [info     ] Running: Query for lmwh_last_four_months [cohortextractor.tpp_backend] 
2021-03-01T17:30:14.070848800Z 2021-03-01 17:30:14 [info     ] Running: Uploading codelist for warfarin_last_four_months [cohortextractor.tpp_backend] 
2021-03-01T17:30:14.113456800Z 2021-03-01 17:30:14 [info     ] Running: Query for warfarin_last_four_months [cohortextractor.tpp_backend] 
2021-03-01T17:30:35.425154100Z 2021-03-01 17:30:35 [info     ] Running: Uploading codelist for doac_last_four_months [cohortextractor.tpp_backend] 
2021-03-01T17:30:35.461120400Z 2021-03-01 17:30:35 [info     ] Running: Query for doac_last_four_months [cohortextractor.tpp_backend] 
2021-03-01T17:31:17.503433300Z 2021-03-01 17:31:17 [info     ] Running: Uploading codelist for warfarin_march_first [cohortextractor.tpp_backend] 
2021-03-01T17:31:17.547145000Z 2021-03-01 17:31:17 [info     ] Running: Query for warfarin_march_first [cohortextractor.tpp_backend] 
2021-03-01T17:31:36.376440800Z 2021-03-01 17:31:36 [info     ] Running: Uploading codelist for doac_march_first [cohortextractor.tpp_backend] 
2021-03-01T17:31:36.458035000Z 2021-03-01 17:31:36 [info     ] Running: Query for doac_march_first [cohortextractor.tpp_backend] 
2021-03-01T17:32:10.509850600Z 2021-03-01 17:32:10 [info     ] Running: Uploading codelist for warfarin_march_last [cohortextractor.tpp_backend] 
2021-03-01T17:32:10.546898800Z 2021-03-01 17:32:10 [info     ] Running: Query for warfarin_march_last [cohortextractor.tpp_backend] 
2021-03-01T17:32:29.662912600Z 2021-03-01 17:32:29 [info     ] Running: Uploading codelist for doac_march_last [cohortextractor.tpp_backend] 
2021-03-01T17:32:29.745564900Z 2021-03-01 17:32:29 [info     ] Running: Query for doac_march_last [cohortextractor.tpp_backend] 
2021-03-01T17:33:04.255835400Z 2021-03-01 17:33:04 [info     ] Running: Uploading codelist for warfarin_apr_first [cohortextractor.tpp_backend] 
2021-03-01T17:33:04.293571600Z 2021-03-01 17:33:04 [info     ] Running: Query for warfarin_apr_first [cohortextractor.tpp_backend] 
2021-03-01T17:33:26.375690300Z 2021-03-01 17:33:26 [info     ] Running: Uploading codelist for doac_apr_first [cohortextractor.tpp_backend] 
2021-03-01T17:33:26.413687500Z 2021-03-01 17:33:26 [info     ] Running: Query for doac_apr_first [cohortextractor.tpp_backend] 
2021-03-01T17:34:19.353600900Z 2021-03-01 17:34:19 [info     ] Running: Uploading codelist for warfarin_apr_last [cohortextractor.tpp_backend] 
2021-03-01T17:34:19.390342000Z 2021-03-01 17:34:19 [info     ] Running: Query for warfarin_apr_last [cohortextractor.tpp_backend] 
2021-03-01T17:34:40.357267200Z 2021-03-01 17:34:40 [info     ] Running: Uploading codelist for doac_apr_last [cohortextractor.tpp_backend] 
2021-03-01T17:34:40.420360900Z 2021-03-01 17:34:40 [info     ] Running: Query for doac_apr_last [cohortextractor.tpp_backend] 
2021-03-01T17:35:16.689606800Z 2021-03-01 17:35:16 [info     ] Running: Uploading codelist for warfarin_may_first [cohortextractor.tpp_backend] 
2021-03-01T17:35:16.768474800Z 2021-03-01 17:35:16 [info     ] Running: Query for warfarin_may_first [cohortextractor.tpp_backend] 
2021-03-01T17:35:35.572859000Z 2021-03-01 17:35:35 [info     ] Running: Uploading codelist for doac_may_first [cohortextractor.tpp_backend] 
2021-03-01T17:35:35.616236200Z 2021-03-01 17:35:35 [info     ] Running: Query for doac_may_first [cohortextractor.tpp_backend] 
2021-03-01T17:36:13.307320300Z 2021-03-01 17:36:13 [info     ] Running: Uploading codelist for warfarin_may_last [cohortextractor.tpp_backend] 
2021-03-01T17:36:13.355004400Z 2021-03-01 17:36:13 [info     ] Running: Query for warfarin_may_last [cohortextractor.tpp_backend] 
2021-03-01T17:36:32.381646900Z 2021-03-01 17:36:32 [info     ] Running: Uploading codelist for doac_may_last [cohortextractor.tpp_backend] 
2021-03-01T17:36:32.412342400Z 2021-03-01 17:36:32 [info     ] Running: Query for doac_may_last [cohortextractor.tpp_backend] 
2021-03-01T17:37:06.341634900Z 2021-03-01 17:37:06 [info     ] Running: Uploading codelist for warfarin_jun_first [cohortextractor.tpp_backend] 
2021-03-01T17:37:06.376595100Z 2021-03-01 17:37:06 [info     ] Running: Query for warfarin_jun_first [cohortextractor.tpp_backend] 
2021-03-01T17:37:25.386757000Z 2021-03-01 17:37:25 [info     ] Running: Uploading codelist for doac_jun_first [cohortextractor.tpp_backend] 
2021-03-01T17:37:25.422265600Z 2021-03-01 17:37:25 [info     ] Running: Query for doac_jun_first [cohortextractor.tpp_backend] 
2021-03-01T17:38:00.604841000Z 2021-03-01 17:38:00 [info     ] Running: Uploading codelist for warfarin_jun_last [cohortextractor.tpp_backend] 
2021-03-01T17:38:00.675732900Z 2021-03-01 17:38:00 [info     ] Running: Query for warfarin_jun_last [cohortextractor.tpp_backend] 
2021-03-01T17:38:19.562282300Z 2021-03-01 17:38:19 [info     ] Running: Uploading codelist for doac_jun_last [cohortextractor.tpp_backend] 
2021-03-01T17:38:19.594353900Z 2021-03-01 17:38:19 [info     ] Running: Query for doac_jun_last [cohortextractor.tpp_backend] 
2021-03-01T17:38:53.874230600Z 2021-03-01 17:38:53 [info     ] Running: Uploading codelist for warfarin_jul_first [cohortextractor.tpp_backend] 
2021-03-01T17:38:53.911891200Z 2021-03-01 17:38:53 [info     ] Running: Query for warfarin_jul_first [cohortextractor.tpp_backend] 
2021-03-01T17:39:13.679380200Z 2021-03-01 17:39:13 [info     ] Running: Uploading codelist for doac_jul_first [cohortextractor.tpp_backend] 
2021-03-01T17:39:13.723998500Z 2021-03-01 17:39:13 [info     ] Running: Query for doac_jul_first [cohortextractor.tpp_backend] 
2021-03-01T17:39:48.567089200Z 2021-03-01 17:39:48 [info     ] Running: Uploading codelist for warfarin_jul_last [cohortextractor.tpp_backend] 
2021-03-01T17:39:48.606843500Z 2021-03-01 17:39:48 [info     ] Running: Query for warfarin_jul_last [cohortextractor.tpp_backend] 
2021-03-01T17:40:08.604394900Z 2021-03-01 17:40:08 [info     ] Running: Uploading codelist for doac_jul_last [cohortextractor.tpp_backend] 
2021-03-01T17:40:08.646000800Z 2021-03-01 17:40:08 [info     ] Running: Query for doac_jul_last [cohortextractor.tpp_backend] 
2021-03-01T17:40:42.886134200Z 2021-03-01 17:40:42 [info     ] Running: Uploading codelist for warfarin_aug_first [cohortextractor.tpp_backend] 
2021-03-01T17:40:42.951271000Z 2021-03-01 17:40:42 [info     ] Running: Query for warfarin_aug_first [cohortextractor.tpp_backend] 
2021-03-01T17:41:01.779516400Z 2021-03-01 17:41:01 [info     ] Running: Uploading codelist for doac_aug_first [cohortextractor.tpp_backend] 
2021-03-01T17:41:01.849532300Z 2021-03-01 17:41:01 [info     ] Running: Query for doac_aug_first [cohortextractor.tpp_backend] 
2021-03-01T17:41:36.848571000Z 2021-03-01 17:41:36 [info     ] Running: Uploading codelist for warfarin_aug_last [cohortextractor.tpp_backend] 
2021-03-01T17:41:36.924688600Z 2021-03-01 17:41:36 [info     ] Running: Query for warfarin_aug_last [cohortextractor.tpp_backend] 
2021-03-01T17:41:55.760597000Z 2021-03-01 17:41:55 [info     ] Running: Uploading codelist for doac_aug_last [cohortextractor.tpp_backend] 
2021-03-01T17:41:55.824844300Z 2021-03-01 17:41:55 [info     ] Running: Query for doac_aug_last [cohortextractor.tpp_backend] 
2021-03-01T17:42:32.351014300Z 2021-03-01 17:42:32 [info     ] Running: Uploading codelist for warfarin_sep_first [cohortextractor.tpp_backend] 
2021-03-01T17:42:32.390785300Z 2021-03-01 17:42:32 [info     ] Running: Query for warfarin_sep_first [cohortextractor.tpp_backend] 
2021-03-01T17:42:52.101215700Z 2021-03-01 17:42:52 [info     ] Running: Uploading codelist for doac_sep_first [cohortextractor.tpp_backend] 
2021-03-01T17:42:52.154267800Z 2021-03-01 17:42:52 [info     ] Running: Query for doac_sep_first [cohortextractor.tpp_backend] 
2021-03-01T17:43:43.711144000Z 2021-03-01 17:43:43 [info     ] Running: Uploading codelist for warfarin_sep_last [cohortextractor.tpp_backend] 
2021-03-01T17:43:43.762842600Z 2021-03-01 17:43:43 [info     ] Running: Query for warfarin_sep_last [cohortextractor.tpp_backend] 
2021-03-01T17:44:05.559033900Z 2021-03-01 17:44:05 [info     ] Running: Uploading codelist for doac_sep_last [cohortextractor.tpp_backend] 
2021-03-01T17:44:05.612846600Z 2021-03-01 17:44:05 [info     ] Running: Query for doac_sep_last [cohortextractor.tpp_backend] 
2021-03-01T17:44:43.272482100Z 2021-03-01 17:44:43 [info     ] Running: Query for age         [cohortextractor.tpp_backend] 
2021-03-01T17:45:02.504802100Z 2021-03-01 17:45:02 [info     ] Running: Query for sex         [cohortextractor.tpp_backend] 
2021-03-01T17:45:10.338204800Z 2021-03-01 17:45:10 [info     ] Running: Query for bmi         [cohortextractor.tpp_backend] 
2021-03-01T17:52:26.503985900Z 2021-03-01 17:52:26 [info     ] Running: Query for stp         [cohortextractor.tpp_backend] 
2021-03-01T17:52:47.836913100Z 2021-03-01 17:52:47 [info     ] Running: Query for msoa        [cohortextractor.tpp_backend] 
2021-03-01T17:53:07.770196400Z 2021-03-01 17:53:07 [info     ] Running: Query for practice_id [cohortextractor.tpp_backend] 
2021-03-01T17:53:27.016252000Z 2021-03-01 17:53:27 [info     ] Running: Query for care_home_type [cohortextractor.tpp_backend] 
2021-03-01T17:53:57.783528000Z 2021-03-01 17:53:57 [info     ] Running: Query for imd         [cohortextractor.tpp_backend] 
2021-03-01T17:54:26.156948400Z 2021-03-01 17:54:26 [info     ] Running: Uploading codelist for ethnicity [cohortextractor.tpp_backend] 
2021-03-01T17:54:26.198103200Z 2021-03-01 17:54:26 [info     ] Running: Query for ethnicity   [cohortextractor.tpp_backend] 
2021-03-01T18:20:47.199117900Z 2021-03-01 18:20:47 [info     ] Running: Uploading codelist for most_recent_smoking_code [cohortextractor.tpp_backend] 
2021-03-01T18:20:47.233693200Z 2021-03-01 18:20:47 [info     ] Running: Query for most_recent_smoking_code [cohortextractor.tpp_backend] 
2021-03-01T19:02:03.549078600Z 2021-03-01 19:02:03 [info     ] Running: Uploading codelist for ever_smoked [cohortextractor.tpp_backend] 
2021-03-01T19:02:03.626162100Z 2021-03-01 19:02:03 [info     ] Running: Query for ever_smoked [cohortextractor.tpp_backend] 
2021-03-01T19:02:32.217620100Z 2021-03-01 19:02:32 [info     ] Running: Uploading codelist for smoking_status_date [cohortextractor.tpp_backend] 
2021-03-01T19:02:32.251281300Z 2021-03-01 19:02:32 [info     ] Running: Query for smoking_status_date [cohortextractor.tpp_backend] 
2021-03-01T19:03:19.209632300Z 2021-03-01 19:03:19 [info     ] Running: Uploading codelist for hazardous_alcohol [cohortextractor.tpp_backend] 
2021-03-01T19:03:19.249400700Z 2021-03-01 19:03:19 [info     ] Running: Query for hazardous_alcohol [cohortextractor.tpp_backend] 
2021-03-01T19:03:20.904153900Z 2021-03-01 19:03:20 [info     ] Running: Uploading codelist for hypertension [cohortextractor.tpp_backend] 
2021-03-01T19:03:20.947627700Z 2021-03-01 19:03:20 [info     ] Running: Query for hypertension [cohortextractor.tpp_backend] 
2021-03-01T19:03:39.415306700Z 2021-03-01 19:03:39 [info     ] Running: Uploading codelist for heart_failure [cohortextractor.tpp_backend] 
2021-03-01T19:03:39.548375700Z 2021-03-01 19:03:39 [info     ] Running: Query for heart_failure [cohortextractor.tpp_backend] 
2021-03-01T19:03:41.130816800Z 2021-03-01 19:03:41 [info     ] Running: Uploading codelist for diabetes [cohortextractor.tpp_backend] 
2021-03-01T19:03:41.265500400Z 2021-03-01 19:03:41 [info     ] Running: Query for diabetes    [cohortextractor.tpp_backend] 
2021-03-01T19:03:53.693638100Z 2021-03-01 19:03:53 [info     ] Running: Uploading codelist for hba1c_mmol_per_mol [cohortextractor.tpp_backend] 
2021-03-01T19:03:53.733079700Z 2021-03-01 19:03:53 [info     ] Running: Query for hba1c_mmol_per_mol [cohortextractor.tpp_backend] 
2021-03-01T19:05:09.395748700Z 2021-03-01 19:05:09 [info     ] Running: Uploading codelist for hba1c_percentage [cohortextractor.tpp_backend] 
2021-03-01T19:05:09.429804500Z 2021-03-01 19:05:09 [info     ] Running: Query for hba1c_percentage [cohortextractor.tpp_backend] 
2021-03-01T19:06:05.949031400Z 2021-03-01 19:06:05 [info     ] Running: Uploading codelist for copd [cohortextractor.tpp_backend] 
2021-03-01T19:06:05.983663800Z 2021-03-01 19:06:05 [info     ] Running: Query for copd        [cohortextractor.tpp_backend] 
2021-03-01T19:06:08.114064500Z 2021-03-01 19:06:08 [info     ] Running: Uploading codelist for other_respiratory [cohortextractor.tpp_backend] 
2021-03-01T19:06:08.205906100Z 2021-03-01 19:06:08 [info     ] Running: Query for other_respiratory [cohortextractor.tpp_backend] 
2021-03-01T19:06:08.999755300Z 2021-03-01 19:06:08 [info     ] Running: Uploading codelist for cancer [cohortextractor.tpp_backend] 
2021-03-01T19:06:09.280931600Z 2021-03-01 19:06:09 [info     ] Running: Query for cancer      [cohortextractor.tpp_backend] 
2021-03-01T19:06:11.612761900Z 2021-03-01 19:06:11 [info     ] Running: Uploading codelist for permanent_immunodeficiency [cohortextractor.tpp_backend] 
2021-03-01T19:06:11.696120400Z 2021-03-01 19:06:11 [info     ] Running: Query for permanent_immunodeficiency [cohortextractor.tpp_backend] 
2021-03-01T19:06:11.940918200Z 2021-03-01 19:06:11 [info     ] Running: Uploading codelist for aplastic_anaemia [cohortextractor.tpp_backend] 
2021-03-01T19:06:11.997495300Z 2021-03-01 19:06:11 [info     ] Running: Query for aplastic_anaemia [cohortextractor.tpp_backend] 
2021-03-01T19:06:12.027359900Z 2021-03-01 19:06:12 [info     ] Running: Uploading codelist for temporary_immunodeficiency [cohortextractor.tpp_backend] 
2021-03-01T19:06:12.058813400Z 2021-03-01 19:06:12 [info     ] Running: Query for temporary_immunodeficiency [cohortextractor.tpp_backend] 
2021-03-01T19:06:12.122325500Z 2021-03-01 19:06:12 [info     ] Running: Uploading codelist for creatinine [cohortextractor.tpp_backend] 
2021-03-01T19:06:12.165425400Z 2021-03-01 19:06:12 [info     ] Running: Query for creatinine  [cohortextractor.tpp_backend] 
2021-03-01T19:08:27.754719000Z 2021-03-01 19:08:27 [info     ] Running: Uploading codelist for esrf [cohortextractor.tpp_backend] 
2021-03-01T19:08:27.798362500Z 2021-03-01 19:08:27 [info     ] Running: Query for esrf        [cohortextractor.tpp_backend] 
2021-03-01T19:08:27.952761400Z 2021-03-01 19:08:27 [info     ] Running: Uploading codelist for has_bled_score [cohortextractor.tpp_backend] 
2021-03-01T19:08:27.998453100Z 2021-03-01 19:08:27 [info     ] Running: Query for has_bled_score [cohortextractor.tpp_backend] 
2021-03-01T19:08:33.215584800Z 2021-03-01 19:08:33 [info     ] Running: Uploading codelist for stroke [cohortextractor.tpp_backend] 
2021-03-01T19:08:33.278996300Z 2021-03-01 19:08:33 [info     ] Running: Query for stroke      [cohortextractor.tpp_backend] 
2021-03-01T19:08:34.168555900Z 2021-03-01 19:08:34 [info     ] Running: Uploading codelist for tia [cohortextractor.tpp_backend] 
2021-03-01T19:08:34.203090100Z 2021-03-01 19:08:34 [info     ] Running: Query for tia         [cohortextractor.tpp_backend] 
2021-03-01T19:08:34.958743600Z 2021-03-01 19:08:34 [info     ] Running: Uploading codelist for myocardial_infarct [cohortextractor.tpp_backend] 
2021-03-01T19:08:34.998678000Z 2021-03-01 19:08:34 [info     ] Running: Query for myocardial_infarct [cohortextractor.tpp_backend] 
2021-03-01T19:08:35.777226600Z 2021-03-01 19:08:35 [info     ] Running: Uploading codelist for pad [cohortextractor.tpp_backend] 
2021-03-01T19:08:35.820541200Z 2021-03-01 19:08:35 [info     ] Running: Query for pad         [cohortextractor.tpp_backend] 
2021-03-01T19:08:36.201790200Z 2021-03-01 19:08:36 [info     ] Running: Uploading codelist for vte [cohortextractor.tpp_backend] 
2021-03-01T19:08:36.236460100Z 2021-03-01 19:08:36 [info     ] Running: Query for vte         [cohortextractor.tpp_backend] 
2021-03-01T19:08:36.916712000Z 2021-03-01 19:08:36 [info     ] Running: Query for flu_vaccine_tpp_table [cohortextractor.tpp_backend] 
2021-03-01T19:08:43.691369700Z 2021-03-01 19:08:43 [info     ] Running: Uploading codelist for flu_vaccine_med [cohortextractor.tpp_backend] 
2021-03-01T19:08:43.730673400Z 2021-03-01 19:08:43 [info     ] Running: Query for flu_vaccine_med [cohortextractor.tpp_backend] 
2021-03-01T19:10:24.148924200Z 2021-03-01 19:10:24 [info     ] Running: Uploading codelist for flu_vaccine_clinical [cohortextractor.tpp_backend] 
2021-03-01T19:10:24.179417500Z 2021-03-01 19:10:24 [info     ] Running: Uploading codelist for flu_vaccine_clinical [cohortextractor.tpp_backend] 
2021-03-01T19:10:25.129953700Z 2021-03-01 19:10:25 [info     ] Running: Query for flu_vaccine_clinical [cohortextractor.tpp_backend] 
2021-03-01T19:10:27.259734300Z 2021-03-01 19:10:27 [info     ] Running: Query for ae_attendance_last_year [cohortextractor.tpp_backend] 
2021-03-01T19:10:31.950819400Z 2021-03-01 19:10:31 [info     ] Running: Query for gp_consult_count [cohortextractor.tpp_backend] 
2021-03-01T19:10:58.745443300Z 2021-03-01 19:10:58 [info     ] Running: Query for has_consultation_history [cohortextractor.tpp_backend] 
2021-03-01T19:11:16.513439900Z 2021-03-01 19:11:16 [info     ] Running: Uploading codelist for oestrogen [cohortextractor.tpp_backend] 
2021-03-01T19:11:16.566818200Z 2021-03-01 19:11:16 [info     ] Running: Query for oestrogen   [cohortextractor.tpp_backend] 
2021-03-01T19:12:04.131439200Z 2021-03-01 19:12:04 [info     ] Running: Uploading codelist for antiplatelet [cohortextractor.tpp_backend] 
2021-03-01T19:12:04.177415800Z 2021-03-01 19:12:04 [info     ] Running: Query for antiplatelet [cohortextractor.tpp_backend] 
2021-03-01T19:12:27.173771300Z 2021-03-01 19:12:27 [info     ] Running: Uploading codelist for aspirins [cohortextractor.tpp_backend] 
2021-03-01T19:12:27.217363200Z 2021-03-01 19:12:27 [info     ] Running: Query for aspirins    [cohortextractor.tpp_backend] 
2021-03-01T19:12:50.348631000Z 2021-03-01 19:12:50 [info     ] Running: Uploading codelist for nsaid [cohortextractor.tpp_backend] 
2021-03-01T19:12:50.497387600Z 2021-03-01 19:12:50 [info     ] Running: Query for nsaid       [cohortextractor.tpp_backend] 
2021-03-01T19:13:12.576469300Z 2021-03-01 19:13:12 [info     ] Running: Query for registration_history [cohortextractor.tpp_backend] 
2021-03-01T19:13:28.006045000Z 2021-03-01 19:13:28 [info     ] Writing results into temporary table 'OPENCoronaTempTables..DataExtract_1b852b0fd320504b2934986e9385abf8da4efa75' [cohortextractor.tpp_backend] 
2021-03-01T19:27:06.634212700Z 2021-03-01 19:27:06 [info     ] Downloading results from 'OPENCoronaTempTables..DataExtract_1b852b0fd320504b2934986e9385abf8da4efa75' [cohortextractor.tpp_backend] 
2021-03-01T19:28:01.347816900Z 2021-03-01 19:28:01 [info     ] Downloaded 1000000 results     [cohortextractor.tpp_backend] 
2021-03-01T19:28:56.308545400Z 2021-03-01 19:28:56 [info     ] Downloaded 2000000 results     [cohortextractor.tpp_backend] 
2021-03-01T19:29:55.801536800Z 2021-03-01 19:29:55 [info     ] Downloaded 3000000 results     [cohortextractor.tpp_backend] 
2021-03-01T19:30:58.570510300Z 2021-03-01 19:30:58 [info     ] Downloaded 4000000 results     [cohortextractor.tpp_backend] 
2021-03-01T19:32:05.789061900Z 2021-03-01 19:32:05 [info     ] Downloaded 5000000 results     [cohortextractor.tpp_backend] 
2021-03-01T19:33:08.280043400Z 2021-03-01 19:33:08 [info     ] Downloaded 6000000 results     [cohortextractor.tpp_backend] 
2021-03-01T19:34:12.286516700Z 2021-03-01 19:34:12 [info     ] Downloaded 7000000 results     [cohortextractor.tpp_backend] 
2021-03-01T19:35:16.798613200Z 2021-03-01 19:35:16 [info     ] Downloaded 8000000 results     [cohortextractor.tpp_backend] 
2021-03-01T19:36:20.398606600Z 2021-03-01 19:36:20 [info     ] Downloaded 9000000 results     [cohortextractor.tpp_backend] 
2021-03-01T19:37:26.228440300Z 2021-03-01 19:37:26 [info     ] Downloaded 10000000 results    [cohortextractor.tpp_backend] 
2021-03-01T19:38:35.050035200Z 2021-03-01 19:38:35 [info     ] Downloaded 11000000 results    [cohortextractor.tpp_backend] 
2021-03-01T19:39:33.879980900Z 2021-03-01 19:39:33 [info     ] Downloaded 12000000 results    [cohortextractor.tpp_backend] 
2021-03-01T19:40:38.660576700Z 2021-03-01 19:40:38 [info     ] Downloaded 13000000 results    [cohortextractor.tpp_backend] 
2021-03-01T19:41:40.964927200Z 2021-03-01 19:41:40 [info     ] Downloaded 14000000 results    [cohortextractor.tpp_backend] 
2021-03-01T19:42:45.110250400Z 2021-03-01 19:42:45 [info     ] Downloaded 15000000 results    [cohortextractor.tpp_backend] 
2021-03-01T19:43:43.282924800Z 2021-03-01 19:43:43 [info     ] Downloaded 16000000 results    [cohortextractor.tpp_backend] 
2021-03-01T19:44:27.519674500Z 2021-03-01 19:44:27 [info     ] Downloaded 16677490 results    [cohortextractor.tpp_backend] 
2021-03-01T19:44:27.519897600Z 2021-03-01 19:44:27 [info     ] Running: Deleting 'OPENCoronaTempTables..DataExtract_1b852b0fd320504b2934986e9385abf8da4efa75' [cohortextractor.tpp_backend] 
2021-03-01T19:44:30.987148700Z 2021-03-01 19:44:30 [info     ] Successfully created cohort and covariates at output/input_general_population_wo_exclusion_GP_visit.csv [cohortextractor.cohortextractor] 
2021-03-01T19:44:30.987236200Z 2021-03-01 19:44:30 [info     ] Generating cohort for study_definition_general_population_wo_exclusion_GP_visit_flow_chart in output [cohortextractor.cohortextractor] 
2021-03-01T19:44:30.999971900Z 2021-03-01 19:44:30 [info     ] Checking for existing results in 'OPENCoronaTempTables..DataExtract_3d8d5b61cdeda3afccbdb3d135ef6595bf06395a' [cohortextractor.tpp_backend] 
2021-03-01T19:44:31.100880600Z 2021-03-01 19:44:31 [info     ] No existing results found, running queries to generate new results [cohortextractor.tpp_backend] 
2021-03-01T19:44:31.131372300Z 2021-03-01 19:44:31 [info     ] Running: Query for registration_history [cohortextractor.tpp_backend] 
2021-03-01T19:44:45.618199900Z 2021-03-01 19:44:45 [info     ] Running: Query for age         [cohortextractor.tpp_backend] 
2021-03-01T19:45:04.686770600Z 2021-03-01 19:45:04 [info     ] Running: Query for sex         [cohortextractor.tpp_backend] 
2021-03-01T19:45:12.560400300Z 2021-03-01 19:45:12 [info     ] Running: Query for imd         [cohortextractor.tpp_backend] 
2021-03-01T19:45:39.393500900Z 2021-03-01 19:45:39 [info     ] Running: Uploading codelist for af [cohortextractor.tpp_backend] 
2021-03-01T19:45:39.424583200Z 2021-03-01 19:45:39 [info     ] Running: Query for af          [cohortextractor.tpp_backend] 
2021-03-01T19:45:40.784026900Z 2021-03-01 19:45:40 [info     ] Running: Uploading codelist for lmwh_last_four_months [cohortextractor.tpp_backend] 
2021-03-01T19:45:40.819188600Z 2021-03-01 19:45:40 [info     ] Running: Query for lmwh_last_four_months [cohortextractor.tpp_backend] 
2021-03-01T19:46:01.877740400Z 2021-03-01 19:46:01 [info     ] Running: Uploading codelist for warfarin_last_four_months [cohortextractor.tpp_backend] 
2021-03-01T19:46:01.914408700Z 2021-03-01 19:46:01 [info     ] Running: Query for warfarin_last_four_months [cohortextractor.tpp_backend] 
2021-03-01T19:46:21.773053200Z 2021-03-01 19:46:21 [info     ] Running: Uploading codelist for doac_last_four_months [cohortextractor.tpp_backend] 
2021-03-01T19:46:21.804344100Z 2021-03-01 19:46:21 [info     ] Running: Query for doac_last_four_months [cohortextractor.tpp_backend] 
2021-03-01T19:46:55.676780600Z 2021-03-01 19:46:55 [info     ] Running: Query for population  [cohortextractor.tpp_backend] 
2021-03-01T19:47:03.560602000Z 2021-03-01 19:47:03 [info     ] Writing results into temporary table 'OPENCoronaTempTables..DataExtract_3d8d5b61cdeda3afccbdb3d135ef6595bf06395a' [cohortextractor.tpp_backend] 
2021-03-01T19:48:10.443188600Z 2021-03-01 19:48:10 [info     ] Downloading results from 'OPENCoronaTempTables..DataExtract_3d8d5b61cdeda3afccbdb3d135ef6595bf06395a' [cohortextractor.tpp_backend] 
2021-03-01T19:48:24.247031100Z 2021-03-01 19:48:24 [info     ] Downloaded 1000000 results     [cohortextractor.tpp_backend] 
2021-03-01T19:48:37.346263700Z 2021-03-01 19:48:37 [info     ] Downloaded 2000000 results     [cohortextractor.tpp_backend] 
2021-03-01T19:48:50.001876300Z 2021-03-01 19:48:50 [info     ] Downloaded 3000000 results     [cohortextractor.tpp_backend] 
2021-03-01T19:49:00.802370800Z 2021-03-01 19:49:00 [info     ] Downloaded 4000000 results     [cohortextractor.tpp_backend] 
2021-03-01T19:49:12.868587400Z 2021-03-01 19:49:12 [info     ] Downloaded 5000000 results     [cohortextractor.tpp_backend] 
2021-03-01T19:49:22.846754800Z 2021-03-01 19:49:22 [info     ] Downloaded 6000000 results     [cohortextractor.tpp_backend] 
2021-03-01T19:49:33.063995200Z 2021-03-01 19:49:33 [info     ] Downloaded 7000000 results     [cohortextractor.tpp_backend] 
2021-03-01T19:49:45.472567300Z 2021-03-01 19:49:45 [info     ] Downloaded 8000000 results     [cohortextractor.tpp_backend] 
2021-03-01T19:49:56.528989700Z 2021-03-01 19:49:56 [info     ] Downloaded 9000000 results     [cohortextractor.tpp_backend] 
2021-03-01T19:50:07.936794200Z 2021-03-01 19:50:07 [info     ] Downloaded 10000000 results    [cohortextractor.tpp_backend] 
2021-03-01T19:50:20.215027600Z 2021-03-01 19:50:20 [info     ] Downloaded 11000000 results    [cohortextractor.tpp_backend] 
2021-03-01T19:50:29.898054900Z 2021-03-01 19:50:29 [info     ] Downloaded 12000000 results    [cohortextractor.tpp_backend] 
2021-03-01T19:50:40.279728200Z 2021-03-01 19:50:40 [info     ] Downloaded 13000000 results    [cohortextractor.tpp_backend] 
2021-03-01T19:50:51.875525600Z 2021-03-01 19:50:51 [info     ] Downloaded 14000000 results    [cohortextractor.tpp_backend] 
2021-03-01T19:50:59.970584400Z 2021-03-01 19:50:59 [info     ] Downloaded 15000000 results    [cohortextractor.tpp_backend] 
2021-03-01T19:51:09.369491500Z 2021-03-01 19:51:09 [info     ] Downloaded 16000000 results    [cohortextractor.tpp_backend] 
2021-03-01T19:51:20.559887400Z 2021-03-01 19:51:20 [info     ] Downloaded 17000000 results    [cohortextractor.tpp_backend] 
2021-03-01T19:51:32.833391800Z 2021-03-01 19:51:32 [info     ] Downloaded 18000000 results    [cohortextractor.tpp_backend] 
2021-03-01T19:51:43.364350500Z 2021-03-01 19:51:43 [info     ] Downloaded 19000000 results    [cohortextractor.tpp_backend] 
2021-03-01T19:51:54.242818400Z 2021-03-01 19:51:54 [info     ] Downloaded 20000000 results    [cohortextractor.tpp_backend] 
2021-03-01T19:52:09.645399000Z 2021-03-01 19:52:09 [info     ] Downloaded 21000000 results    [cohortextractor.tpp_backend] 
2021-03-01T19:52:20.859023900Z 2021-03-01 19:52:20 [info     ] Downloaded 22000000 results    [cohortextractor.tpp_backend] 
2021-03-01T19:52:33.529299700Z 2021-03-01 19:52:33 [info     ] Downloaded 23000000 results    [cohortextractor.tpp_backend] 
2021-03-01T19:52:44.208269600Z 2021-03-01 19:52:44 [info     ] Downloaded 24000000 results    [cohortextractor.tpp_backend] 
2021-03-01T19:52:55.801788800Z 2021-03-01 19:52:55 [info     ] Downloaded 25000000 results    [cohortextractor.tpp_backend] 
2021-03-01T19:53:07.373533000Z 2021-03-01 19:53:07 [info     ] Downloaded 26000000 results    [cohortextractor.tpp_backend] 
2021-03-01T19:53:20.581107500Z 2021-03-01 19:53:20 [info     ] Downloaded 27000000 results    [cohortextractor.tpp_backend] 
2021-03-01T19:53:31.423875500Z 2021-03-01 19:53:31 [info     ] Downloaded 28000000 results    [cohortextractor.tpp_backend] 
2021-03-01T19:53:41.261091500Z 2021-03-01 19:53:41 [info     ] Downloaded 29000000 results    [cohortextractor.tpp_backend] 
2021-03-01T19:53:52.388682200Z 2021-03-01 19:53:52 [info     ] Downloaded 30000000 results    [cohortextractor.tpp_backend] 
2021-03-01T19:54:03.420623800Z 2021-03-01 19:54:03 [info     ] Downloaded 31000000 results    [cohortextractor.tpp_backend] 
2021-03-01T19:54:05.798986400Z 2021-03-01 19:54:05 [info     ] Downloaded 31161384 results    [cohortextractor.tpp_backend] 
2021-03-01T19:54:05.799140100Z 2021-03-01 19:54:05 [info     ] Running: Deleting 'OPENCoronaTempTables..DataExtract_3d8d5b61cdeda3afccbdb3d135ef6595bf06395a' [cohortextractor.tpp_backend] 
2021-03-01T19:54:09.338952900Z 2021-03-01 19:54:09 [info     ] Successfully created cohort and covariates at output/input_general_population_wo_exclusion_GP_visit_flow_chart.csv [cohortextractor.cohortextractor] 


state: succeeded
commit: c0f1328846bc2d8184c48d405b3941e4498822a3
docker_image_id: sha256:3984b2cb2d04da29a1aeea55f52abe1800e9018f86ea1750fbe1591d0c5a5015
job_id: kbnxalgqazio7hlv
run_by_user: angelwong121
created_at: 2021-03-01T11:44:56Z
started_at: 2021-03-01T11:45:10Z
completed_at: 2021-03-01T20:23:43Z

Completed successfully

outputs:
  output/input_af.csv                             - highly_sensitive
  output/input_af_population_flow_chart.csv       - highly_sensitive
  output/input_general_population.csv             - highly_sensitive
  output/input_general_population_flow_chart.csv  - highly_sensitive