2021-03-02T05:57:11.916317900Z sys:1: DtypeWarning: Columns (5,154,155,156,157) have mixed types.Specify dtype option on import or set low_memory=False.
2021-03-02T05:57:11.916440500Z sys:1: DtypeWarning: Columns (3,4,7,12,13,14,15,16,20,21,22,23,24,25,26,27,28,29,30,31,32,33,34,35,36,37,38,39,40,41,42,43,44,45,46,47,72,73,76,78,80,81,82) have mixed types.Specify dtype option on import or set low_memory=False.
2021-03-02T05:57:11.916453100Z /usr/local/lib/python3.8/dist-packages/numpy/lib/arraysetops.py:569: FutureWarning: elementwise comparison failed; returning scalar instead, but in the future will perform elementwise comparison
2021-03-02T05:57:11.916461500Z   mask |= (ar1 == a)
2021-03-02T05:57:11.916469700Z /workspace/analysis/match.py:169: SettingWithCopyWarning: 
2021-03-02T05:57:11.916476700Z A value is trying to be set on a copy of a slice from a DataFrame.
2021-03-02T05:57:11.916483500Z Try using .loc[row_indexer,col_indexer] = value instead
2021-03-02T05:57:11.916490300Z 
2021-03-02T05:57:11.916496900Z See the caveats in the documentation: https://pandas.pydata.org/pandas-docs/stable/user_guide/indexing.html#returning-a-view-versus-a-copy
2021-03-02T05:57:11.916504000Z   matched_rows[f"{var}_delta"] = abs(matched_rows[var] - case_row[var])
2021-03-02T05:57:11.916929200Z Matching started at: 2021-03-01 21:09:08.856530
2021-03-02T05:57:11.916955500Z 
2021-03-02T05:57:11.916964400Z 
2021-03-02T05:57:11.916971200Z CSV import:
2021-03-02T05:57:11.916978000Z Completed 2021-03-01 21:12:58.570384
2021-03-02T05:57:11.916985100Z Cases    52416
2021-03-02T05:57:11.916991800Z Matches  12273165
2021-03-02T05:57:11.916998600Z 
2021-03-02T05:57:11.917005300Z 
2021-03-02T05:57:11.917015600Z Dropping cases from matches:
2021-03-02T05:57:11.917022600Z Completed 2021-03-01 21:13:28.860264
2021-03-02T05:57:11.917029700Z Cases    52416
2021-03-02T05:57:11.917080000Z Matches  12273165
2021-03-02T05:57:11.917092600Z 
2021-03-02T05:57:11.917099700Z 
2021-03-02T05:57:11.917106500Z Completed pre-calculating indices at 2021-03-01 21:14:39.988340
2021-03-02T05:57:11.917113500Z 
2021-03-02T05:57:11.917120300Z 
2021-03-02T05:57:11.917127200Z After matching:
2021-03-02T05:57:11.917133800Z Completed 2021-03-02 05:55:11.344632
2021-03-02T05:57:11.917140800Z Cases    51784
2021-03-02T05:57:11.917147500Z Matches  511361
2021-03-02T05:57:11.917154200Z 
2021-03-02T05:57:11.917160800Z Number of available matches per case:
2021-03-02T05:57:11.917167600Z 10.0    50550
2021-03-02T05:57:11.917174200Z 0.0       632
2021-03-02T05:57:11.917180900Z 1.0       199
2021-03-02T05:57:11.917187500Z 2.0       149
2021-03-02T05:57:11.917194000Z 8.0       141
2021-03-02T05:57:11.917218800Z 9.0       136
2021-03-02T05:57:11.917226500Z 4.0       133
2021-03-02T05:57:11.917233300Z 6.0       126
2021-03-02T05:57:11.917240000Z 5.0       121
2021-03-02T05:57:11.917246600Z 3.0       121
2021-03-02T05:57:11.917253400Z 7.0       108
2021-03-02T05:57:11.917260100Z 
2021-03-02T05:57:11.917266900Z age comparison:
2021-03-02T05:57:11.917273700Z Cases:
2021-03-02T05:57:11.917280500Z count    51784.000000
2021-03-02T05:57:11.917287200Z mean        70.627491
2021-03-02T05:57:11.917294000Z std          9.080468
2021-03-02T05:57:11.917300700Z min         18.000000
2021-03-02T05:57:11.917307500Z 25%         66.000000
2021-03-02T05:57:11.917314100Z 50%         71.000000
2021-03-02T05:57:11.917320800Z 75%         75.000000
2021-03-02T05:57:11.917327900Z max        100.000000
2021-03-02T05:57:11.917334700Z Matches:
2021-03-02T05:57:11.917341300Z count    511361.000000
2021-03-02T05:57:11.917348100Z mean         70.478580
2021-03-02T05:57:11.917354800Z std           8.926345
2021-03-02T05:57:11.917361500Z min          18.000000
2021-03-02T05:57:11.917368300Z 25%          66.000000
2021-03-02T05:57:11.917375000Z 50%          71.000000
2021-03-02T05:57:11.917381700Z 75%          75.000000
2021-03-02T05:57:11.917388500Z max         101.000000
2021-03-02T05:57:11.917395300Z 
2021-03-02T05:57:11.917402200Z 


state: succeeded
commit: c0f1328846bc2d8184c48d405b3941e4498822a3
docker_image_id: sha256:ff8ac9d4629be263d5933e53563d7d63e612d35c11414eebc8b0405da785cee2
job_id: rnaryqv5vxqw4wpw
run_by_user: angelwong121
created_at: 2021-03-01T11:44:56Z
started_at: 2021-03-01T21:09:08Z
completed_at: 2021-03-02T05:57:18Z

Completed successfully

outputs:
  output/matched_cases_af_gen_pop.csv    - highly_sensitive    
  output/matched_matches_af_gen_pop.csv  - highly_sensitive    
  output/matching_report_af_gen_pop.txt  - moderately_sensitive