2021-03-09T17:58:57.156225800Z Traceback (most recent call last):
2021-03-09T17:58:57.156290400Z   File "/tmp/entrypoint.py", line 91, in <module>
2021-03-09T17:58:57.156301100Z     main()
2021-03-09T17:58:57.156308200Z   File "/tmp/entrypoint.py", line 87, in main
2021-03-09T17:58:57.156315200Z     run_model(options.script, *options.args)
2021-03-09T17:58:57.156322100Z   File "/tmp/entrypoint.py", line 42, in run_model
2021-03-09T17:58:57.156329000Z     return check_output(log_file)
2021-03-09T17:58:57.156335900Z   File "/tmp/entrypoint.py", line 57, in check_output
2021-03-09T17:58:57.156343400Z     raise RuntimeError(f"Problem found running stata script:\n\n{output}")
2021-03-09T17:58:57.156353300Z RuntimeError: Problem found running stata script:
2021-03-09T17:58:57.156360200Z 
2021-03-09T17:58:57.156367000Z 
2021-03-09T17:58:57.156373700Z   ___  ____  ____  ____  ____ (R)
2021-03-09T17:58:57.156380600Z  /__    /   ____/   /   ____/
2021-03-09T17:58:57.156387400Z ___/   /   /___/   /   /___/   16.1   Copyright 1985-2019 StataCorp LLC
2021-03-09T17:58:57.156394500Z   Statistics/Data Analysis            StataCorp
2021-03-09T17:58:57.156401300Z                                       4905 Lakeway Drive
2021-03-09T17:58:57.156408300Z      MP - Parallel Edition            College Station, Texas 77845 USA
2021-03-09T17:58:57.156415300Z                                       800-STATA-PC        http://www.stata.com
2021-03-09T17:58:57.156422600Z                                       979-696-4600        stata@stata.com
2021-03-09T17:58:57.156429500Z                                       979-696-4601 (fax)
2021-03-09T17:58:57.156436400Z 
2021-03-09T17:58:57.156443000Z 3-user 32-core Stata network license expires 29 Apr 2021:
2021-03-09T17:58:57.156449900Z        Serial number:  501609309502
2021-03-09T17:58:57.156456600Z          Licensed to:  EBM DataLab
2021-03-09T17:58:57.156463400Z                        University of Oxford
2021-03-09T17:58:57.156470100Z 
2021-03-09T17:58:57.156476800Z Notes:
2021-03-09T17:58:57.156483500Z       1.  Stata is running in batch mode.
2021-03-09T17:58:57.156490300Z Some Unicode string functions will not behave correctly because ICU data file
2021-03-09T17:58:57.156497200Z     icudt54l.dat cannot be found at directory: "/usr/local/stata/utilities"
2021-03-09T17:58:57.156504300Z       2.  Unicode is supported; see help unicode_advice.
2021-03-09T17:58:57.156511200Z       3.  More than 2 billion observations are allowed; see help obs_advice.
2021-03-09T17:58:57.156518100Z       4.  Maximum number of variables is set to 5000; see help set_maxvar.
2021-03-09T17:58:57.156525500Z 
2021-03-09T17:58:57.156532200Z . do analysis/SA1_11a_an_models.do SA1_af_oac 
2021-03-09T17:58:57.156539100Z 
2021-03-09T17:58:57.156553100Z . /*===========================================================================
2021-03-09T17:58:57.156560800Z > ===
2021-03-09T17:58:57.156567700Z > DO FILE NAME:                   SA1_11a_an_models
2021-03-09T17:58:57.156574600Z > PROJECT:                                Anticoagulant in COVID-19 
2021-03-09T17:58:57.156581500Z > AUTHOR:                                 A Wong (modified from ICS study by A 
2021-03-09T17:58:57.156588700Z > Schultze)
2021-03-09T17:58:57.156595400Z > DATE:                                   9 Mar 2021                           
2021-03-09T17:58:57.156602300Z >            
2021-03-09T17:58:57.156610500Z > DESCRIPTION OF FILE:    program SA1_11a based on program 05a for sensitivity 
2021-03-09T17:58:57.156617600Z > analysis 1
2021-03-09T17:58:57.156624500Z >                                                 Objective 1: comparing treate
2021-03-09T17:58:57.156631400Z > d and untreated people 
2021-03-09T17:58:57.156638100Z >                                                 with atrial fibrillation
2021-03-09T17:58:57.156645100Z >                                                 After initial run, some param
2021-03-09T17:58:57.156652200Z > eters didn't converge
2021-03-09T17:58:57.156658900Z >                                                 so further investigation
2021-03-09T17:58:57.156666000Z >                                                 DAG adjusted regression
2021-03-09T17:58:57.156673000Z >                                                 Fully adjusted regression 
2021-03-09T17:58:57.156680100Z > DATASETS USED:                  data in memory ($tempdir/analysis_dataset_STS
2021-03-09T17:58:57.156687100Z > ET_outcome)
2021-03-09T17:58:57.156694000Z > 
2021-03-09T17:58:57.156700800Z > DATASETS CREATED:               none
2021-03-09T17:58:57.156707700Z > OTHER OUTPUT:                   logfiles, printed to folder analysis/$logdir
2021-03-09T17:58:57.156714600Z >                                                 table8, printed to analysis/$
2021-03-09T17:58:57.156721600Z > outdir
2021-03-09T17:58:57.156728200Z >                                                         
2021-03-09T17:58:57.156735100Z > =============================================================================
2021-03-09T17:58:57.156742100Z > =*/
2021-03-09T17:58:57.156749000Z . 
2021-03-09T17:58:57.156755700Z . local global_option `1'
2021-03-09T17:58:57.156762500Z 
2021-03-09T17:58:57.156769000Z . 
2021-03-09T17:58:57.156775700Z . do `c(pwd)'/analysis/global_`global_option'.do
2021-03-09T17:58:57.156782600Z 
2021-03-09T17:58:57.156789200Z . /***************************************************************************
2021-03-09T17:58:57.156801500Z > ***************************************************************************
2021-03-09T17:58:57.156809100Z > Objective 1: Compare oral anticoagulant treated vs untreated
2021-03-09T17:58:57.156815900Z > in people with atrial fibrillation
2021-03-09T17:58:57.156822800Z > ***************************************************************************
2021-03-09T17:58:57.156829900Z > ======================================================================*/
2021-03-09T17:58:57.156836800Z . *set filepaths
2021-03-09T17:58:57.156843500Z . global projectdir `c(pwd)'
2021-03-09T17:58:57.156850200Z 
2021-03-09T17:58:57.156856900Z . di "$projectdir"
2021-03-09T17:58:57.156863600Z /workspace
2021-03-09T17:58:57.156870300Z 
2021-03-09T17:58:57.156877000Z . global outdir "$projectdir/output" 
2021-03-09T17:58:57.156883900Z 
2021-03-09T17:58:57.156890400Z . di "$outdir"
2021-03-09T17:58:57.156897200Z /workspace/output
2021-03-09T17:58:57.156903900Z 
2021-03-09T17:58:57.156910700Z . global tempdir_main_analysis "$projectdir/output/oac_tempdata" 
2021-03-09T17:58:57.156917700Z 
2021-03-09T17:58:57.156924300Z . di "$tempdir_main_analysis"
2021-03-09T17:58:57.156931100Z /workspace/output/oac_tempdata
2021-03-09T17:58:57.156937800Z 
2021-03-09T17:58:57.156944400Z . global logdir "$projectdir/output/oac_log/sens_analysis_1"
2021-03-09T17:58:57.156951300Z 
2021-03-09T17:58:57.156957800Z . di "$logdir"
2021-03-09T17:58:57.156996900Z /workspace/output/oac_log/sens_analysis_1
2021-03-09T17:58:57.157005000Z 
2021-03-09T17:58:57.157011900Z . global tempdir "$projectdir/output/oac_tempdata/sens_analysis_1" 
2021-03-09T17:58:57.157019000Z 
2021-03-09T17:58:57.157025600Z . di "$tempdir"
2021-03-09T17:58:57.157032500Z /workspace/output/oac_tempdata/sens_analysis_1
2021-03-09T17:58:57.157039200Z 
2021-03-09T17:58:57.157046800Z . global tabfigdir "$projectdir/output/oac_tabfig/sens_analysis_1" 
2021-03-09T17:58:57.157053900Z 
2021-03-09T17:58:57.157060700Z . di "$tabfigdir"
2021-03-09T17:58:57.157067400Z /workspace/output/oac_tabfig/sens_analysis_1
2021-03-09T17:58:57.157074100Z 
2021-03-09T17:58:57.157081300Z . 
2021-03-09T17:58:57.157087900Z . adopath + "$projectdir/analysis/extra_ados"
2021-03-09T17:58:57.157094700Z   [1]  (BASE)      "/usr/local/stata/ado/base/"
2021-03-09T17:58:57.157101700Z   [2]  (SITE)      "/usr/local/ado/"
2021-03-09T17:58:57.157108500Z   [3]              "."
2021-03-09T17:58:57.157115400Z   [4]  (PERSONAL)  "~/ado/personal/"
2021-03-09T17:58:57.157129200Z   [5]  (PLUS)      "~/ado/plus/"
2021-03-09T17:58:57.157136800Z   [6]  (OLDPLACE)  "~/ado/"
2021-03-09T17:58:57.157143500Z   [7]              "/workspace/analysis/extra_ados"
2021-03-09T17:58:57.157150400Z 
2021-03-09T17:58:57.157156900Z . 
2021-03-09T17:58:57.157163700Z . * Create directories required 
2021-03-09T17:58:57.157170300Z . capture mkdir "$outdir/oac_tabfig/sens_analysis_1"
2021-03-09T17:58:57.157177200Z 
2021-03-09T17:58:57.157183600Z . capture mkdir "$outdir/oac_log/sens_analysis_1"
2021-03-09T17:58:57.157190500Z 
2021-03-09T17:58:57.157196900Z . capture mkdir "$outdir/oac_tempdata/sens_analysis_1"
2021-03-09T17:58:57.157203800Z 
2021-03-09T17:58:57.157210300Z . 
2021-03-09T17:58:57.157216900Z . * Set globals that will print in programs and direct output
2021-03-09T17:58:57.157223600Z . 
2021-03-09T17:58:57.157230200Z . global population "Obj_1_AF"
2021-03-09T17:58:57.157236800Z 
2021-03-09T17:58:57.157243600Z . global cum_death_ymax 0.1
2021-03-09T17:58:57.157250200Z 
2021-03-09T17:58:57.157256900Z . global dagvarlist i.imd                                         ///     
2021-03-09T17:58:57.157263700Z >                                   i.obese4cat                       ///
2021-03-09T17:58:57.157270700Z >                                   i.smoke_nomiss                    ///
2021-03-09T17:58:57.157277500Z >                                   i.diabcat                                  
2021-03-09T17:58:57.157284600Z >    ///
2021-03-09T17:58:57.157291300Z >                                   i.myocardial_infarct          ///
2021-03-09T17:58:57.157298300Z >                                   i.pad                                      
2021-03-09T17:58:57.157305100Z >    ///
2021-03-09T17:58:57.157311700Z >                                   i.hypertension                        ///  
2021-03-09T17:58:57.157318600Z >            
2021-03-09T17:58:57.157325300Z >                                   i.heart_failure                       ///  
2021-03-09T17:58:57.157332200Z >            
2021-03-09T17:58:57.157338800Z >                                   i.stroke_tia              ///
2021-03-09T17:58:57.157345600Z >                                   i.vte                     ///
2021-03-09T17:58:57.157352400Z >                                   i.oestrogen                           ///  
2021-03-09T17:58:57.157359200Z >    
2021-03-09T17:58:57.157365800Z >                                   i.flu_vaccine                         
2021-03-09T17:58:57.157372600Z 
2021-03-09T17:58:57.157379100Z . 
2021-03-09T17:58:57.157391800Z . global fullvarlist i.imd                                        ///
2021-03-09T17:58:57.157399000Z >                                    i.obese4cat                      ///
2021-03-09T17:58:57.157406100Z >                                    i.smoke_nomiss                   ///
2021-03-09T17:58:57.157413000Z >                                    i.diabcat                            ///
2021-03-09T17:58:57.157420900Z >                                    i.myocardial_infarct         ///
2021-03-09T17:58:57.157428000Z >                                    i.pad                                     
2021-03-09T17:58:57.157434900Z >    ///
2021-03-09T17:58:57.157441500Z >                                    i.hypertension                       ///  
2021-03-09T17:58:57.157448400Z >            
2021-03-09T17:58:57.157455100Z >                                    i.heart_failure                      ///  
2021-03-09T17:58:57.157461900Z >            
2021-03-09T17:58:57.157468500Z >                                    i.stroke_tia             ///
2021-03-09T17:58:57.157475200Z >                                    i.vte                    ///
2021-03-09T17:58:57.157482000Z >                                    i.oestrogen                          ///  
2021-03-09T17:58:57.157489100Z >    
2021-03-09T17:58:57.157495800Z >                                    i.flu_vaccine                        ///
2021-03-09T17:58:57.157502700Z >                                    i.ckd                                     
2021-03-09T17:58:57.157509500Z >    ///             
2021-03-09T17:58:57.157516200Z >                                    i.copd                   ///
2021-03-09T17:58:57.157523000Z >                                    i.other_respiratory      ///
2021-03-09T17:58:57.157529700Z >                                    i.immunodef_any                      ///
2021-03-09T17:58:57.157536500Z >                                    i.cancer                         ///
2021-03-09T17:58:57.157543300Z >                                    i.ae_attendance_last_year ///
2021-03-09T17:58:57.157550100Z >                                    i.gp_consult                         
2021-03-09T17:58:57.157556800Z 
2021-03-09T17:58:57.157563400Z . 
2021-03-09T17:58:57.157570100Z . /* SET FU DATES==============================================================
2021-03-09T17:58:57.157577000Z > =*/ 
2021-03-09T17:58:57.157583600Z . * Censoring dates for each outcome
2021-03-09T17:58:57.157590300Z . * https://github.com/opensafely/rapid-reports/blob/master/notebooks/latest-da
2021-03-09T17:58:57.157597100Z > tes.ipynb
2021-03-09T17:58:57.157603800Z . global onscoviddeathcensor      = "28/09/2020"
2021-03-09T17:58:57.157610500Z 
2021-03-09T17:58:57.157625700Z . global apcscensor               = "01/10/2020"
2021-03-09T17:58:57.157633100Z 
2021-03-09T17:58:57.157639600Z . global indexdate                            = "01/03/2020"
2021-03-09T17:58:57.157646400Z 
2021-03-09T17:58:57.157653000Z . global covidtestcensor          = "30/09/2020"
2021-03-09T17:58:57.157659800Z 
2021-03-09T17:58:57.157666300Z . 
2021-03-09T17:58:57.157672900Z end of do-file
2021-03-09T17:58:57.157679500Z 
2021-03-09T17:58:57.157685900Z . 
2021-03-09T17:58:57.157692500Z . * Open a log file
2021-03-09T17:58:57.157699100Z . 
2021-03-09T17:58:57.157705600Z . cap log close
2021-03-09T17:58:57.157712300Z 
2021-03-09T17:58:57.157719200Z . log using $logdir/SA1_11a_an_models, replace t
2021-03-09T17:58:57.157725800Z (note: file /workspace/output/oac_log/sens_analysis_1/SA1_11a_an_models.log not
2021-03-09T17:58:57.157732800Z >  found)
2021-03-09T17:58:57.157739600Z -------------------------------------------------------------------------------
2021-03-09T17:58:57.157746600Z       name:  <unnamed>
2021-03-09T17:58:57.157753400Z        log:  /workspace/output/oac_log/sens_analysis_1/SA1_11a_an_models.log
2021-03-09T17:58:57.157760300Z   log type:  text
2021-03-09T17:58:57.157766900Z  opened on:   9 Mar 2021, 17:58:32
2021-03-09T17:58:57.157773700Z 
2021-03-09T17:58:57.157780200Z . 
2021-03-09T17:58:57.157787400Z . /* Outcome: admitcovid=======================================================
2021-03-09T17:58:57.157794400Z > =*/
2021-03-09T17:58:57.157801300Z . 
2021-03-09T17:58:57.157807900Z . * Open Stata dataset
2021-03-09T17:58:57.157814600Z . use $tempdir/analysis_dataset_STSET_admitcovid, clear
2021-03-09T17:58:57.157821500Z 
2021-03-09T17:58:57.157828100Z . 
2021-03-09T17:58:57.157834700Z . * Create new diabetes variable, group Diabetes, no hba1c with uncontrolled di
2021-03-09T17:58:57.157841600Z > abetes
2021-03-09T17:58:57.157848200Z . clonevar diab_control = diabcat
2021-03-09T17:58:57.157855000Z 
2021-03-09T17:58:57.157861500Z . recode diab_control 4=3
2021-03-09T17:58:57.157868300Z (diab_control: 125 changes made)
2021-03-09T17:58:57.157874800Z 
2021-03-09T17:58:57.157881500Z . 
2021-03-09T17:58:57.157888000Z . * Add checks to outcome count in non-exposed group and the parameters that di
2021-03-09T17:58:57.157897800Z > d not converge
2021-03-09T17:58:57.157904500Z . safecount if admitcovid == 1 & exposure == 0 & diabcat == 4
2021-03-09T17:58:57.157911400Z   0
2021-03-09T17:58:57.157924200Z 
2021-03-09T17:58:57.157931200Z . 
2021-03-09T17:58:57.157938100Z . * DAG adjusted model (change to diab_control from main analysis)
2021-03-09T17:58:57.157945000Z . stcox i.exposure i.male age1 age2 age3 i.imd ///        
2021-03-09T17:58:57.157951900Z >                                   i.obese4cat                       ///
2021-03-09T17:58:57.157958900Z >                                   i.smoke_nomiss                    ///
2021-03-09T17:58:57.157995100Z >                                   i.diab_control                        ///
2021-03-09T17:58:57.158002700Z >                                   i.myocardial_infarct          ///
2021-03-09T17:58:57.158009800Z >                                   i.pad                                      
2021-03-09T17:58:57.158017100Z >    ///
2021-03-09T17:58:57.158023900Z >                                   i.hypertension                        ///  
2021-03-09T17:58:57.158031000Z >            
2021-03-09T17:58:57.158037900Z >                                   i.heart_failure                       ///  
2021-03-09T17:58:57.158045000Z >            
2021-03-09T17:58:57.158052000Z >                                   i.stroke_tia              ///
2021-03-09T17:58:57.158059100Z >                                   i.vte                     ///
2021-03-09T17:58:57.158066000Z >                                   i.oestrogen                           ///  
2021-03-09T17:58:57.158073000Z >    
2021-03-09T17:58:57.158079800Z >                                   i.antiplatelet            ///
2021-03-09T17:58:57.158086900Z >                                   i.flu_vaccine                         
2021-03-09T17:58:57.158093800Z 
2021-03-09T17:58:57.158100900Z          failure _d:  admitcovid
2021-03-09T17:58:57.158107600Z    analysis time _t:  (stime_admitcovid-origin)
2021-03-09T17:58:57.158114500Z              origin:  time enter_date
2021-03-09T17:58:57.158121200Z   enter on or after:  time enter_date
2021-03-09T17:58:57.158128200Z                  id:  patient_id
2021-03-09T17:58:57.158134900Z 
2021-03-09T17:58:57.158141400Z note: 0.antiplatelet omitted because of collinearity
2021-03-09T17:58:57.158148200Z Iteration 0:   log likelihood = -2311.7527
2021-03-09T17:58:57.158155000Z Iteration 1:   log likelihood = -2259.5085
2021-03-09T17:58:57.158161900Z Iteration 2:   log likelihood = -2246.6837
2021-03-09T17:58:57.158168800Z Iteration 3:   log likelihood = -2246.4984
2021-03-09T17:58:57.158175700Z Iteration 4:   log likelihood = -2246.4981
2021-03-09T17:58:57.158183000Z Refining estimates:
2021-03-09T17:58:57.158190500Z Iteration 0:   log likelihood = -2246.4981
2021-03-09T17:58:57.158197700Z 
2021-03-09T17:58:57.158212800Z Cox regression -- Breslow method for ties
2021-03-09T17:58:57.158220400Z 
2021-03-09T17:58:57.158227200Z No. of subjects =       64,217                  Number of obs    =      64,217
2021-03-09T17:58:57.158234100Z No. of failures =          209
2021-03-09T17:58:57.158240900Z Time at risk    =     13340029
2021-03-09T17:58:57.158247600Z                                                 LR chi2(24)      =      130.51
2021-03-09T17:58:57.158254600Z Log likelihood  =   -2246.4981                  Prob > chi2      =      0.0000
2021-03-09T17:58:57.158261800Z 
2021-03-09T17:58:57.158268400Z ------------------------------------------------------------------------------
2021-03-09T17:58:57.158275400Z           _t | Haz. Ratio   Std. Err.      z    P>|z|     [95% Conf. Interval]
2021-03-09T17:58:57.158282300Z -------------+----------------------------------------------------------------
2021-03-09T17:58:57.158289300Z     exposure |
2021-03-09T17:58:57.158296000Z current use  |   .9072711   .1557232    -0.57   0.571     .6480934    1.270096
2021-03-09T17:58:57.158302800Z       1.male |   1.824084   .6740785     1.63   0.104     .8840742    3.763577
2021-03-09T17:58:57.158309700Z         age1 |    .995591    .021389    -0.21   0.837     .9545396    1.038408
2021-03-09T17:58:57.158316600Z         age2 |   1.117542    .052931     2.35   0.019     1.018468    1.226252
2021-03-09T17:58:57.158323600Z         age3 |   .6596817   .2393346    -1.15   0.252     .3239782    1.343238
2021-03-09T17:58:57.158330700Z              |
2021-03-09T17:58:57.158337700Z          imd |
2021-03-09T17:58:57.158344500Z           2  |   .8662881   .1835179    -0.68   0.498     .5719268    1.312152
2021-03-09T17:58:57.158351500Z           3  |   .7506745   .1679841    -1.28   0.200     .4841409    1.163942
2021-03-09T17:58:57.158358500Z           4  |   1.027035   .2163346     0.13   0.899      .679655    1.551967
2021-03-09T17:58:57.158365700Z 5 most de..  |   1.063482   .2301328     0.28   0.776      .695879    1.625273
2021-03-09T17:58:57.158372600Z              |
2021-03-09T17:58:57.158379200Z    obese4cat |
2021-03-09T17:58:57.158386000Z Obese I ..)  |   1.116873     .21874     0.56   0.572     .7608441    1.639502
2021-03-09T17:58:57.158392800Z Obese II..)  |   1.233407   .3545903     0.73   0.466     .7020944    2.166791
2021-03-09T17:58:57.158399700Z Obese II..)  |   2.104584   .6476468     2.42   0.016     1.151396    3.846873
2021-03-09T17:58:57.158406600Z              |
2021-03-09T17:58:57.158413300Z smoke_nomiss |
2021-03-09T17:58:57.158419900Z      Former  |   1.333346   .2113397     1.82   0.070     .9772923    1.819119
2021-03-09T17:58:57.158427100Z     Current  |   1.752573    .467863     2.10   0.036     1.038583    2.957406
2021-03-09T17:58:57.158434000Z              |
2021-03-09T17:58:57.158446400Z diab_control |
2021-03-09T17:58:57.158453700Z Controlle..  |   1.696601   .6030841     1.49   0.137     .8452918    3.405282
2021-03-09T17:58:57.158460600Z Uncontrol..  |   1.683221   .7275788     1.20   0.228     .7214496     3.92714
2021-03-09T17:58:57.158467600Z              |
2021-03-09T17:58:57.158474800Z 1.myocardi~t |    1.75608   .9048473     1.09   0.274     .6396608    4.821021
2021-03-09T17:58:57.158481900Z        1.pad |   1.850239   1.379719     0.83   0.409      .429031    7.979341
2021-03-09T17:58:57.158489100Z 1.hyperten~n |    .948581   .2927112    -0.17   0.864     .5180986    1.736747
2021-03-09T17:58:57.158496000Z 1.heart_f~re |   1.766028   .6149075     1.63   0.102     .8925254    3.494416
2021-03-09T17:58:57.158502900Z 1.stroke_tia |   2.453494   1.590269     1.38   0.166     .6887568    8.739852
2021-03-09T17:58:57.158510300Z        1.vte |   2.751299   1.896669     1.47   0.142     .7124316    10.62509
2021-03-09T17:58:57.158517200Z  1.oestrogen |   2.676768   1.958543     1.35   0.178     .6379726    11.23103
2021-03-09T17:58:57.158524200Z 0.antiplat~t |          1  (omitted)
2021-03-09T17:58:57.158531200Z 1.flu_vac~ne |    1.04718   .1752718     0.28   0.783      .754313    1.453755
2021-03-09T17:58:57.158538200Z ------------------------------------------------------------------------------
2021-03-09T17:58:57.158545200Z 
2021-03-09T17:58:57.158551900Z .                                   
2021-03-09T17:58:57.158558700Z . estimates save $tempdir/SA1_11a_admitcovid_multivar2, replace   
2021-03-09T17:58:57.158565600Z (note: file /workspace/output/oac_tempdata/sens_analysis_1/SA1_11a_admitcovid_m
2021-03-09T17:58:57.158572600Z > ultivar2.ster not found)
2021-03-09T17:58:57.158579400Z file /workspace/output/oac_tempdata/sens_analysis_1/SA1_11a_admitcovid_multivar
2021-03-09T17:58:57.158586600Z > 2.ster saved
2021-03-09T17:58:57.158593500Z 
2021-03-09T17:58:57.158600100Z . 
2021-03-09T17:58:57.158606700Z . * Fully adjusted model (change to diab_control from main analysis)
2021-03-09T17:58:57.158613700Z . stcox i.exposure i.male age1 age2 age3 i.imd ///
2021-03-09T17:58:57.158620500Z >                                    i.obese4cat                      ///
2021-03-09T17:58:57.158627500Z >                                    i.smoke_nomiss                   ///
2021-03-09T17:58:57.158634400Z >                                    i.diab_control                       ///
2021-03-09T17:58:57.158641500Z >                                    i.myocardial_infarct         ///
2021-03-09T17:58:57.158648300Z >                                    i.pad                                     
2021-03-09T17:58:57.158655300Z >    ///
2021-03-09T17:58:57.158661900Z >                                    i.hypertension                       ///  
2021-03-09T17:58:57.158669100Z >            
2021-03-09T17:58:57.158681900Z >                                    i.heart_failure                      ///  
2021-03-09T17:58:57.158689400Z >            
2021-03-09T17:58:57.158696100Z >                                    i.stroke_tia             ///
2021-03-09T17:58:57.158702800Z >                                    i.vte                    ///
2021-03-09T17:58:57.158709700Z >                                    i.oestrogen                          ///  
2021-03-09T17:58:57.158716600Z >    
2021-03-09T17:58:57.158723300Z >                                    i.antiplatelet           ///
2021-03-09T17:58:57.158731300Z >                                    i.flu_vaccine                        ///
2021-03-09T17:58:57.158738700Z >                                    i.ckd                                     
2021-03-09T17:58:57.158745800Z >    ///             
2021-03-09T17:58:57.158754300Z >                                    i.copd                   ///
2021-03-09T17:58:57.158761300Z >                                    i.other_respiratory      ///
2021-03-09T17:58:57.158768500Z >                                    i.immunodef_any                      ///
2021-03-09T17:58:57.158775600Z >                                    i.cancer                         ///
2021-03-09T17:58:57.158782700Z >                                    i.ae_attendance_last_year ///
2021-03-09T17:58:57.158789500Z >                                    i.gp_consult , strata(practice_id)
2021-03-09T17:58:57.158796700Z 
2021-03-09T17:58:57.158803300Z          failure _d:  admitcovid
2021-03-09T17:58:57.158810100Z    analysis time _t:  (stime_admitcovid-origin)
2021-03-09T17:58:57.158817100Z              origin:  time enter_date
2021-03-09T17:58:57.158824000Z   enter on or after:  time enter_date
2021-03-09T17:58:57.158830900Z                  id:  patient_id
2021-03-09T17:58:57.158838000Z 
2021-03-09T17:58:57.158844800Z note: 0.antiplatelet omitted because of collinearity
2021-03-09T17:58:57.158851700Z Iteration 0:   log likelihood =  -725.3559
2021-03-09T17:58:57.158858700Z Iteration 1:   log likelihood = -693.92854
2021-03-09T17:58:57.158865600Z Iteration 2:   log likelihood = -640.51776
2021-03-09T17:58:57.158872200Z Iteration 3:   log likelihood = -638.40702
2021-03-09T17:58:57.158879100Z Iteration 4:   log likelihood = -638.39959
2021-03-09T17:58:57.158885800Z Iteration 5:   log likelihood = -638.39959
2021-03-09T17:58:57.158892700Z Refining estimates:
2021-03-09T17:58:57.158899300Z Iteration 0:   log likelihood = -638.39959
2021-03-09T17:58:57.158906100Z 
2021-03-09T17:58:57.158912700Z Stratified Cox regr. -- Breslow method for ties
2021-03-09T17:58:57.158919700Z 
2021-03-09T17:58:57.158932100Z No. of subjects =       64,217                  Number of obs    =      64,217
2021-03-09T17:58:57.158939600Z No. of failures =          209
2021-03-09T17:58:57.158946300Z Time at risk    =     13340029
2021-03-09T17:58:57.158953000Z                                                 LR chi2(31)      =      173.91
2021-03-09T17:58:57.158959800Z Log likelihood  =   -638.39959                  Prob > chi2      =      0.0000
2021-03-09T17:58:57.158995300Z 
2021-03-09T17:58:57.159003300Z ------------------------------------------------------------------------------
2021-03-09T17:58:57.159010200Z           _t | Haz. Ratio   Std. Err.      z    P>|z|     [95% Conf. Interval]
2021-03-09T17:58:57.159017300Z -------------+----------------------------------------------------------------
2021-03-09T17:58:57.159024200Z     exposure |
2021-03-09T17:58:57.159030900Z current use  |   .8423668   .1546458    -0.93   0.350     .5878054    1.207171
2021-03-09T17:58:57.159037900Z       1.male |   1.977761   .7546783     1.79   0.074     .9362043    4.178084
2021-03-09T17:58:57.159044800Z         age1 |   .9942527   .0207226    -0.28   0.782     .9544556    1.035709
2021-03-09T17:58:57.159051800Z         age2 |   1.095502   .0545185     1.83   0.067     .9936936    1.207741
2021-03-09T17:58:57.159059400Z         age3 |   .7496862   .2891839    -0.75   0.455     .3519955    1.596695
2021-03-09T17:58:57.159066600Z              |
2021-03-09T17:58:57.159073300Z          imd |
2021-03-09T17:58:57.159079900Z           2  |   .8479545   .2009294    -0.70   0.486     .5329344    1.349184
2021-03-09T17:58:57.159087000Z           3  |   .7377317   .1884734    -1.19   0.234     .4471324    1.217197
2021-03-09T17:58:57.159093800Z           4  |   .8665554   .2223304    -0.56   0.577     .5240892    1.432806
2021-03-09T17:58:57.159100700Z 5 most de..  |   .8038302     .22432    -0.78   0.434     .4651839    1.389006
2021-03-09T17:58:57.159107700Z              |
2021-03-09T17:58:57.159114400Z    obese4cat |
2021-03-09T17:58:57.159121100Z Obese I ..)  |   1.113188   .2258554     0.53   0.597     .7479421    1.656797
2021-03-09T17:58:57.159128000Z Obese II..)  |   1.140671   .3445572     0.44   0.663     .6310185    2.061954
2021-03-09T17:58:57.159134900Z Obese II..)  |   2.198068   .7132802     2.43   0.015     1.163653    4.152013
2021-03-09T17:58:57.159141900Z              |
2021-03-09T17:58:57.159148600Z smoke_nomiss |
2021-03-09T17:58:57.159155300Z      Former  |   1.205755   .2047771     1.10   0.271     .8643641    1.681982
2021-03-09T17:58:57.159162200Z     Current  |   1.555169   .4474788     1.53   0.125     .8848221    2.733376
2021-03-09T17:58:57.159169200Z              |
2021-03-09T17:58:57.159175900Z diab_control |
2021-03-09T17:58:57.159182400Z Controlle..  |   1.565506   .5817647     1.21   0.228     .7556768    3.243199
2021-03-09T17:58:57.159196800Z Uncontrol..  |   1.722237   .7623507     1.23   0.219     .7232815    4.100894
2021-03-09T17:58:57.159204600Z              |
2021-03-09T17:58:57.159211300Z 1.myocardi~t |   1.968775   1.047675     1.27   0.203     .6937981    5.586748
2021-03-09T17:58:57.159218100Z        1.pad |   1.194302   .9278325     0.23   0.819     .2605137    5.475173
2021-03-09T17:58:57.159225100Z 1.hyperten~n |   .9170693   .2926977    -0.27   0.786     .4905996    1.714262
2021-03-09T17:58:57.159232000Z 1.heart_f~re |   1.464768   .5285753     1.06   0.290     .7221121    2.971207
2021-03-09T17:58:57.159239000Z 1.stroke_tia |   2.260831   1.515742     1.22   0.224     .6075638    8.412871
2021-03-09T17:58:57.159246200Z        1.vte |   1.835748   1.261186     0.88   0.377     .4775564    7.056695
2021-03-09T17:58:57.159253300Z  1.oestrogen |   2.673459   2.177621     1.21   0.227     .5416787    13.19488
2021-03-09T17:58:57.159260300Z 0.antiplat~t |          1  (omitted)
2021-03-09T17:58:57.159267100Z 1.flu_vac~ne |   .9854628   .1770315    -0.08   0.935     .6929914    1.401369
2021-03-09T17:58:57.159274100Z              |
2021-03-09T17:58:57.159280700Z          ckd |
2021-03-09T17:58:57.159287600Z         CKD  |   1.717694   .2975301     3.12   0.002     1.223222    2.412051
2021-03-09T17:58:57.159294500Z       1.copd |   1.937539   .4056851     3.16   0.002     1.285359     2.92063
2021-03-09T17:58:57.159301400Z 1.other_re~y |   .6690673   .2340323    -1.15   0.251     .3370769    1.328038
2021-03-09T17:58:57.159308900Z 1.immunode~y |   .8772667   .6464066    -0.18   0.859     .2069812    3.718197
2021-03-09T17:58:57.159316100Z     1.cancer |   1.082432   .2035512     0.42   0.674     .7487422    1.564837
2021-03-09T17:58:57.159323100Z 1.ae_atten~r |   2.233813   .3364854     5.34   0.000     1.662754    3.000997
2021-03-09T17:58:57.159330200Z 1.gp_consult |    1.03675   .4452558     0.08   0.933     .4467925    2.405702
2021-03-09T17:58:57.159337200Z ------------------------------------------------------------------------------
2021-03-09T17:58:57.159344400Z                                                      Stratified by practice_id
2021-03-09T17:58:57.159351400Z 
2021-03-09T17:58:57.159358000Z .                                    
2021-03-09T17:58:57.159364900Z . estimates save $tempdir/SA1_11a_admitcovid_multivar3, replace
2021-03-09T17:58:57.159371800Z (note: file /workspace/output/oac_tempdata/sens_analysis_1/SA1_11a_admitcovid_m
2021-03-09T17:58:57.159378700Z > ultivar3.ster not found)
2021-03-09T17:58:57.159385400Z file /workspace/output/oac_tempdata/sens_analysis_1/SA1_11a_admitcovid_multivar
2021-03-09T17:58:57.159392300Z > 3.ster saved
2021-03-09T17:58:57.159399100Z 
2021-03-09T17:58:57.159405800Z . 
2021-03-09T17:58:57.159412500Z . /* Outcome: onscoviddeath====================================================
2021-03-09T17:58:57.159425200Z > =*/
2021-03-09T17:58:57.159432500Z . 
2021-03-09T17:58:57.159439200Z . * Open Stata dataset
2021-03-09T17:58:57.159446100Z . use $tempdir/analysis_dataset_STSET_onscoviddeath, clear
2021-03-09T17:58:57.159453200Z 
2021-03-09T17:58:57.159459900Z . 
2021-03-09T17:58:57.159466600Z . * Create new diabetes variable, group Diabetes, no hba1c with uncontrolled di
2021-03-09T17:58:57.159473600Z > abetes
2021-03-09T17:58:57.159480400Z . clonevar diab_control = diabcat
2021-03-09T17:58:57.159487200Z 
2021-03-09T17:58:57.159493900Z . recode diab_control 4=3
2021-03-09T17:58:57.159500600Z (diab_control: 125 changes made)
2021-03-09T17:58:57.159507400Z 
2021-03-09T17:58:57.159513900Z . 
2021-03-09T17:58:57.159520600Z . * Add checks to outcome count in non-exposed group and the parameters that di
2021-03-09T17:58:57.159527500Z > d not converge
2021-03-09T17:58:57.159534100Z . safecount if onscoviddeath == 1 & exposure == 0 & diabcat == 4
2021-03-09T17:58:57.159541000Z   0
2021-03-09T17:58:57.159547600Z 
2021-03-09T17:58:57.159554000Z . 
2021-03-09T17:58:57.159560600Z . safecount if onscoviddeath == 1 & exposure == 0 & stroke_tia == 1
2021-03-09T17:58:57.159567400Z   0
2021-03-09T17:58:57.159574000Z 
2021-03-09T17:58:57.159580600Z . 
2021-03-09T17:58:57.159587200Z . safecount if onscoviddeath == 1 & exposure == 0 & oestrogen == 1
2021-03-09T17:58:57.159594100Z   0
2021-03-09T17:58:57.159600600Z 
2021-03-09T17:58:57.159607100Z . 
2021-03-09T17:58:57.159613600Z . safecount if onscoviddeath == 1 & exposure == 0 & pad == 1
2021-03-09T17:58:57.159620500Z   0
2021-03-09T17:58:57.159627000Z 
2021-03-09T17:58:57.159633500Z . 
2021-03-09T17:58:57.159640000Z . * DAG adjusted model 
2021-03-09T17:58:57.159646600Z . * (change to diab_control, remove stroke_tia, pad and oestrogen from main ana
2021-03-09T17:58:57.159653400Z > lysis)
2021-03-09T17:58:57.159660200Z . stcox i.exposure i.male age1 age2 age3 i.imd ///        
2021-03-09T17:58:57.159675800Z >                                   i.obese4cat                       ///
2021-03-09T17:58:57.159682900Z >                                   i.smoke_nomiss                    ///
2021-03-09T17:58:57.159689700Z >                                   i.diab_control                        ///
2021-03-09T17:58:57.159696500Z >                                   i.myocardial_infarct          ///
2021-03-09T17:58:57.159703200Z >                                   i.hypertension                        ///  
2021-03-09T17:58:57.159716800Z >            
2021-03-09T17:58:57.159724300Z >                                   i.heart_failure                       ///  
2021-03-09T17:58:57.159731100Z >            
2021-03-09T17:58:57.159737900Z >                                   i.vte                     ///
2021-03-09T17:58:57.159745100Z >                                   i.antiplatelet            ///
2021-03-09T17:58:57.159751900Z >                                   i.flu_vaccine                         
2021-03-09T17:58:57.159758700Z 
2021-03-09T17:58:57.159765200Z          failure _d:  onscoviddeath
2021-03-09T17:58:57.159771900Z    analysis time _t:  (stime_onscoviddeath-origin)
2021-03-09T17:58:57.159778600Z              origin:  time enter_date
2021-03-09T17:58:57.159785200Z   enter on or after:  time enter_date
2021-03-09T17:58:57.159791900Z                  id:  patient_id
2021-03-09T17:58:57.159798600Z 
2021-03-09T17:58:57.159805100Z note: 0.antiplatelet omitted because of collinearity
2021-03-09T17:58:57.159811800Z Iteration 0:   log likelihood = -1902.5849
2021-03-09T17:58:57.159818700Z Iteration 1:   log likelihood = -1847.5995
2021-03-09T17:58:57.159825500Z Iteration 2:   log likelihood = -1790.9738
2021-03-09T17:58:57.159832300Z Iteration 3:   log likelihood = -1785.7599
2021-03-09T17:58:57.159838900Z Iteration 4:   log likelihood = -1785.6811
2021-03-09T17:58:57.159845500Z Iteration 5:   log likelihood =  -1785.681
2021-03-09T17:58:57.159852200Z Refining estimates:
2021-03-09T17:58:57.159858800Z Iteration 0:   log likelihood =  -1785.681
2021-03-09T17:58:57.159865500Z 
2021-03-09T17:58:57.159872100Z Cox regression -- Breslow method for ties
2021-03-09T17:58:57.159878900Z 
2021-03-09T17:58:57.159885400Z No. of subjects =       64,217                  Number of obs    =      64,217
2021-03-09T17:58:57.159892200Z No. of failures =          172
2021-03-09T17:58:57.159898900Z Time at risk    =     13358548
2021-03-09T17:58:57.159905800Z                                                 LR chi2(21)      =      233.81
2021-03-09T17:58:57.159912700Z Log likelihood  =    -1785.681                  Prob > chi2      =      0.0000
2021-03-09T17:58:57.159919600Z 
2021-03-09T17:58:57.159926100Z ------------------------------------------------------------------------------
2021-03-09T17:58:57.159932900Z           _t | Haz. Ratio   Std. Err.      z    P>|z|     [95% Conf. Interval]
2021-03-09T17:58:57.159939800Z -------------+----------------------------------------------------------------
2021-03-09T17:58:57.159946600Z     exposure |
2021-03-09T17:58:57.159953200Z current use  |   .7239198   .1298748    -1.80   0.072     .5093082    1.028964
2021-03-09T17:58:57.159983200Z       1.male |   .9238815   .4093303    -0.18   0.858     .3876923    2.201635
2021-03-09T17:58:57.160004300Z         age1 |   1.035179   .0372454     0.96   0.337     .9646935    1.110814
2021-03-09T17:58:57.160012100Z         age2 |    1.19057   .0719018     2.89   0.004     1.057665    1.340174
2021-03-09T17:58:57.160019200Z         age3 |    .373706   .1545385    -2.38   0.017     .1661625    .8404794
2021-03-09T17:58:57.160026200Z              |
2021-03-09T17:58:57.160032900Z          imd |
2021-03-09T17:58:57.160039500Z           2  |   .9448564    .213185    -0.25   0.802     .6071721    1.470347
2021-03-09T17:58:57.160047100Z           3  |   .7371526   .1821715    -1.23   0.217     .4541519    1.196503
2021-03-09T17:58:57.160054300Z           4  |   .7826529   .1985877    -0.97   0.334     .4759794    1.286916
2021-03-09T17:58:57.160061300Z 5 most de..  |   1.542267   .3459866     1.93   0.053      .993583     2.39395
2021-03-09T17:58:57.160068400Z              |
2021-03-09T17:58:57.160075200Z    obese4cat |
2021-03-09T17:58:57.160081900Z Obese I ..)  |   .9261039   .2265618    -0.31   0.754     .5733529    1.495882
2021-03-09T17:58:57.160088800Z Obese II..)  |   1.507885   .5047646     1.23   0.220     .7823997    2.906083
2021-03-09T17:58:57.160095800Z Obese II..)  |   1.721104   .7742691     1.21   0.227     .7126549    4.156571
2021-03-09T17:58:57.160102700Z              |
2021-03-09T17:58:57.160109500Z smoke_nomiss |
2021-03-09T17:58:57.160116200Z      Former  |    1.36976   .2353912     1.83   0.067     .9780626    1.918325
2021-03-09T17:58:57.160123100Z     Current  |   .9034814   .3710946    -0.25   0.805     .4039224     2.02088
2021-03-09T17:58:57.160130100Z              |
2021-03-09T17:58:57.160136800Z diab_control |
2021-03-09T17:58:57.160143600Z Controlle..  |   1.543136   .8170759     0.82   0.413     .5466394    4.356196
2021-03-09T17:58:57.160150900Z Uncontrol..  |   2.784986    1.58759     1.80   0.072     .9111559    8.512423
2021-03-09T17:58:57.160157900Z              |
2021-03-09T17:58:57.160164700Z 1.myocardi~t |   4.024389   2.420267     2.32   0.021      1.23819    13.08014
2021-03-09T17:58:57.160171600Z 1.hyperten~n |   1.224947   .4794468     0.52   0.604      .568794    2.638028
2021-03-09T17:58:57.160178600Z 1.heart_f~re |   2.936682    1.29848     2.44   0.015     1.234499    6.985913
2021-03-09T17:58:57.160185600Z        1.vte |   3.833879     4.6534     1.11   0.268     .3552106    41.38004
2021-03-09T17:58:57.160192500Z 0.antiplat~t |          1  (omitted)
2021-03-09T17:58:57.160199300Z 1.flu_vac~ne |   1.077575   .2058549     0.39   0.696     .7410337    1.566957
2021-03-09T17:58:57.160206300Z ------------------------------------------------------------------------------
2021-03-09T17:58:57.160213300Z 
2021-03-09T17:58:57.160220000Z .                                   
2021-03-09T17:58:57.160226800Z . estimates save $tempdir/SA1_11a_onscoviddeath_multivar2, replace        
2021-03-09T17:58:57.160239700Z (note: file /workspace/output/oac_tempdata/sens_analysis_1/SA1_11a_onscoviddeat
2021-03-09T17:58:57.160247200Z > h_multivar2.ster not found)
2021-03-09T17:58:57.160254200Z file /workspace/output/oac_tempdata/sens_analysis_1/SA1_11a_onscoviddeath_multi
2021-03-09T17:58:57.160261200Z > var2.ster saved
2021-03-09T17:58:57.160268000Z 
2021-03-09T17:58:57.160274700Z . 
2021-03-09T17:58:57.160281300Z . * Fully adjusted model
2021-03-09T17:58:57.160288100Z . * (change to diab_control, remove stroke_tia and oestrogen from main analysis
2021-03-09T17:58:57.160294900Z > )
2021-03-09T17:58:57.160301700Z . stcox i.exposure i.male age1 age2 age3 i.imd ///
2021-03-09T17:58:57.160308500Z >                                    i.obese4cat                      ///
2021-03-09T17:58:57.160315500Z >                                    i.smoke_nomiss                   ///
2021-03-09T17:58:57.160322400Z >                                    i.diab_control                       ///
2021-03-09T17:58:57.160329800Z >                                    i.myocardial_infarct         ///
2021-03-09T17:58:57.160337000Z >                                    i.hypertension                       ///  
2021-03-09T17:58:57.160344000Z >            
2021-03-09T17:58:57.160350800Z >                                    i.heart_failure                      ///  
2021-03-09T17:58:57.160357700Z >            
2021-03-09T17:58:57.160364400Z >                                    i.vte                    ///
2021-03-09T17:58:57.160371200Z >                                    i.antiplatelet           ///
2021-03-09T17:58:57.160378100Z >                                    i.flu_vaccine                        ///
2021-03-09T17:58:57.160385200Z >                                    i.ckd                                     
2021-03-09T17:58:57.160392200Z >    ///             
2021-03-09T17:58:57.160399300Z >                                    i.copd                   ///
2021-03-09T17:58:57.160406200Z >                                    i.other_respiratory      ///
2021-03-09T17:58:57.160413100Z >                                    i.immunodef_any                      ///
2021-03-09T17:58:57.160420000Z >                                    i.cancer                         ///
2021-03-09T17:58:57.160427000Z >                                    i.ae_attendance_last_year ///
2021-03-09T17:58:57.160433900Z >                                    i.gp_consult , strata(practice_id)
2021-03-09T17:58:57.160440900Z 
2021-03-09T17:58:57.160447500Z          failure _d:  onscoviddeath
2021-03-09T17:58:57.160454400Z    analysis time _t:  (stime_onscoviddeath-origin)
2021-03-09T17:58:57.160461300Z              origin:  time enter_date
2021-03-09T17:58:57.160474300Z   enter on or after:  time enter_date
2021-03-09T17:58:57.160481800Z                  id:  patient_id
2021-03-09T17:58:57.160488700Z 
2021-03-09T17:58:57.160495300Z note: 0.antiplatelet omitted because of collinearity
2021-03-09T17:58:57.160502100Z Iteration 0:   log likelihood = -597.83798
2021-03-09T17:58:57.160508800Z Iteration 1:   log likelihood = -567.36722
2021-03-09T17:58:57.160515500Z Iteration 2:   log likelihood = -543.37173
2021-03-09T17:58:57.160522200Z Iteration 3:   log likelihood =  -472.9603
2021-03-09T17:58:57.160529000Z Iteration 4:   log likelihood = -461.57193
2021-03-09T17:58:57.160535700Z Iteration 5:   log likelihood = -461.51825
2021-03-09T17:58:57.160542400Z Iteration 6:   log likelihood = -461.51823
2021-03-09T17:58:57.160549100Z Refining estimates:
2021-03-09T17:58:57.160555800Z Iteration 0:   log likelihood = -461.51823
2021-03-09T17:58:57.160562400Z 
2021-03-09T17:58:57.160569000Z Stratified Cox regr. -- Breslow method for ties
2021-03-09T17:58:57.160575700Z 
2021-03-09T17:58:57.160586500Z No. of subjects =       64,217                  Number of obs    =      64,217
2021-03-09T17:58:57.160593500Z No. of failures =          172
2021-03-09T17:58:57.160600300Z Time at risk    =     13358548
2021-03-09T17:58:57.160607200Z                                                 LR chi2(28)      =      272.64
2021-03-09T17:58:57.160614200Z Log likelihood  =   -461.51823                  Prob > chi2      =      0.0000
2021-03-09T17:58:57.160621400Z 
2021-03-09T17:58:57.160628000Z ------------------------------------------------------------------------------
2021-03-09T17:58:57.160635400Z           _t | Haz. Ratio   Std. Err.      z    P>|z|     [95% Conf. Interval]
2021-03-09T17:58:57.160642700Z -------------+----------------------------------------------------------------
2021-03-09T17:58:57.160649800Z     exposure |
2021-03-09T17:58:57.160656600Z current use  |   .7446655   .1506793    -1.46   0.145     .5008699    1.107127
2021-03-09T17:58:57.160663500Z       1.male |   .8320327   .3814362    -0.40   0.688      .338779    2.043452
2021-03-09T17:58:57.160670400Z         age1 |   1.037682   .0395597     0.97   0.332     .9629724    1.118188
2021-03-09T17:58:57.160677300Z         age2 |   1.197034    .077613     2.77   0.006     1.054184    1.359241
2021-03-09T17:58:57.160684200Z         age3 |   .3426986    .153815    -2.39   0.017     .1421882    .8259639
2021-03-09T17:58:57.160691100Z              |
2021-03-09T17:58:57.160697800Z          imd |
2021-03-09T17:58:57.160704500Z           2  |    .836493   .2182308    -0.68   0.494     .5016425    1.394859
2021-03-09T17:58:57.160711300Z           3  |   .7555082   .2179942    -0.97   0.331     .4291742    1.329979
2021-03-09T17:58:57.160729300Z           4  |   .6793267   .2031916    -1.29   0.196      .377988    1.220898
2021-03-09T17:58:57.160737000Z 5 most de..  |    1.36869   .4260826     1.01   0.313      .743567    2.519358
2021-03-09T17:58:57.160743900Z              |
2021-03-09T17:58:57.160750500Z    obese4cat |
2021-03-09T17:58:57.160757200Z Obese I ..)  |   .9123846   .2351207    -0.36   0.722     .5505846     1.51193
2021-03-09T17:58:57.160764100Z Obese II..)  |   1.519254   .5331821     1.19   0.233     .7636622    3.022453
2021-03-09T17:58:57.160771000Z Obese II..)  |   2.045573   .9755775     1.50   0.133     .8032647    5.209202
2021-03-09T17:58:57.160777900Z              |
2021-03-09T17:58:57.160784500Z smoke_nomiss |
2021-03-09T17:58:57.160791200Z      Former  |   1.300952   .2466265     1.39   0.165     .8972133     1.88637
2021-03-09T17:58:57.160798100Z     Current  |   .7571857   .3373331    -0.62   0.532     .3162165    1.813094
2021-03-09T17:58:57.160805000Z              |
2021-03-09T17:58:57.160811700Z diab_control |
2021-03-09T17:58:57.160818500Z Controlle..  |   1.430963   .8159143     0.63   0.530     .4680432     4.37493
2021-03-09T17:58:57.160825300Z Uncontrol..  |   2.727468   1.651697     1.66   0.098     .8323196    8.937772
2021-03-09T17:58:57.160832200Z              |
2021-03-09T17:58:57.160838900Z 1.myocardi~t |   3.496921   2.201151     1.99   0.047     1.018342     12.0082
2021-03-09T17:58:57.160845800Z 1.hyperten~n |   1.358028   .5549923     0.75   0.454     .6095984    3.025336
2021-03-09T17:58:57.160852800Z 1.heart_f~re |   2.863487   1.330239     2.26   0.024     1.152041    7.117421
2021-03-09T17:58:57.160859800Z        1.vte |   3.742877   4.670009     1.06   0.290     .3244566     43.1772
2021-03-09T17:58:57.160866700Z 0.antiplat~t |          1  (omitted)
2021-03-09T17:58:57.160873600Z 1.flu_vac~ne |   1.157894   .2462735     0.69   0.491     .7631779    1.756756
2021-03-09T17:58:57.160880500Z              |
2021-03-09T17:58:57.160887200Z          ckd |
2021-03-09T17:58:57.160894900Z         CKD  |   1.292849   .2490864     1.33   0.182     .8862398    1.886011
2021-03-09T17:58:57.160902000Z       1.copd |   1.936197   .4580334     2.79   0.005     1.217829    3.078313
2021-03-09T17:58:57.160908900Z 1.other_re~y |   1.697167   .5074127     1.77   0.077     .9445728    3.049395
2021-03-09T17:58:57.160915800Z 1.immunode~y |   1.099301   1.161462     0.09   0.929     .1386062    8.718674
2021-03-09T17:58:57.160922600Z     1.cancer |   1.156547   .2397186     0.70   0.483     .7704318    1.736172
2021-03-09T17:58:57.160929500Z 1.ae_atten~r |   2.206578   .3829022     4.56   0.000     1.570407    3.100461
2021-03-09T17:58:57.160936400Z 1.gp_consult |    .355346   .1343896    -2.74   0.006     .1693294    .7457109
2021-03-09T17:58:57.160943300Z ------------------------------------------------------------------------------
2021-03-09T17:58:57.160956000Z                                                      Stratified by practice_id
2021-03-09T17:58:57.160996700Z 
2021-03-09T17:58:57.161005700Z .                                    
2021-03-09T17:58:57.161012700Z . estimates save $tempdir/SA1_11a_onscoviddeath_multivar3, replace
2021-03-09T17:58:57.161019800Z (note: file /workspace/output/oac_tempdata/sens_analysis_1/SA1_11a_onscoviddeat
2021-03-09T17:58:57.161026800Z > h_multivar3.ster not found)
2021-03-09T17:58:57.161033700Z file /workspace/output/oac_tempdata/sens_analysis_1/SA1_11a_onscoviddeath_multi
2021-03-09T17:58:57.161040700Z > var3.ster saved
2021-03-09T17:58:57.161047600Z 
2021-03-09T17:58:57.161054200Z . 
2021-03-09T17:58:57.161060900Z . /* Print table===============================================================
2021-03-09T17:58:57.161067800Z > =*/ 
2021-03-09T17:58:57.161074700Z . *  Print the results for the main model 
2021-03-09T17:58:57.161081600Z . 
2021-03-09T17:58:57.161088400Z . cap file close tablecontent
2021-03-09T17:58:57.161095300Z 
2021-03-09T17:58:57.161102300Z . file open tablecontent using $tabfigdir/table4.txt, write text replace
2021-03-09T17:58:57.161109200Z (note: file /workspace/output/oac_tabfig/sens_analysis_1/table4.txt not found)
2021-03-09T17:58:57.161116200Z file /workspace/output/oac_tabfig/sens_analysis_1/table4.txt could not be
2021-03-09T17:58:57.161123200Z     opened
2021-03-09T17:58:57.161130000Z r(603);
2021-03-09T17:58:57.161136800Z 
2021-03-09T17:58:57.161143500Z end of do-file
2021-03-09T17:58:57.161150200Z r(603);
2021-03-09T17:58:57.161157000Z 


state: failed
commit: 9b152eaac2b84e1c15a2bdbf32b5a568becb081c
docker_image_id: sha256:5a4bb3ecd807de29a18a01ffae01739415778f0b770cbd43d7140bb0017306f1
exit_code: 1
job_id: 3umsx63wmk5qn5mh
run_by_user: angelwong121
created_at: 2021-03-09T17:57:58Z
started_at: 2021-03-09T17:58:32Z
completed_at: 2021-03-09T18:00:48Z

Job exited with an error code

outputs:
  output/oac_log/sens_analysis_1/SA1_11a_an_models.log                      - moderately_sensitive
  output/oac_tempdata/sens_analysis_1/SA1_11a_admitcovid_multivar2.ster     - highly_sensitive    
  output/oac_tempdata/sens_analysis_1/SA1_11a_admitcovid_multivar3.ster     - highly_sensitive    
  output/oac_tempdata/sens_analysis_1/SA1_11a_onscoviddeath_multivar2.ster  - highly_sensitive    
  output/oac_tempdata/sens_analysis_1/SA1_11a_onscoviddeath_multivar3.ster  - highly_sensitive    