2021-03-09T18:00:09.598625300Z Traceback (most recent call last):
2021-03-09T18:00:09.598712400Z   File "/tmp/entrypoint.py", line 91, in <module>
2021-03-09T18:00:09.598722700Z     main()
2021-03-09T18:00:09.598729700Z   File "/tmp/entrypoint.py", line 87, in main
2021-03-09T18:00:09.598736800Z     run_model(options.script, *options.args)
2021-03-09T18:00:09.598743500Z   File "/tmp/entrypoint.py", line 42, in run_model
2021-03-09T18:00:09.598750600Z     return check_output(log_file)
2021-03-09T18:00:09.598757500Z   File "/tmp/entrypoint.py", line 57, in check_output
2021-03-09T18:00:09.598764700Z     raise RuntimeError(f"Problem found running stata script:\n\n{output}")
2021-03-09T18:00:09.598774300Z RuntimeError: Problem found running stata script:
2021-03-09T18:00:09.598781100Z 
2021-03-09T18:00:09.598788000Z 
2021-03-09T18:00:09.598794500Z   ___  ____  ____  ____  ____ (R)
2021-03-09T18:00:09.598801400Z  /__    /   ____/   /   ____/
2021-03-09T18:00:09.598808000Z ___/   /   /___/   /   /___/   16.1   Copyright 1985-2019 StataCorp LLC
2021-03-09T18:00:09.598815000Z   Statistics/Data Analysis            StataCorp
2021-03-09T18:00:09.598821800Z                                       4905 Lakeway Drive
2021-03-09T18:00:09.598828800Z      MP - Parallel Edition            College Station, Texas 77845 USA
2021-03-09T18:00:09.598835500Z                                       800-STATA-PC        http://www.stata.com
2021-03-09T18:00:09.598842400Z                                       979-696-4600        stata@stata.com
2021-03-09T18:00:09.598849200Z                                       979-696-4601 (fax)
2021-03-09T18:00:09.598856400Z 
2021-03-09T18:00:09.598862900Z 3-user 32-core Stata network license expires 29 Apr 2021:
2021-03-09T18:00:09.598869700Z        Serial number:  501609309502
2021-03-09T18:00:09.598876400Z          Licensed to:  EBM DataLab
2021-03-09T18:00:09.598883100Z                        University of Oxford
2021-03-09T18:00:09.598889800Z 
2021-03-09T18:00:09.598896200Z Notes:
2021-03-09T18:00:09.598902800Z       1.  Stata is running in batch mode.
2021-03-09T18:00:09.598909500Z Some Unicode string functions will not behave correctly because ICU data file
2021-03-09T18:00:09.598916200Z     icudt54l.dat cannot be found at directory: "/usr/local/stata/utilities"
2021-03-09T18:00:09.598923100Z       2.  Unicode is supported; see help unicode_advice.
2021-03-09T18:00:09.598929800Z       3.  More than 2 billion observations are allowed; see help obs_advice.
2021-03-09T18:00:09.598936600Z       4.  Maximum number of variables is set to 5000; see help set_maxvar.
2021-03-09T18:00:09.598943400Z 
2021-03-09T18:00:09.598949900Z . do analysis/11a_an_models.do SA2_af_oac 
2021-03-09T18:00:09.598956600Z 
2021-03-09T18:00:09.598973000Z . /*===========================================================================
2021-03-09T18:00:09.599009600Z > ===
2021-03-09T18:00:09.599018900Z > DO FILE NAME:                   11a_an_models
2021-03-09T18:00:09.599025900Z > PROJECT:                                Anticoagulant in COVID-19 
2021-03-09T18:00:09.599032900Z > AUTHOR:                                 A Wong (modified from ICS study by A 
2021-03-09T18:00:09.599040000Z > Schultze)
2021-03-09T18:00:09.599046800Z > DATE:                                   2 Mar 2021                           
2021-03-09T18:00:09.599053900Z >            
2021-03-09T18:00:09.599062600Z > DESCRIPTION OF FILE:    program 11a based on program 05a
2021-03-09T18:00:09.599069800Z >                                                 Objective 1: comparing treate
2021-03-09T18:00:09.599076900Z > d and untreated people 
2021-03-09T18:00:09.599083700Z >                                                 with atrial fibrillation
2021-03-09T18:00:09.599090700Z >                                                 After initial run, some param
2021-03-09T18:00:09.599097700Z > eters didn't converge
2021-03-09T18:00:09.599104600Z >                                                 so further investigation
2021-03-09T18:00:09.599111600Z >                                                 DAG adjusted regression
2021-03-09T18:00:09.599118600Z >                                                 Fully adjusted regression 
2021-03-09T18:00:09.599125600Z > DATASETS USED:                  data in memory ($tempdir/analysis_dataset_STS
2021-03-09T18:00:09.599132600Z > ET_outcome)
2021-03-09T18:00:09.599139400Z > 
2021-03-09T18:00:09.599146200Z > DATASETS CREATED:               none
2021-03-09T18:00:09.599153000Z > OTHER OUTPUT:                   logfiles, printed to folder analysis/$logdir
2021-03-09T18:00:09.599160000Z >                                                 table8, printed to analysis/$
2021-03-09T18:00:09.599167100Z > outdir
2021-03-09T18:00:09.599173900Z >                                                         
2021-03-09T18:00:09.599180900Z > =============================================================================
2021-03-09T18:00:09.599188300Z > =*/
2021-03-09T18:00:09.599195200Z . 
2021-03-09T18:00:09.599202100Z . local global_option `1'
2021-03-09T18:00:09.599208900Z 
2021-03-09T18:00:09.599215600Z . 
2021-03-09T18:00:09.599222300Z . do `c(pwd)'/analysis/global_`global_option'.do
2021-03-09T18:00:09.599229200Z 
2021-03-09T18:00:09.599235900Z . /***************************************************************************
2021-03-09T18:00:09.599243200Z > ***************************************************************************
2021-03-09T18:00:09.599257500Z > Objective 1: Compare oral anticoagulant treated vs untreated
2021-03-09T18:00:09.599265100Z > in people with atrial fibrillation
2021-03-09T18:00:09.599271900Z > ***************************************************************************
2021-03-09T18:00:09.599278900Z > ======================================================================*/
2021-03-09T18:00:09.599285800Z . *set filepaths
2021-03-09T18:00:09.599292500Z . global projectdir `c(pwd)'
2021-03-09T18:00:09.599299200Z 
2021-03-09T18:00:09.599305800Z . di "$projectdir"
2021-03-09T18:00:09.599312500Z /workspace
2021-03-09T18:00:09.599319300Z 
2021-03-09T18:00:09.599325800Z . global outdir "$projectdir/output" 
2021-03-09T18:00:09.599332600Z 
2021-03-09T18:00:09.599339200Z . di "$outdir"
2021-03-09T18:00:09.599346000Z /workspace/output
2021-03-09T18:00:09.599352700Z 
2021-03-09T18:00:09.599359300Z . global tempdir_main_analysis "$projectdir/output/oac_tempdata" 
2021-03-09T18:00:09.599366300Z 
2021-03-09T18:00:09.599372900Z . di "$tempdir_main_analysis"
2021-03-09T18:00:09.599379700Z /workspace/output/oac_tempdata
2021-03-09T18:00:09.599386400Z 
2021-03-09T18:00:09.599393100Z . global logdir "$projectdir/output/oac_log/sens_analysis_2"
2021-03-09T18:00:09.599399900Z 
2021-03-09T18:00:09.599406600Z . di "$logdir"
2021-03-09T18:00:09.599413500Z /workspace/output/oac_log/sens_analysis_2
2021-03-09T18:00:09.599420300Z 
2021-03-09T18:00:09.599426900Z . global tempdir "$projectdir/output/oac_tempdata/sens_analysis_2" 
2021-03-09T18:00:09.599433900Z 
2021-03-09T18:00:09.599440500Z . di "$tempdir"
2021-03-09T18:00:09.599447200Z /workspace/output/oac_tempdata/sens_analysis_2
2021-03-09T18:00:09.599454000Z 
2021-03-09T18:00:09.599461200Z . global tabfigdir "$projectdir/output/oac_tabfig/sens_analysis_2" 
2021-03-09T18:00:09.599468300Z 
2021-03-09T18:00:09.599475000Z . di "$tabfigdir"
2021-03-09T18:00:09.599481700Z /workspace/output/oac_tabfig/sens_analysis_2
2021-03-09T18:00:09.599488600Z 
2021-03-09T18:00:09.599495200Z . 
2021-03-09T18:00:09.599501800Z . adopath + "$projectdir/analysis/extra_ados"
2021-03-09T18:00:09.599508600Z   [1]  (BASE)      "/usr/local/stata/ado/base/"
2021-03-09T18:00:09.599515400Z   [2]  (SITE)      "/usr/local/ado/"
2021-03-09T18:00:09.599522100Z   [3]              "."
2021-03-09T18:00:09.599528800Z   [4]  (PERSONAL)  "~/ado/personal/"
2021-03-09T18:00:09.599535600Z   [5]  (PLUS)      "~/ado/plus/"
2021-03-09T18:00:09.599547500Z   [6]  (OLDPLACE)  "~/ado/"
2021-03-09T18:00:09.599554800Z   [7]              "/workspace/analysis/extra_ados"
2021-03-09T18:00:09.599561700Z 
2021-03-09T18:00:09.599568400Z . 
2021-03-09T18:00:09.599575200Z . * Create directories required 
2021-03-09T18:00:09.599582000Z . capture mkdir "$outdir/oac_tabfig/sens_analysis_2"
2021-03-09T18:00:09.599589000Z 
2021-03-09T18:00:09.599595700Z . capture mkdir "$outdir/oac_log/sens_analysis_2"
2021-03-09T18:00:09.599604600Z 
2021-03-09T18:00:09.599611500Z . capture mkdir "$outdir/oac_tempdata/sens_analysis_2"
2021-03-09T18:00:09.599618500Z 
2021-03-09T18:00:09.599625500Z . 
2021-03-09T18:00:09.599632300Z . * Set globals that will print in programs and direct output
2021-03-09T18:00:09.599639100Z . 
2021-03-09T18:00:09.599645800Z . global population "Obj_1_AF"
2021-03-09T18:00:09.599652600Z 
2021-03-09T18:00:09.599659200Z . global cum_death_ymax 0.1
2021-03-09T18:00:09.599666300Z 
2021-03-09T18:00:09.599673000Z . global dagvarlist i.imd                                         ///     
2021-03-09T18:00:09.599680000Z >                                   i.obese4cat                       ///
2021-03-09T18:00:09.599687100Z >                                   i.smoke_nomiss                    ///
2021-03-09T18:00:09.599694200Z >                                   i.diabcat                                  
2021-03-09T18:00:09.599701100Z >    ///
2021-03-09T18:00:09.599707800Z >                                   i.myocardial_infarct          ///
2021-03-09T18:00:09.599714700Z >                                   i.pad                                      
2021-03-09T18:00:09.599721800Z >    ///
2021-03-09T18:00:09.599728600Z >                                   i.hypertension                        ///  
2021-03-09T18:00:09.599735600Z >            
2021-03-09T18:00:09.599742400Z >                                   i.heart_failure                       ///  
2021-03-09T18:00:09.599749500Z >            
2021-03-09T18:00:09.599756300Z >                                   i.stroke_tia              ///
2021-03-09T18:00:09.599763400Z >                                   i.vte                     ///
2021-03-09T18:00:09.599770400Z >                                   i.oestrogen                           ///  
2021-03-09T18:00:09.599777300Z >    
2021-03-09T18:00:09.599784000Z >                                   i.antiplatelet            ///
2021-03-09T18:00:09.599790800Z >                                   i.flu_vaccine                         
2021-03-09T18:00:09.599797900Z 
2021-03-09T18:00:09.599811700Z . 
2021-03-09T18:00:09.599818800Z . global fullvarlist i.imd                                        ///
2021-03-09T18:00:09.599825800Z >                                    i.obese4cat                      ///
2021-03-09T18:00:09.599833700Z >                                    i.smoke_nomiss                   ///
2021-03-09T18:00:09.599840700Z >                                    i.diabcat                            ///
2021-03-09T18:00:09.599848400Z >                                    i.myocardial_infarct         ///
2021-03-09T18:00:09.599855500Z >                                    i.pad                                     
2021-03-09T18:00:09.599862500Z >    ///
2021-03-09T18:00:09.599869000Z >                                    i.hypertension                       ///  
2021-03-09T18:00:09.599876000Z >            
2021-03-09T18:00:09.599882600Z >                                    i.heart_failure                      ///  
2021-03-09T18:00:09.599889600Z >            
2021-03-09T18:00:09.599896300Z >                                    i.stroke_tia             ///
2021-03-09T18:00:09.599903300Z >                                    i.vte                    ///
2021-03-09T18:00:09.599910200Z >                                    i.oestrogen                          ///  
2021-03-09T18:00:09.599917100Z >    
2021-03-09T18:00:09.599923900Z >                                    i.antiplatelet           ///
2021-03-09T18:00:09.599930800Z >                                    i.flu_vaccine                        ///
2021-03-09T18:00:09.599937800Z >                                    i.ckd                                     
2021-03-09T18:00:09.599944700Z >    ///             
2021-03-09T18:00:09.599951500Z >                                    i.copd                   ///
2021-03-09T18:00:09.599958300Z >                                    i.other_respiratory      ///
2021-03-09T18:00:09.599965200Z >                                    i.immunodef_any                      ///
2021-03-09T18:00:09.599997000Z >                                    i.cancer                         ///
2021-03-09T18:00:09.600011600Z >                                    i.ae_attendance_last_year ///
2021-03-09T18:00:09.600019300Z >                                    i.gp_consult                         
2021-03-09T18:00:09.600026300Z 
2021-03-09T18:00:09.600033000Z . 
2021-03-09T18:00:09.600040100Z . /* SET FU DATES==============================================================
2021-03-09T18:00:09.600047300Z > =*/ 
2021-03-09T18:00:09.600054100Z . * Censoring dates for each outcome
2021-03-09T18:00:09.600061000Z . * https://github.com/opensafely/rapid-reports/blob/master/notebooks/latest-da
2021-03-09T18:00:09.600068000Z > tes.ipynb
2021-03-09T18:00:09.600089900Z . global onscoviddeathcensor      = "28/09/2020"
2021-03-09T18:00:09.600097700Z 
2021-03-09T18:00:09.600104300Z . global apcscensor               = "01/10/2020"
2021-03-09T18:00:09.600111300Z 
2021-03-09T18:00:09.600118000Z . global indexdate                            = "01/03/2020"
2021-03-09T18:00:09.600125100Z 
2021-03-09T18:00:09.600132100Z . global covidtestcensor          = "30/09/2020"
2021-03-09T18:00:09.600139100Z 
2021-03-09T18:00:09.600145700Z . 
2021-03-09T18:00:09.600152500Z end of do-file
2021-03-09T18:00:09.600159200Z 
2021-03-09T18:00:09.600165900Z . 
2021-03-09T18:00:09.600172700Z . * Open a log file
2021-03-09T18:00:09.600214300Z . 
2021-03-09T18:00:09.600221700Z . cap log close
2021-03-09T18:00:09.600228700Z 
2021-03-09T18:00:09.600235500Z . log using $logdir/11a_an_models, replace t
2021-03-09T18:00:09.600242300Z (note: file /workspace/output/oac_log/sens_analysis_2/11a_an_models.log not fou
2021-03-09T18:00:09.600249700Z > nd)
2021-03-09T18:00:09.600256900Z -------------------------------------------------------------------------------
2021-03-09T18:00:09.600264000Z       name:  <unnamed>
2021-03-09T18:00:09.600271100Z        log:  /workspace/output/oac_log/sens_analysis_2/11a_an_models.log
2021-03-09T18:00:09.600278000Z   log type:  text
2021-03-09T18:00:09.600285500Z  opened on:   9 Mar 2021, 17:59:37
2021-03-09T18:00:09.600292500Z 
2021-03-09T18:00:09.600299400Z . 
2021-03-09T18:00:09.600306100Z . /* Outcome: admitcovid=======================================================
2021-03-09T18:00:09.600313200Z > =*/
2021-03-09T18:00:09.600320100Z . 
2021-03-09T18:00:09.600326800Z . * Open Stata dataset
2021-03-09T18:00:09.600333700Z . use $tempdir/analysis_dataset_STSET_admitcovid, clear
2021-03-09T18:00:09.600340700Z 
2021-03-09T18:00:09.600347400Z . 
2021-03-09T18:00:09.600354200Z . * Create new diabetes variable, group Diabetes, no hba1c with uncontrolled di
2021-03-09T18:00:09.600361300Z > abetes
2021-03-09T18:00:09.600368200Z . clonevar diab_control = diabcat
2021-03-09T18:00:09.600375000Z 
2021-03-09T18:00:09.600381700Z . recode diab_control 4=3
2021-03-09T18:00:09.600388600Z (diab_control: 104 changes made)
2021-03-09T18:00:09.600395500Z 
2021-03-09T18:00:09.600402200Z . 
2021-03-09T18:00:09.600409100Z . * Add checks to outcome count in non-exposed group and the parameters that di
2021-03-09T18:00:09.600416200Z > d not converge
2021-03-09T18:00:09.600423000Z . safecount if admitcovid == 1 & exposure == 0 & diabcat == 4
2021-03-09T18:00:09.600438400Z   0
2021-03-09T18:00:09.600446000Z 
2021-03-09T18:00:09.600452700Z . 
2021-03-09T18:00:09.600459400Z . * DAG adjusted model (change to diab_control from main analysis)
2021-03-09T18:00:09.600466200Z . stcox i.exposure i.male age1 age2 age3 i.imd ///        
2021-03-09T18:00:09.600473200Z >                                   i.obese4cat                       ///
2021-03-09T18:00:09.600480200Z >                                   i.smoke_nomiss                    ///
2021-03-09T18:00:09.600487200Z >                                   i.diab_control                        ///
2021-03-09T18:00:09.600494500Z >                                   i.myocardial_infarct          ///
2021-03-09T18:00:09.600501500Z >                                   i.pad                                      
2021-03-09T18:00:09.600508500Z >    ///
2021-03-09T18:00:09.600515300Z >                                   i.hypertension                        ///  
2021-03-09T18:00:09.600522300Z >            
2021-03-09T18:00:09.600530600Z >                                   i.heart_failure                       ///  
2021-03-09T18:00:09.600537600Z >            
2021-03-09T18:00:09.600544200Z >                                   i.stroke_tia              ///
2021-03-09T18:00:09.600551000Z >                                   i.vte                     ///
2021-03-09T18:00:09.600557900Z >                                   i.oestrogen                           ///  
2021-03-09T18:00:09.600564800Z >    
2021-03-09T18:00:09.600571400Z >                                   i.antiplatelet            ///
2021-03-09T18:00:09.600578300Z >                                   i.flu_vaccine                         
2021-03-09T18:00:09.600585200Z 
2021-03-09T18:00:09.600591800Z          failure _d:  admitcovid
2021-03-09T18:00:09.600598500Z    analysis time _t:  (stime_admitcovid-origin)
2021-03-09T18:00:09.600605200Z              origin:  time enter_date
2021-03-09T18:00:09.600611900Z   enter on or after:  time enter_date
2021-03-09T18:00:09.600618600Z                  id:  patient_id
2021-03-09T18:00:09.600625200Z 
2021-03-09T18:00:09.600631800Z Iteration 0:   log likelihood = -2429.8519
2021-03-09T18:00:09.600638600Z Iteration 1:   log likelihood =  -2377.896
2021-03-09T18:00:09.600645300Z Iteration 2:   log likelihood = -2365.9416
2021-03-09T18:00:09.600651900Z Iteration 3:   log likelihood = -2365.7826
2021-03-09T18:00:09.600658600Z Iteration 4:   log likelihood = -2365.7823
2021-03-09T18:00:09.600665300Z Refining estimates:
2021-03-09T18:00:09.600672300Z Iteration 0:   log likelihood = -2365.7823
2021-03-09T18:00:09.600685500Z 
2021-03-09T18:00:09.600692600Z Cox regression -- Breslow method for ties
2021-03-09T18:00:09.600699400Z 
2021-03-09T18:00:09.600705900Z No. of subjects =       66,465                  Number of obs    =      66,465
2021-03-09T18:00:09.600712900Z No. of failures =          219
2021-03-09T18:00:09.600719700Z Time at risk    =   13805478.5
2021-03-09T18:00:09.600726500Z                                                 LR chi2(25)      =      128.14
2021-03-09T18:00:09.600733400Z Log likelihood  =   -2365.7823                  Prob > chi2      =      0.0000
2021-03-09T18:00:09.600740500Z 
2021-03-09T18:00:09.600747000Z ------------------------------------------------------------------------------
2021-03-09T18:00:09.600754000Z           _t | Haz. Ratio   Std. Err.      z    P>|z|     [95% Conf. Interval]
2021-03-09T18:00:09.600760900Z -------------+----------------------------------------------------------------
2021-03-09T18:00:09.600768000Z     exposure |
2021-03-09T18:00:09.600774600Z current use  |   .8475539   .1387699    -1.01   0.312      .614894    1.168246
2021-03-09T18:00:09.600781600Z       1.male |   1.789114   .6705466     1.55   0.121     .8582506    3.729598
2021-03-09T18:00:09.600788500Z         age1 |   .9926413   .0386623    -0.19   0.850     .9196847    1.071385
2021-03-09T18:00:09.600795400Z         age2 |   1.107782   .0627315     1.81   0.071     .9914081    1.237816
2021-03-09T18:00:09.600802300Z         age3 |   .7056481   .2644976    -0.93   0.352     .3384799    1.471104
2021-03-09T18:00:09.600809300Z              |
2021-03-09T18:00:09.600815900Z          imd |
2021-03-09T18:00:09.600822900Z           2  |   .8874141   .1867737    -0.57   0.570     .5874545    1.340536
2021-03-09T18:00:09.600829700Z           3  |   .7869126   .1732007    -1.09   0.276     .5111821    1.211372
2021-03-09T18:00:09.600836800Z           4  |   1.114065   .2293545     0.52   0.600     .7441703    1.667819
2021-03-09T18:00:09.600843600Z 5 most de..  |   1.152437   .2443047     0.67   0.503     .7606266    1.746076
2021-03-09T18:00:09.600850400Z              |
2021-03-09T18:00:09.600857000Z    obese4cat |
2021-03-09T18:00:09.600863700Z Obese I ..)  |   1.030263   .1980436     0.16   0.877     .7068458    1.501659
2021-03-09T18:00:09.600870500Z Obese II..)  |   1.193572   .3317349     0.64   0.524     .6922613    2.057912
2021-03-09T18:00:09.600877500Z Obese II..)  |   1.768783   .5715195     1.76   0.078     .9389423    3.332039
2021-03-09T18:00:09.600884400Z              |
2021-03-09T18:00:09.600891100Z smoke_nomiss |
2021-03-09T18:00:09.600897700Z      Former  |   1.425725   .2264144     2.23   0.026     1.044382     1.94631
2021-03-09T18:00:09.600904600Z     Current  |   2.059905   .5252577     2.83   0.005     1.249679    3.395441
2021-03-09T18:00:09.600911400Z              |
2021-03-09T18:00:09.600923800Z diab_control |
2021-03-09T18:00:09.600931000Z Controlle..  |   1.953742   .6957871     1.88   0.060     .9721393    3.926504
2021-03-09T18:00:09.600938100Z Uncontrol..  |   1.735514   .7692548     1.24   0.214     .7280125    4.137304
2021-03-09T18:00:09.600944900Z              |
2021-03-09T18:00:09.600952200Z 1.myocardi~t |    2.44312   1.012728     2.15   0.031     1.084184    5.505375
2021-03-09T18:00:09.600959200Z        1.pad |   1.162968   .8611667     0.20   0.838     .2724338    4.964487
2021-03-09T18:00:09.600966200Z 1.hyperten~n |    .947696    .295847    -0.17   0.863     .5139788    1.747402
2021-03-09T18:00:09.600973300Z 1.heart_f~re |   1.558512   .5646446     1.22   0.221     .7661648    3.170284
2021-03-09T18:00:09.601008200Z 1.stroke_tia |   1.732284   1.317536     0.72   0.470     .3901344    7.691724
2021-03-09T18:00:09.601017100Z        1.vte |    3.08077   2.364062     1.47   0.143     .6846685    13.86239
2021-03-09T18:00:09.601024300Z  1.oestrogen |   2.906254   2.121263     1.46   0.144     .6950963    12.15128
2021-03-09T18:00:09.601031300Z 1.antiplat~t |   .7993133   .2046569    -0.87   0.382     .4839212     1.32026
2021-03-09T18:00:09.601038300Z 1.flu_vac~ne |   1.104507   .1841137     0.60   0.551     .7966715    1.531292
2021-03-09T18:00:09.601045300Z ------------------------------------------------------------------------------
2021-03-09T18:00:09.601052400Z 
2021-03-09T18:00:09.601059000Z .                                   
2021-03-09T18:00:09.601066000Z . estimates save $tempdir/11a_admitcovid_multivar2, replace       
2021-03-09T18:00:09.601072900Z (note: file /workspace/output/oac_tempdata/sens_analysis_2/11a_admitcovid_multi
2021-03-09T18:00:09.601080000Z > var2.ster not found)
2021-03-09T18:00:09.601086900Z file /workspace/output/oac_tempdata/sens_analysis_2/11a_admitcovid_multivar2.st
2021-03-09T18:00:09.601094200Z > er saved
2021-03-09T18:00:09.601100900Z 
2021-03-09T18:00:09.601107500Z . 
2021-03-09T18:00:09.601114200Z . * Fully adjusted model (change to diab_control from main analysis)
2021-03-09T18:00:09.601121200Z . stcox i.exposure i.male age1 age2 age3 i.imd ///
2021-03-09T18:00:09.601128100Z >                                    i.obese4cat                      ///
2021-03-09T18:00:09.601135100Z >                                    i.smoke_nomiss                   ///
2021-03-09T18:00:09.601142000Z >                                    i.diab_control                       ///
2021-03-09T18:00:09.601149000Z >                                    i.myocardial_infarct         ///
2021-03-09T18:00:09.601156000Z >                                    i.pad                                     
2021-03-09T18:00:09.601163000Z >    ///
2021-03-09T18:00:09.601169700Z >                                    i.hypertension                       ///  
2021-03-09T18:00:09.601184600Z >            
2021-03-09T18:00:09.601191900Z >                                    i.heart_failure                      ///  
2021-03-09T18:00:09.601199000Z >            
2021-03-09T18:00:09.601205500Z >                                    i.stroke_tia             ///
2021-03-09T18:00:09.601212500Z >                                    i.vte                    ///
2021-03-09T18:00:09.601263400Z >                                    i.oestrogen                          ///  
2021-03-09T18:00:09.601271000Z >    
2021-03-09T18:00:09.601279200Z >                                    i.antiplatelet           ///
2021-03-09T18:00:09.601286400Z >                                    i.flu_vaccine                        ///
2021-03-09T18:00:09.601293400Z >                                    i.ckd                                     
2021-03-09T18:00:09.601300500Z >    ///             
2021-03-09T18:00:09.601307200Z >                                    i.copd                   ///
2021-03-09T18:00:09.601314200Z >                                    i.other_respiratory      ///
2021-03-09T18:00:09.601321000Z >                                    i.immunodef_any                      ///
2021-03-09T18:00:09.601328200Z >                                    i.cancer                         ///
2021-03-09T18:00:09.601335100Z >                                    i.ae_attendance_last_year ///
2021-03-09T18:00:09.601342200Z >                                    i.gp_consult , strata(practice_id)
2021-03-09T18:00:09.601349200Z 
2021-03-09T18:00:09.601356000Z          failure _d:  admitcovid
2021-03-09T18:00:09.601363000Z    analysis time _t:  (stime_admitcovid-origin)
2021-03-09T18:00:09.601370000Z              origin:  time enter_date
2021-03-09T18:00:09.601414100Z   enter on or after:  time enter_date
2021-03-09T18:00:09.601426300Z                  id:  patient_id
2021-03-09T18:00:09.601433300Z 
2021-03-09T18:00:09.601440000Z Iteration 0:   log likelihood = -766.74441
2021-03-09T18:00:09.601446700Z Iteration 1:   log likelihood = -733.01686
2021-03-09T18:00:09.601453700Z Iteration 2:   log likelihood = -683.90781
2021-03-09T18:00:09.601460400Z Iteration 3:   log likelihood = -682.93293
2021-03-09T18:00:09.601467200Z Iteration 4:   log likelihood = -682.93241
2021-03-09T18:00:09.601473900Z Refining estimates:
2021-03-09T18:00:09.601480700Z Iteration 0:   log likelihood = -682.93241
2021-03-09T18:00:09.601487400Z 
2021-03-09T18:00:09.601494100Z Stratified Cox regr. -- Breslow method for ties
2021-03-09T18:00:09.601500800Z 
2021-03-09T18:00:09.601507400Z No. of subjects =       66,465                  Number of obs    =      66,465
2021-03-09T18:00:09.601514300Z No. of failures =          219
2021-03-09T18:00:09.601530300Z Time at risk    =   13805478.5
2021-03-09T18:00:09.601537600Z                                                 LR chi2(32)      =      167.62
2021-03-09T18:00:09.601544600Z Log likelihood  =   -682.93241                  Prob > chi2      =      0.0000
2021-03-09T18:00:09.601552100Z 
2021-03-09T18:00:09.601559000Z ------------------------------------------------------------------------------
2021-03-09T18:00:09.601565800Z           _t | Haz. Ratio   Std. Err.      z    P>|z|     [95% Conf. Interval]
2021-03-09T18:00:09.601572900Z -------------+----------------------------------------------------------------
2021-03-09T18:00:09.601579700Z     exposure |
2021-03-09T18:00:09.601586400Z current use  |    .776109    .135021    -1.46   0.145     .5518712     1.09146
2021-03-09T18:00:09.601593200Z       1.male |   2.006602   .7753221     1.80   0.071     .9409555    4.279108
2021-03-09T18:00:09.601600000Z         age1 |   .9787529   .0394843    -0.53   0.594     .9043454    1.059282
2021-03-09T18:00:09.601606800Z         age2 |   1.104381   .0660531     1.66   0.097     .9822191    1.241736
2021-03-09T18:00:09.601614400Z         age3 |   .7494737   .2989419    -0.72   0.470      .342956    1.637851
2021-03-09T18:00:09.601621400Z              |
2021-03-09T18:00:09.601628000Z          imd |
2021-03-09T18:00:09.601634600Z           2  |   .9144269   .2133993    -0.38   0.701      .578768    1.444753
2021-03-09T18:00:09.601641500Z           3  |   .8254588   .2047731    -0.77   0.439      .507617    1.342315
2021-03-09T18:00:09.601648300Z           4  |   1.070256   .2643387     0.27   0.783     .6595576    1.736693
2021-03-09T18:00:09.601655300Z 5 most de..  |   .9644569   .2597824    -0.13   0.893     .5688614    1.635156
2021-03-09T18:00:09.601662200Z              |
2021-03-09T18:00:09.601668800Z    obese4cat |
2021-03-09T18:00:09.601675500Z Obese I ..)  |   1.025886   .2033362     0.13   0.897     .6956425    1.512905
2021-03-09T18:00:09.601682200Z Obese II..)  |   1.129926    .328858     0.42   0.675     .6387236    1.998881
2021-03-09T18:00:09.601689100Z Obese II..)  |   1.908434   .6460196     1.91   0.056     .9829672    3.705232
2021-03-09T18:00:09.601695900Z              |
2021-03-09T18:00:09.601702400Z smoke_nomiss |
2021-03-09T18:00:09.601709100Z      Former  |   1.389205   .2364979     1.93   0.053     .9950801    1.939432
2021-03-09T18:00:09.601715800Z     Current  |   1.937081   .5261893     2.43   0.015     1.137436    3.298895
2021-03-09T18:00:09.601722700Z              |
2021-03-09T18:00:09.601729300Z diab_control |
2021-03-09T18:00:09.601736000Z Controlle..  |   1.628532   .6074922     1.31   0.191     .7839207    3.383144
2021-03-09T18:00:09.601742800Z Uncontrol..  |   1.671467   .7623447     1.13   0.260     .6837081    4.086251
2021-03-09T18:00:09.601749700Z              |
2021-03-09T18:00:09.601763100Z 1.myocardi~t |   2.249652   .9823534     1.86   0.063     .9559212    5.294302
2021-03-09T18:00:09.601770700Z        1.pad |   .8003678   .6155377    -0.29   0.772      .177279    3.613449
2021-03-09T18:00:09.601777500Z 1.hyperten~n |   .8812082   .2855824    -0.39   0.696     .4668966    1.663169
2021-03-09T18:00:09.601784400Z 1.heart_f~re |   1.347171   .5085508     0.79   0.430     .6428327    2.823237
2021-03-09T18:00:09.601791100Z 1.stroke_tia |   1.440478   1.113741     0.47   0.637     .3165041    6.555925
2021-03-09T18:00:09.601798000Z        1.vte |   2.053099   1.588256     0.93   0.352     .4507432    9.351702
2021-03-09T18:00:09.601804800Z  1.oestrogen |   2.604656   2.116729     1.18   0.239     .5296674    12.80848
2021-03-09T18:00:09.601811700Z 1.antiplat~t |   .8196586   .2236631    -0.73   0.466     .4801342    1.399276
2021-03-09T18:00:09.601818700Z 1.flu_vac~ne |   1.043532   .1857089     0.24   0.811     .7362486    1.479065
2021-03-09T18:00:09.601825400Z              |
2021-03-09T18:00:09.601832100Z          ckd |
2021-03-09T18:00:09.601838600Z         CKD  |   1.561824    .264836     2.63   0.009     1.120199    2.177555
2021-03-09T18:00:09.601845600Z       1.copd |   1.648953   .3364689     2.45   0.014     1.105403    2.459779
2021-03-09T18:00:09.601852400Z 1.other_re~y |   .6244509   .2178057    -1.35   0.177     .3152122    1.237068
2021-03-09T18:00:09.601859600Z 1.immunode~y |   1.301345   .7977905     0.43   0.667     .3913475    4.327352
2021-03-09T18:00:09.601866500Z     1.cancer |   1.110527   .1992167     0.58   0.559     .7813266    1.578431
2021-03-09T18:00:09.601873400Z 1.ae_atten~r |   2.141216   .3133353     5.20   0.000     1.607311    2.852471
2021-03-09T18:00:09.601880300Z 1.gp_consult |   1.247644   .5648016     0.49   0.625     .5137553    3.029877
2021-03-09T18:00:09.601887200Z ------------------------------------------------------------------------------
2021-03-09T18:00:09.601893900Z                                                      Stratified by practice_id
2021-03-09T18:00:09.601900700Z 
2021-03-09T18:00:09.601907200Z .                                    
2021-03-09T18:00:09.601913700Z . estimates save $tempdir/11a_admitcovid_multivar3, replace
2021-03-09T18:00:09.601920400Z (note: file /workspace/output/oac_tempdata/sens_analysis_2/11a_admitcovid_multi
2021-03-09T18:00:09.601927100Z > var3.ster not found)
2021-03-09T18:00:09.601933900Z file /workspace/output/oac_tempdata/sens_analysis_2/11a_admitcovid_multivar3.st
2021-03-09T18:00:09.601940600Z > er saved
2021-03-09T18:00:09.601947100Z 
2021-03-09T18:00:09.601953700Z . 
2021-03-09T18:00:09.601960400Z . /* Outcome: onscoviddeath====================================================
2021-03-09T18:00:09.601967300Z > =*/
2021-03-09T18:00:09.601974000Z . 
2021-03-09T18:00:09.602043600Z . * Open Stata dataset
2021-03-09T18:00:09.602052300Z . use $tempdir/analysis_dataset_STSET_onscoviddeath, clear
2021-03-09T18:00:09.602059400Z 
2021-03-09T18:00:09.602066000Z . 
2021-03-09T18:00:09.602072800Z . * Create new diabetes variable, group Diabetes, no hba1c with uncontrolled di
2021-03-09T18:00:09.602079800Z > abetes
2021-03-09T18:00:09.602086500Z . clonevar diab_control = diabcat
2021-03-09T18:00:09.602093200Z 
2021-03-09T18:00:09.602099900Z . recode diab_control 4=3
2021-03-09T18:00:09.602106500Z (diab_control: 104 changes made)
2021-03-09T18:00:09.602113100Z 
2021-03-09T18:00:09.602119600Z . 
2021-03-09T18:00:09.602126100Z . * Add checks to outcome count in non-exposed group and the parameters that di
2021-03-09T18:00:09.602132900Z > d not converge
2021-03-09T18:00:09.602139600Z . safecount if onscoviddeath == 1 & exposure == 0 & diabcat == 4
2021-03-09T18:00:09.602146500Z   0
2021-03-09T18:00:09.602153000Z 
2021-03-09T18:00:09.602159500Z . 
2021-03-09T18:00:09.602166000Z . safecount if onscoviddeath == 1 & exposure == 0 & stroke_tia == 1
2021-03-09T18:00:09.602172800Z   0
2021-03-09T18:00:09.602181000Z 
2021-03-09T18:00:09.602187600Z . 
2021-03-09T18:00:09.602194100Z . safecount if onscoviddeath == 1 & exposure == 0 & oestrogen == 1
2021-03-09T18:00:09.602201000Z   0
2021-03-09T18:00:09.602207600Z 
2021-03-09T18:00:09.602214200Z . 
2021-03-09T18:00:09.602220900Z . * DAG adjusted model 
2021-03-09T18:00:09.602227700Z . * (change to diab_control, remove stroke_tia and oestrogen from main analysis
2021-03-09T18:00:09.602234600Z > )
2021-03-09T18:00:09.602241400Z . stcox i.exposure i.male age1 age2 age3 i.imd ///        
2021-03-09T18:00:09.602248300Z >                                   i.obese4cat                       ///
2021-03-09T18:00:09.602255200Z >                                   i.smoke_nomiss                    ///
2021-03-09T18:00:09.602262100Z >                                   i.diab_control                        ///
2021-03-09T18:00:09.602269100Z >                                   i.myocardial_infarct          ///
2021-03-09T18:00:09.602276000Z >                                   i.pad                                      
2021-03-09T18:00:09.602283000Z >    ///
2021-03-09T18:00:09.602289600Z >                                   i.hypertension                        ///  
2021-03-09T18:00:09.602297500Z >            
2021-03-09T18:00:09.602304200Z >                                   i.heart_failure                       ///  
2021-03-09T18:00:09.602311200Z >            
2021-03-09T18:00:09.602324700Z >                                   i.vte                     ///
2021-03-09T18:00:09.602332500Z >                                   i.antiplatelet            ///
2021-03-09T18:00:09.602339400Z >                                   i.flu_vaccine                         
2021-03-09T18:00:09.602346400Z 
2021-03-09T18:00:09.602353100Z          failure _d:  onscoviddeath
2021-03-09T18:00:09.602359900Z    analysis time _t:  (stime_onscoviddeath-origin)
2021-03-09T18:00:09.602366800Z              origin:  time enter_date
2021-03-09T18:00:09.602373600Z   enter on or after:  time enter_date
2021-03-09T18:00:09.602380400Z                  id:  patient_id
2021-03-09T18:00:09.602387100Z 
2021-03-09T18:00:09.602435800Z Iteration 0:   log likelihood = -2030.4995
2021-03-09T18:00:09.602443300Z Iteration 1:   log likelihood = -1956.4346
2021-03-09T18:00:09.602450100Z Iteration 2:   log likelihood = -1914.8977
2021-03-09T18:00:09.602457000Z Iteration 3:   log likelihood = -1912.2776
2021-03-09T18:00:09.602463900Z Iteration 4:   log likelihood =  -1912.242
2021-03-09T18:00:09.602470700Z Iteration 5:   log likelihood =  -1912.242
2021-03-09T18:00:09.602477600Z Refining estimates:
2021-03-09T18:00:09.602484400Z Iteration 0:   log likelihood =  -1912.242
2021-03-09T18:00:09.602491400Z 
2021-03-09T18:00:09.602498000Z Cox regression -- Breslow method for ties
2021-03-09T18:00:09.602504900Z 
2021-03-09T18:00:09.602511600Z No. of subjects =       66,465                  Number of obs    =      66,465
2021-03-09T18:00:09.602518500Z No. of failures =          183
2021-03-09T18:00:09.602525600Z Time at risk    =   13824875.5
2021-03-09T18:00:09.602532700Z                                                 LR chi2(23)      =      236.52
2021-03-09T18:00:09.602539500Z Log likelihood  =    -1912.242                  Prob > chi2      =      0.0000
2021-03-09T18:00:09.602546400Z 
2021-03-09T18:00:09.602553000Z ------------------------------------------------------------------------------
2021-03-09T18:00:09.602560000Z           _t | Haz. Ratio   Std. Err.      z    P>|z|     [95% Conf. Interval]
2021-03-09T18:00:09.602567100Z -------------+----------------------------------------------------------------
2021-03-09T18:00:09.602573900Z     exposure |
2021-03-09T18:00:09.602580600Z current use  |   .6951787   .1197204    -2.11   0.035     .4960284    .9742857
2021-03-09T18:00:09.602587500Z       1.male |   1.085143   .4713774     0.19   0.851     .4631606     2.54239
2021-03-09T18:00:09.602594300Z         age1 |   1.002491   .0525248     0.05   0.962     .9046539    1.110909
2021-03-09T18:00:09.602601200Z         age2 |   1.220867   .0873478     2.79   0.005      1.06113     1.40465
2021-03-09T18:00:09.602608200Z         age3 |   .3383239   .1453388    -2.52   0.012     .1457704    .7852283
2021-03-09T18:00:09.602621600Z              |
2021-03-09T18:00:09.602628800Z          imd |
2021-03-09T18:00:09.602635400Z           2  |   .9238459    .204733    -0.36   0.721     .5983636    1.426376
2021-03-09T18:00:09.602642400Z           3  |   .7213523   .1747383    -1.35   0.178     .4486987    1.159685
2021-03-09T18:00:09.602650400Z           4  |   .8630502   .2074256    -0.61   0.540      .538838    1.382337
2021-03-09T18:00:09.602657700Z 5 most de..  |   1.569224   .3418822     2.07   0.039     1.023849    2.405103
2021-03-09T18:00:09.602664600Z              |
2021-03-09T18:00:09.602671300Z    obese4cat |
2021-03-09T18:00:09.602678100Z Obese I ..)  |   .9089537   .2163217    -0.40   0.688     .5701176    1.449169
2021-03-09T18:00:09.602685200Z Obese II..)  |   1.323102   .4570795     0.81   0.418     .6722596    2.604053
2021-03-09T18:00:09.602692300Z Obese II..)  |    1.76861   .7891127     1.28   0.201     .7376425    4.240513
2021-03-09T18:00:09.602699400Z              |
2021-03-09T18:00:09.602706100Z smoke_nomiss |
2021-03-09T18:00:09.602713000Z      Former  |   1.393482   .2359469     1.96   0.050     .9999407    1.941906
2021-03-09T18:00:09.602719900Z     Current  |   1.379789   .4706166     0.94   0.345     .7071084    2.692399
2021-03-09T18:00:09.602727000Z              |
2021-03-09T18:00:09.602733700Z diab_control |
2021-03-09T18:00:09.602740600Z Controlle..  |   1.049707   .5857755     0.09   0.931     .3516138    3.133792
2021-03-09T18:00:09.602747600Z Uncontrol..  |    2.27212   1.291908     1.44   0.149     .7454956    6.924962
2021-03-09T18:00:09.602754700Z              |
2021-03-09T18:00:09.602761400Z 1.myocardi~t |   2.703994   1.508744     1.78   0.075      .905862    8.071412
2021-03-09T18:00:09.602768300Z        1.pad |   1.407251   1.458375     0.33   0.742     .1846065    10.72744
2021-03-09T18:00:09.602775200Z 1.hyperten~n |   1.008502   .3847784     0.02   0.982     .4774348    2.130294
2021-03-09T18:00:09.602782400Z 1.heart_f~re |   2.435837   1.059873     2.05   0.041     1.038189     5.71505
2021-03-09T18:00:09.602789200Z        1.vte |   3.244669   3.904686     0.98   0.328     .3067758    34.31782
2021-03-09T18:00:09.602796000Z 1.antiplat~t |    .625732   .1915342    -1.53   0.126     .3434304    1.140087
2021-03-09T18:00:09.602802900Z 1.flu_vac~ne |   1.075218   .1994194     0.39   0.696     .7475238    1.546563
2021-03-09T18:00:09.602809600Z ------------------------------------------------------------------------------
2021-03-09T18:00:09.602816500Z 
2021-03-09T18:00:09.602823000Z .                                   
2021-03-09T18:00:09.602829600Z . estimates save $tempdir/11a_onscoviddeath_multivar2, replace    
2021-03-09T18:00:09.602836300Z (note: file /workspace/output/oac_tempdata/sens_analysis_2/11a_onscoviddeath_mu
2021-03-09T18:00:09.602849400Z > ltivar2.ster not found)
2021-03-09T18:00:09.602858200Z file /workspace/output/oac_tempdata/sens_analysis_2/11a_onscoviddeath_multivar2
2021-03-09T18:00:09.602865200Z > .ster saved
2021-03-09T18:00:09.602872000Z 
2021-03-09T18:00:09.602878600Z . 
2021-03-09T18:00:09.602885100Z . * Fully adjusted model
2021-03-09T18:00:09.602891800Z . * (change to diab_control, remove stroke_tia and oestrogen from main analysis
2021-03-09T18:00:09.602898900Z > )
2021-03-09T18:00:09.602905500Z . stcox i.exposure i.male age1 age2 age3 i.imd ///
2021-03-09T18:00:09.602912300Z >                                    i.obese4cat                      ///
2021-03-09T18:00:09.602919300Z >                                    i.smoke_nomiss                   ///
2021-03-09T18:00:09.602926700Z >                                    i.diab_control                       ///
2021-03-09T18:00:09.602933800Z >                                    i.myocardial_infarct         ///
2021-03-09T18:00:09.602940700Z >                                    i.pad                                     
2021-03-09T18:00:09.602947700Z >    ///
2021-03-09T18:00:09.602954300Z >                                    i.hypertension                       ///  
2021-03-09T18:00:09.602961200Z >            
2021-03-09T18:00:09.602967700Z >                                    i.heart_failure                      ///  
2021-03-09T18:00:09.602974500Z >            
2021-03-09T18:00:09.603007400Z >                                    i.vte                    ///
2021-03-09T18:00:09.603015100Z >                                    i.antiplatelet           ///
2021-03-09T18:00:09.603022100Z >                                    i.flu_vaccine                        ///
2021-03-09T18:00:09.603029300Z >                                    i.ckd                                     
2021-03-09T18:00:09.603036500Z >    ///             
2021-03-09T18:00:09.603043400Z >                                    i.copd                   ///
2021-03-09T18:00:09.603050200Z >                                    i.other_respiratory      ///
2021-03-09T18:00:09.603057000Z >                                    i.immunodef_any                      ///
2021-03-09T18:00:09.603063900Z >                                    i.cancer                         ///
2021-03-09T18:00:09.603070800Z >                                    i.ae_attendance_last_year ///
2021-03-09T18:00:09.603077600Z >                                    i.gp_consult , strata(practice_id)
2021-03-09T18:00:09.603084400Z 
2021-03-09T18:00:09.603091000Z          failure _d:  onscoviddeath
2021-03-09T18:00:09.603097600Z    analysis time _t:  (stime_onscoviddeath-origin)
2021-03-09T18:00:09.603104400Z              origin:  time enter_date
2021-03-09T18:00:09.603120200Z   enter on or after:  time enter_date
2021-03-09T18:00:09.603127700Z                  id:  patient_id
2021-03-09T18:00:09.603134600Z 
2021-03-09T18:00:09.603141000Z Iteration 0:   log likelihood = -643.16509
2021-03-09T18:00:09.603147600Z Iteration 1:   log likelihood = -601.17744
2021-03-09T18:00:09.603154200Z Iteration 2:   log likelihood = -550.21167
2021-03-09T18:00:09.603160900Z Iteration 3:   log likelihood = -540.17132
2021-03-09T18:00:09.603167500Z Iteration 4:   log likelihood = -502.57989
2021-03-09T18:00:09.603174200Z Iteration 5:   log likelihood = -500.42283
2021-03-09T18:00:09.603181000Z Iteration 6:   log likelihood = -500.41199
2021-03-09T18:00:09.603187800Z Iteration 7:   log likelihood = -500.41199
2021-03-09T18:00:09.603194400Z Refining estimates:
2021-03-09T18:00:09.603201100Z Iteration 0:   log likelihood = -500.41199
2021-03-09T18:00:09.603207800Z 
2021-03-09T18:00:09.603214400Z Stratified Cox regr. -- Breslow method for ties
2021-03-09T18:00:09.603221400Z 
2021-03-09T18:00:09.603228100Z No. of subjects =       66,465                  Number of obs    =      66,465
2021-03-09T18:00:09.603235100Z No. of failures =          183
2021-03-09T18:00:09.603241800Z Time at risk    =   13824875.5
2021-03-09T18:00:09.603248600Z                                                 LR chi2(30)      =      285.51
2021-03-09T18:00:09.603256300Z Log likelihood  =   -500.41199                  Prob > chi2      =      0.0000
2021-03-09T18:00:09.603263600Z 
2021-03-09T18:00:09.603270200Z ------------------------------------------------------------------------------
2021-03-09T18:00:09.603277000Z           _t | Haz. Ratio   Std. Err.      z    P>|z|     [95% Conf. Interval]
2021-03-09T18:00:09.603284000Z -------------+----------------------------------------------------------------
2021-03-09T18:00:09.603290900Z     exposure |
2021-03-09T18:00:09.603297500Z current use  |   .6732057   .1285798    -2.07   0.038     .4629899    .9788679
2021-03-09T18:00:09.603304400Z       1.male |   1.018944   .4575269     0.04   0.967     .4226133     2.45673
2021-03-09T18:00:09.603311200Z         age1 |   1.006797    .055481     0.12   0.902     .9037231    1.121628
2021-03-09T18:00:09.603318200Z         age2 |   1.225121   .0937637     2.65   0.008     1.054467    1.423394
2021-03-09T18:00:09.603325100Z         age3 |   .3127408   .1456705    -2.50   0.013     .1255181    .7792249
2021-03-09T18:00:09.603332000Z              |
2021-03-09T18:00:09.603338800Z          imd |
2021-03-09T18:00:09.603345500Z           2  |   .8369696   .2124111    -0.70   0.483     .5089636    1.376362
2021-03-09T18:00:09.603352400Z           3  |   .7376408   .2082094    -1.08   0.281     .4242105    1.282651
2021-03-09T18:00:09.603365200Z           4  |    .798156   .2278772    -0.79   0.430     .4561061    1.396721
2021-03-09T18:00:09.603372700Z 5 most de..  |   1.506478   .4532247     1.36   0.173     .8353688    2.716735
2021-03-09T18:00:09.603379900Z              |
2021-03-09T18:00:09.603386400Z    obese4cat |
2021-03-09T18:00:09.603393200Z Obese I ..)  |    .875447    .219406    -0.53   0.596     .5356737    1.430736
2021-03-09T18:00:09.603400000Z Obese II..)  |   1.357465    .486272     0.85   0.394     .6726834    2.739344
2021-03-09T18:00:09.603407000Z Obese II..)  |   1.952764   .9073831     1.44   0.150      .785462    4.854832
2021-03-09T18:00:09.603413900Z              |
2021-03-09T18:00:09.603420600Z smoke_nomiss |
2021-03-09T18:00:09.603427600Z      Former  |   1.346251   .2528731     1.58   0.113     .9316237    1.945411
2021-03-09T18:00:09.603434600Z     Current  |   1.255681   .4697652     0.61   0.543     .6031632    2.614111
2021-03-09T18:00:09.603441600Z              |
2021-03-09T18:00:09.603448300Z diab_control |
2021-03-09T18:00:09.603455000Z Controlle..  |   .9179614   .5450529    -0.14   0.885     .2866891    2.939258
2021-03-09T18:00:09.603462000Z Uncontrol..  |    2.08177     1.2313     1.24   0.215      .653092    6.635765
2021-03-09T18:00:09.603468800Z              |
2021-03-09T18:00:09.603475300Z 1.myocardi~t |   2.415816   1.393138     1.53   0.126     .7801859     7.48048
2021-03-09T18:00:09.603482200Z        1.pad |   .9741061   1.034939    -0.02   0.980     .1214078    7.815662
2021-03-09T18:00:09.603488900Z 1.hyperten~n |   1.103067   .4383793     0.25   0.805     .5061961    2.403727
2021-03-09T18:00:09.603495800Z 1.heart_f~re |   2.480054   1.140841     1.97   0.048     1.006706    6.109694
2021-03-09T18:00:09.603503700Z        1.vte |   3.502226   4.325309     1.01   0.310     .3112402    39.40874
2021-03-09T18:00:09.603510800Z 1.antiplat~t |   .6666086   .2157867    -1.25   0.210     .3534516    1.257222
2021-03-09T18:00:09.603517700Z 1.flu_vac~ne |   1.157952   .2390675     0.71   0.477     .7725989    1.735511
2021-03-09T18:00:09.603524500Z              |
2021-03-09T18:00:09.603531000Z          ckd |
2021-03-09T18:00:09.603537800Z         CKD  |   1.205931   .2260579     1.00   0.318      .835142    1.741343
2021-03-09T18:00:09.603544800Z       1.copd |   1.758173   .3917478     2.53   0.011     1.136059    2.720961
2021-03-09T18:00:09.603551700Z 1.other_re~y |   1.681712    .488188     1.79   0.073      .952038    2.970632
2021-03-09T18:00:09.603558600Z 1.immunode~y |    2.23243   1.701506     1.05   0.292     .5012012      9.9436
2021-03-09T18:00:09.603565500Z     1.cancer |   1.258971   .2458356     1.18   0.238     .8586266    1.845982
2021-03-09T18:00:09.603572400Z 1.ae_atten~r |   2.382932   .3970937     5.21   0.000     1.718964    3.303365
2021-03-09T18:00:09.603579200Z 1.gp_consult |   .4322138   .1600961    -2.26   0.024     .2091248    .8932886
2021-03-09T18:00:09.603597000Z ------------------------------------------------------------------------------
2021-03-09T18:00:09.603604500Z                                                      Stratified by practice_id
2021-03-09T18:00:09.603611900Z 
2021-03-09T18:00:09.603618500Z .                                    
2021-03-09T18:00:09.603625300Z . estimates save $tempdir/11a_onscoviddeath_multivar3, replace
2021-03-09T18:00:09.603632300Z (note: file /workspace/output/oac_tempdata/sens_analysis_2/11a_onscoviddeath_mu
2021-03-09T18:00:09.603639200Z > ltivar3.ster not found)
2021-03-09T18:00:09.603647400Z file /workspace/output/oac_tempdata/sens_analysis_2/11a_onscoviddeath_multivar3
2021-03-09T18:00:09.603654200Z > .ster saved
2021-03-09T18:00:09.603660900Z 
2021-03-09T18:00:09.603667400Z . 
2021-03-09T18:00:09.603674000Z . /* Print table===============================================================
2021-03-09T18:00:09.603680700Z > =*/ 
2021-03-09T18:00:09.603687300Z . *  Print the results for the main model 
2021-03-09T18:00:09.603694000Z . 
2021-03-09T18:00:09.603700500Z . cap file close tablecontent
2021-03-09T18:00:09.603707100Z 
2021-03-09T18:00:09.603713600Z . file open tablecontent using $tabfigdir/table8.txt, write text replace
2021-03-09T18:00:09.603720400Z (note: file /workspace/output/oac_tabfig/sens_analysis_2/table8.txt not found)
2021-03-09T18:00:09.603727300Z file /workspace/output/oac_tabfig/sens_analysis_2/table8.txt could not be
2021-03-09T18:00:09.603734000Z     opened
2021-03-09T18:00:09.603740700Z r(603);
2021-03-09T18:00:09.603747400Z 
2021-03-09T18:00:09.603753900Z end of do-file
2021-03-09T18:00:09.603760600Z r(603);
2021-03-09T18:00:09.603767100Z 


state: failed
commit: 9b152eaac2b84e1c15a2bdbf32b5a568becb081c
docker_image_id: sha256:5a4bb3ecd807de29a18a01ffae01739415778f0b770cbd43d7140bb0017306f1
exit_code: 1
job_id: za73mkujh2sasvzk
run_by_user: angelwong121
created_at: 2021-03-09T17:57:58Z
started_at: 2021-03-09T17:59:37Z
completed_at: 2021-03-09T18:01:15Z

Job exited with an error code

outputs:
  output/oac_log/sens_analysis_2/11a_an_models.log                      - moderately_sensitive
  output/oac_tempdata/sens_analysis_2/11a_admitcovid_multivar2.ster     - highly_sensitive    
  output/oac_tempdata/sens_analysis_2/11a_admitcovid_multivar3.ster     - highly_sensitive    
  output/oac_tempdata/sens_analysis_2/11a_onscoviddeath_multivar2.ster  - highly_sensitive    
  output/oac_tempdata/sens_analysis_2/11a_onscoviddeath_multivar3.ster  - highly_sensitive    