-------------------------------------------------------------------------------
      name:  <unnamed>
       log:  /workspace/output/warfarin_log/sens_analysis_1/SA1_02b_cr_create_p
> opulation_onsnoncoviddeath.log
  log type:  text
 opened on:   1 Mar 2021, 21:34:59

. 
. /* Use the dataset we derived from the 02b program===========================
> ==*/ 
. 
. use $tempdir_main_analysis/analysis_dataset_`outcome', clear

. 
. noi di "PEOPLE PRESCRIBED ANTIPLATELET IN THE PAST FOUR MONTHS"
PEOPLE PRESCRIBED ANTIPLATELET IN THE PAST FOUR MONTHS

. drop if antiplatelet_date != .
(23,138 observations deleted)

. 
. /* SAVE DATA=================================================================
> =*/        
. 
. save $tempdir/analysis_dataset_`outcome', replace
(note: file /workspace/output/warfarin_tempdata/sens_analysis_1/analysis_datase
> t_onsnoncoviddeath.dta not found)
file /workspace/output/warfarin_tempdata/sens_analysis_1/analysis_dataset_onsno
> ncoviddeath.dta saved

. 
. * Save a version set on outcomes
. stset stime_`outcome', fail(`outcome') id(patient_id) enter(enter_date) origi
> n(enter_date)      

                id:  patient_id
     failure event:  onsnoncoviddeath != 0 & onsnoncoviddeath < .
obs. time interval:  (stime_onsnoncoviddeath[_n-1], stime_onsnoncoviddeath]
 enter on or after:  time enter_date
 exit on or before:  failure
    t for analysis:  (time-origin)
            origin:  time enter_date

------------------------------------------------------------------------------
    349,608  total observations
       [redacted]  observations end on or before enter()
------------------------------------------------------------------------------
    349,603  observations remaining, representing
    349,603  subjects
     13,152  failures in single-failure-per-subject data
   71688452  total analysis time at risk and under observation
                                                at risk from t =         0
                                     earliest observed entry t =         0
                                          last observed exit t =       211

. save $tempdir/analysis_dataset_STSET_`outcome', replace
(note: file /workspace/output/warfarin_tempdata/sens_analysis_1/analysis_datase
> t_STSET_onsnoncoviddeath.dta not found)
file /workspace/output/warfarin_tempdata/sens_analysis_1/analysis_dataset_STSET
> _onsnoncoviddeath.dta saved

. 
. * Close log file 
. log close
      name:  <unnamed>
       log:  /workspace/output/warfarin_log/sens_analysis_1/SA1_02b_cr_create_p
> opulation_onsnoncoviddeath.log
  log type:  text
 closed on:   1 Mar 2021, 21:35:09
-------------------------------------------------------------------------------
